<?xml version="1.0" encoding="UTF-8"?>
<coverage generated="1746972821952" clover="3.2.0">
  <project timestamp="1746972821952" name="All files">
    <metrics statements="792" coveredstatements="775" conditionals="271" coveredconditionals="250" methods="59" coveredmethods="58" elements="1122" coveredelements="1083" complexity="0" loc="792" ncloc="792" packages="5" files="13" classes="13"/>
    <package name="lib.rules">
      <metrics statements="152" coveredstatements="140" conditionals="7" coveredconditionals="6" methods="6" coveredmethods="5"/>
      <file name="DeductionRule.ts" path="/Users/honza/Documents/Programming/natural-deduction-solver/src/lib/rules/DeductionRule.ts">
        <metrics statements="152" coveredstatements="140" conditionals="6" coveredconditionals="5" methods="5" coveredmethods="4"/>
        <line num="1" count="1" type="stmt"/>
        <line num="11" count="1" type="cond" truecount="1" falsecount="0"/>
        <line num="13" count="1" type="stmt"/>
        <line num="14" count="1" type="stmt"/>
        <line num="15" count="1" type="stmt"/>
        <line num="16" count="1" type="stmt"/>
        <line num="17" count="1" type="stmt"/>
        <line num="18" count="1" type="stmt"/>
        <line num="19" count="1" type="stmt"/>
        <line num="20" count="1" type="stmt"/>
        <line num="23" count="1" type="stmt"/>
        <line num="24" count="1" type="stmt"/>
        <line num="25" count="1" type="stmt"/>
        <line num="26" count="1" type="stmt"/>
        <line num="28" count="1" type="stmt"/>
        <line num="29" count="1" type="stmt"/>
        <line num="30" count="1" type="stmt"/>
        <line num="31" count="1" type="stmt"/>
        <line num="42" count="1" type="cond" truecount="1" falsecount="0"/>
        <line num="43" count="75" type="stmt"/>
        <line num="44" count="75" type="stmt"/>
        <line num="45" count="75" type="stmt"/>
        <line num="46" count="75" type="stmt"/>
        <line num="47" count="75" type="stmt"/>
        <line num="58" count="75" type="cond" truecount="1" falsecount="0"/>
        <line num="59" count="75" type="stmt"/>
        <line num="60" count="75" type="stmt"/>
        <line num="61" count="75" type="stmt"/>
        <line num="62" count="75" type="stmt"/>
        <line num="63" count="75" type="stmt"/>
        <line num="64" count="75" type="stmt"/>
        <line num="65" count="75" type="stmt"/>
        <line num="66" count="75" type="stmt"/>
        <line num="67" count="75" type="stmt"/>
        <line num="68" count="75" type="stmt"/>
        <line num="69" count="75" type="stmt"/>
        <line num="70" count="75" type="stmt"/>
        <line num="72" count="75" type="stmt"/>
        <line num="73" count="75" type="stmt"/>
        <line num="74" count="75" type="stmt"/>
        <line num="75" count="75" type="stmt"/>
        <line num="76" count="75" type="stmt"/>
        <line num="77" count="75" type="stmt"/>
        <line num="78" count="75" type="stmt"/>
        <line num="79" count="75" type="stmt"/>
        <line num="80" count="75" type="stmt"/>
        <line num="81" count="75" type="stmt"/>
        <line num="84" count="75" type="stmt"/>
        <line num="85" count="75" type="stmt"/>
        <line num="86" count="75" type="stmt"/>
        <line num="87" count="75" type="stmt"/>
        <line num="88" count="75" type="stmt"/>
        <line num="89" count="75" type="stmt"/>
        <line num="90" count="75" type="stmt"/>
        <line num="92" count="75" type="stmt"/>
        <line num="93" count="75" type="stmt"/>
        <line num="94" count="75" type="stmt"/>
        <line num="95" count="75" type="stmt"/>
        <line num="96" count="75" type="stmt"/>
        <line num="97" count="75" type="stmt"/>
        <line num="98" count="75" type="stmt"/>
        <line num="100" count="75" type="stmt"/>
        <line num="101" count="75" type="stmt"/>
        <line num="102" count="75" type="stmt"/>
        <line num="103" count="75" type="stmt"/>
        <line num="104" count="75" type="stmt"/>
        <line num="105" count="75" type="stmt"/>
        <line num="106" count="75" type="stmt"/>
        <line num="108" count="75" type="stmt"/>
        <line num="109" count="75" type="stmt"/>
        <line num="110" count="75" type="stmt"/>
        <line num="111" count="75" type="stmt"/>
        <line num="112" count="75" type="stmt"/>
        <line num="113" count="75" type="stmt"/>
        <line num="114" count="75" type="stmt"/>
        <line num="116" count="75" type="stmt"/>
        <line num="117" count="75" type="stmt"/>
        <line num="118" count="75" type="stmt"/>
        <line num="119" count="75" type="stmt"/>
        <line num="120" count="75" type="stmt"/>
        <line num="121" count="75" type="stmt"/>
        <line num="122" count="75" type="stmt"/>
        <line num="124" count="75" type="stmt"/>
        <line num="125" count="75" type="stmt"/>
        <line num="126" count="75" type="stmt"/>
        <line num="127" count="75" type="stmt"/>
        <line num="128" count="75" type="stmt"/>
        <line num="129" count="75" type="stmt"/>
        <line num="130" count="75" type="stmt"/>
        <line num="132" count="75" type="stmt"/>
        <line num="133" count="75" type="stmt"/>
        <line num="134" count="75" type="stmt"/>
        <line num="135" count="75" type="stmt"/>
        <line num="136" count="75" type="stmt"/>
        <line num="137" count="75" type="stmt"/>
        <line num="138" count="75" type="stmt"/>
        <line num="140" count="75" type="stmt"/>
        <line num="141" count="75" type="stmt"/>
        <line num="142" count="75" type="stmt"/>
        <line num="143" count="75" type="stmt"/>
        <line num="144" count="75" type="stmt"/>
        <line num="145" count="75" type="stmt"/>
        <line num="146" count="75" type="stmt"/>
        <line num="148" count="75" type="stmt"/>
        <line num="149" count="75" type="stmt"/>
        <line num="150" count="75" type="stmt"/>
        <line num="151" count="75" type="stmt"/>
        <line num="152" count="75" type="stmt"/>
        <line num="153" count="75" type="stmt"/>
        <line num="154" count="75" type="stmt"/>
        <line num="156" count="75" type="stmt"/>
        <line num="157" count="75" type="stmt"/>
        <line num="158" count="75" type="stmt"/>
        <line num="159" count="75" type="stmt"/>
        <line num="160" count="75" type="stmt"/>
        <line num="161" count="75" type="stmt"/>
        <line num="162" count="75" type="stmt"/>
        <line num="164" count="75" type="cond" truecount="1" falsecount="0"/>
        <line num="165" count="5" type="stmt"/>
        <line num="166" count="5" type="stmt"/>
        <line num="167" count="5" type="stmt"/>
        <line num="168" count="5" type="stmt"/>
        <line num="169" count="5" type="stmt"/>
        <line num="170" count="5" type="stmt"/>
        <line num="176" count="75" type="cond" truecount="1" falsecount="0"/>
        <line num="177" count="5" type="stmt"/>
        <line num="179" count="5" type="stmt"/>
        <line num="180" count="5" type="stmt"/>
        <line num="181" count="5" type="stmt"/>
        <line num="182" count="5" type="stmt"/>
        <line num="183" count="5" type="stmt"/>
        <line num="184" count="5" type="stmt"/>
        <line num="185" count="5" type="stmt"/>
        <line num="186" count="5" type="stmt"/>
        <line num="187" count="5" type="stmt"/>
        <line num="189" count="5" type="stmt"/>
        <line num="190" count="5" type="cond" truecount="0" falsecount="1"/>
        <line num="192" count="0" type="stmt"/>
        <line num="193" count="0" type="stmt"/>
        <line num="195" count="0" type="stmt"/>
        <line num="196" count="0" type="stmt"/>
        <line num="197" count="0" type="stmt"/>
        <line num="198" count="0" type="stmt"/>
        <line num="199" count="0" type="stmt"/>
        <line num="200" count="5" type="stmt"/>
        <line num="206" count="75" type="stmt"/>
        <line num="207" count="0" type="stmt"/>
        <line num="208" count="0" type="stmt"/>
        <line num="209" count="0" type="stmt"/>
        <line num="211" count="0" type="stmt"/>
        <line num="212" count="0" type="stmt"/>
        <line num="213" count="75" type="stmt"/>
      </file>
      <file name="IRule.ts" path="/Users/honza/Documents/Programming/natural-deduction-solver/src/lib/rules/IRule.ts">
        <metrics statements="0" coveredstatements="0" conditionals="1" coveredconditionals="1" methods="1" coveredmethods="1"/>
      </file>
    </package>
    <package name="lib.solver">
      <metrics statements="80" coveredstatements="79" conditionals="15" coveredconditionals="13" methods="6" coveredmethods="6"/>
      <file name="FormulaComparer.ts" path="/Users/honza/Documents/Programming/natural-deduction-solver/src/lib/solver/FormulaComparer.ts">
        <metrics statements="22" coveredstatements="21" conditionals="9" coveredconditionals="7" methods="1" coveredmethods="1"/>
        <line num="8" count="1" type="stmt"/>
        <line num="15" count="1" type="cond" truecount="1" falsecount="0"/>
        <line num="17" count="4" type="cond" truecount="1" falsecount="0"/>
        <line num="18" count="1" type="stmt"/>
        <line num="19" count="1" type="cond" truecount="1" falsecount="0"/>
        <line num="23" count="4" type="cond" truecount="1" falsecount="0"/>
        <line num="24" count="1" type="stmt"/>
        <line num="25" count="1" type="cond" truecount="1" falsecount="0"/>
        <line num="28" count="4" type="cond" truecount="1" falsecount="1"/>
        <line num="31" count="2" type="stmt"/>
        <line num="32" count="2" type="stmt"/>
        <line num="41" count="2" type="stmt"/>
        <line num="42" count="2" type="stmt"/>
        <line num="43" count="4" type="cond" truecount="1" falsecount="0"/>
        <line num="44" count="1" type="stmt"/>
        <line num="45" count="1" type="stmt"/>
        <line num="48" count="1" type="stmt"/>
        <line num="49" count="1" type="stmt"/>
        <line num="50" count="1" type="cond" truecount="0" falsecount="1"/>
        <line num="53" count="0" type="stmt"/>
        <line num="54" count="4" type="stmt"/>
        <line num="55" count="1" type="stmt"/>
      </file>
      <file name="PrettySyntaxer.ts" path="/Users/honza/Documents/Programming/natural-deduction-solver/src/lib/solver/PrettySyntaxer.ts">
        <metrics statements="58" coveredstatements="58" conditionals="6" coveredconditionals="6" methods="5" coveredmethods="5"/>
        <line num="4" count="1" type="stmt"/>
        <line num="12" count="1" type="cond" truecount="1" falsecount="0"/>
        <line num="13" count="1" type="stmt"/>
        <line num="14" count="1" type="stmt"/>
        <line num="15" count="1" type="stmt"/>
        <line num="16" count="1" type="stmt"/>
        <line num="23" count="1" type="cond" truecount="1" falsecount="0"/>
        <line num="25" count="1" type="stmt"/>
        <line num="28" count="1" type="stmt"/>
        <line num="31" count="1" type="stmt"/>
        <line num="32" count="1" type="stmt"/>
        <line num="33" count="1" type="stmt"/>
        <line num="34" count="1" type="stmt"/>
        <line num="40" count="1" type="stmt"/>
        <line num="41" count="1" type="stmt"/>
        <line num="48" count="1" type="cond" truecount="1" falsecount="0"/>
        <line num="49" count="1" type="stmt"/>
        <line num="50" count="1" type="stmt"/>
        <line num="51" count="1" type="stmt"/>
        <line num="52" count="1" type="stmt"/>
        <line num="53" count="1" type="stmt"/>
        <line num="54" count="1" type="stmt"/>
        <line num="55" count="1" type="stmt"/>
        <line num="56" count="1" type="stmt"/>
        <line num="57" count="1" type="stmt"/>
        <line num="58" count="1" type="stmt"/>
        <line num="60" count="1" type="stmt"/>
        <line num="61" count="1" type="stmt"/>
        <line num="70" count="1" type="cond" truecount="1" falsecount="0"/>
        <line num="72" count="1" type="stmt"/>
        <line num="75" count="1" type="stmt"/>
        <line num="78" count="1" type="stmt"/>
        <line num="81" count="1" type="stmt"/>
        <line num="82" count="1" type="stmt"/>
        <line num="83" count="1" type="stmt"/>
        <line num="90" count="1" type="cond" truecount="1" falsecount="0"/>
        <line num="91" count="61" type="stmt"/>
        <line num="94" count="61" type="stmt"/>
        <line num="95" count="61" type="stmt"/>
        <line num="96" count="61" type="cond" truecount="1" falsecount="0"/>
        <line num="99" count="76" type="stmt"/>
        <line num="100" count="76" type="stmt"/>
        <line num="101" count="76" type="stmt"/>
        <line num="102" count="76" type="stmt"/>
        <line num="103" count="76" type="stmt"/>
        <line num="104" count="76" type="stmt"/>
        <line num="105" count="76" type="stmt"/>
        <line num="106" count="76" type="stmt"/>
        <line num="107" count="76" type="stmt"/>
        <line num="108" count="76" type="stmt"/>
        <line num="109" count="76" type="stmt"/>
        <line num="110" count="76" type="stmt"/>
        <line num="111" count="76" type="stmt"/>
        <line num="112" count="76" type="stmt"/>
        <line num="114" count="61" type="stmt"/>
        <line num="115" count="61" type="stmt"/>
        <line num="119" count="61" type="stmt"/>
        <line num="120" count="1" type="stmt"/>
      </file>
    </package>
    <package name="lib.solver.parsers">
      <metrics statements="44" coveredstatements="44" conditionals="7" coveredconditionals="7" methods="2" coveredmethods="2"/>
      <file name="PremiseParser.ts" path="/Users/honza/Documents/Programming/natural-deduction-solver/src/lib/solver/parsers/PremiseParser.ts">
        <metrics statements="20" coveredstatements="20" conditionals="4" coveredconditionals="4" methods="1" coveredmethods="1"/>
        <line num="1" count="1" type="stmt"/>
        <line num="10" count="1" type="stmt"/>
        <line num="16" count="1" type="cond" truecount="1" falsecount="0"/>
        <line num="18" count="3" type="stmt"/>
        <line num="19" count="3" type="stmt"/>
        <line num="20" count="3" type="stmt"/>
        <line num="21" count="3" type="stmt"/>
        <line num="24" count="3" type="cond" truecount="1" falsecount="0"/>
        <line num="25" count="1" type="stmt"/>
        <line num="26" count="1" type="cond" truecount="1" falsecount="0"/>
        <line num="29" count="2" type="stmt"/>
        <line num="32" count="2" type="stmt"/>
        <line num="33" count="2" type="stmt"/>
        <line num="36" count="3" type="cond" truecount="1" falsecount="0"/>
        <line num="39" count="1" type="stmt"/>
        <line num="42" count="1" type="stmt"/>
        <line num="43" count="1" type="stmt"/>
        <line num="45" count="1" type="stmt"/>
        <line num="46" count="3" type="stmt"/>
        <line num="47" count="1" type="stmt"/>
      </file>
      <file name="TheoremParser.ts" path="/Users/honza/Documents/Programming/natural-deduction-solver/src/lib/solver/parsers/TheoremParser.ts">
        <metrics statements="24" coveredstatements="24" conditionals="3" coveredconditionals="3" methods="1" coveredmethods="1"/>
        <line num="1" count="1" type="stmt"/>
        <line num="13" count="1" type="stmt"/>
        <line num="19" count="1" type="cond" truecount="1" falsecount="0"/>
        <line num="20" count="1" type="stmt"/>
        <line num="21" count="1" type="stmt"/>
        <line num="22" count="1" type="stmt"/>
        <line num="23" count="1" type="stmt"/>
        <line num="24" count="1" type="cond" truecount="1" falsecount="0"/>
        <line num="25" count="3" type="stmt"/>
        <line num="26" count="1" type="cond" truecount="1" falsecount="0"/>
        <line num="27" count="3" type="stmt"/>
        <line num="28" count="3" type="stmt"/>
        <line num="29" count="3" type="stmt"/>
        <line num="30" count="3" type="stmt"/>
        <line num="31" count="3" type="stmt"/>
        <line num="32" count="3" type="stmt"/>
        <line num="33" count="3" type="stmt"/>
        <line num="34" count="3" type="stmt"/>
        <line num="35" count="3" type="stmt"/>
        <line num="36" count="3" type="stmt"/>
        <line num="37" count="3" type="stmt"/>
        <line num="39" count="1" type="stmt"/>
        <line num="40" count="1" type="stmt"/>
        <line num="41" count="1" type="stmt"/>
      </file>
    </package>
    <package name="lib.syntax-checker">
      <metrics statements="465" coveredstatements="461" conditionals="227" coveredconditionals="210" methods="36" coveredmethods="36"/>
      <file name="Node.ts" path="/Users/honza/Documents/Programming/natural-deduction-solver/src/lib/syntax-checker/Node.ts">
        <metrics statements="190" coveredstatements="187" conditionals="120" coveredconditionals="106" methods="17" coveredmethods="17"/>
        <line num="1" count="1" type="stmt"/>
        <line num="13" count="1" type="cond" truecount="1" falsecount="0"/>
        <line num="14" count="636" type="stmt"/>
        <line num="15" count="636" type="stmt"/>
        <line num="16" count="636" type="stmt"/>
        <line num="36" count="636" type="cond" truecount="1" falsecount="0"/>
        <line num="37" count="636" type="stmt"/>
        <line num="38" count="636" type="stmt"/>
        <line num="39" count="636" type="stmt"/>
        <line num="40" count="636" type="stmt"/>
        <line num="46" count="636" type="cond" truecount="1" falsecount="0"/>
        <line num="47" count="14" type="stmt"/>
        <line num="48" count="14" type="stmt"/>
        <line num="54" count="636" type="cond" truecount="1" falsecount="0"/>
        <line num="55" count="2" type="stmt"/>
        <line num="56" count="2" type="stmt"/>
        <line num="64" count="636" type="cond" truecount="1" falsecount="0"/>
        <line num="65" count="3" type="cond" truecount="0" falsecount="1"/>
        <line num="67" count="3" type="cond" truecount="2" falsecount="0"/>
        <line num="68" count="3" type="cond" truecount="2" falsecount="0"/>
        <line num="70" count="3" type="cond" truecount="1" falsecount="0"/>
        <line num="71" count="2" type="stmt"/>
        <line num="72" count="2" type="stmt"/>
        <line num="73" count="3" type="stmt"/>
        <line num="78" count="636" type="cond" truecount="1" falsecount="0"/>
        <line num="79" count="1" type="stmt"/>
        <line num="80" count="1" type="stmt"/>
        <line num="87" count="636" type="cond" truecount="1" falsecount="0"/>
        <line num="89" count="58" type="cond" truecount="2" falsecount="0"/>
        <line num="92" count="58" type="cond" truecount="1" falsecount="1"/>
        <line num="95" count="58" type="cond" truecount="1" falsecount="1"/>
        <line num="98" count="58" type="cond" truecount="1" falsecount="1"/>
        <line num="101" count="58" type="cond" truecount="1" falsecount="3"/>
        <line num="104" count="58" type="cond" truecount="1" falsecount="1"/>
        <line num="105" count="48" type="stmt"/>
        <line num="106" count="58" type="stmt"/>
        <line num="107" count="58" type="stmt"/>
        <line num="114" count="636" type="cond" truecount="1" falsecount="0"/>
        <line num="116" count="79" type="cond" truecount="1" falsecount="0"/>
        <line num="117" count="32" type="cond" truecount="0" falsecount="1"/>
        <line num="118" count="32" type="cond" truecount="1" falsecount="0"/>
        <line num="121" count="79" type="cond" truecount="1" falsecount="0"/>
        <line num="122" count="16" type="cond" truecount="0" falsecount="1"/>
        <line num="123" count="16" type="cond" truecount="1" falsecount="0"/>
        <line num="126" count="31" type="cond" truecount="1" falsecount="0"/>
        <line num="129" count="31" type="stmt"/>
        <line num="130" count="79" type="cond" truecount="1" falsecount="0"/>
        <line num="131" count="17" type="stmt"/>
        <line num="133" count="79" type="cond" truecount="1" falsecount="0"/>
        <line num="134" count="4" type="stmt"/>
        <line num="136" count="79" type="cond" truecount="1" falsecount="0"/>
        <line num="137" count="5" type="stmt"/>
        <line num="139" count="79" type="cond" truecount="1" falsecount="0"/>
        <line num="140" count="2" type="stmt"/>
        <line num="142" count="79" type="cond" truecount="1" falsecount="0"/>
        <line num="143" count="1" type="stmt"/>
        <line num="145" count="79" type="cond" truecount="1" falsecount="0"/>
        <line num="146" count="1" type="stmt"/>
        <line num="148" count="79" type="cond" truecount="1" falsecount="0"/>
        <line num="149" count="1" type="stmt"/>
        <line num="150" count="1" type="stmt"/>
        <line num="152" count="79" type="cond" truecount="0" falsecount="1"/>
        <line num="153" count="0" type="stmt"/>
        <line num="154" count="79" type="stmt"/>
        <line num="155" count="79" type="stmt"/>
        <line num="161" count="636" type="cond" truecount="1" falsecount="0"/>
        <line num="163" count="57" type="stmt"/>
        <line num="164" count="57" type="cond" truecount="4" falsecount="0"/>
        <line num="165" count="2" type="stmt"/>
        <line num="166" count="2" type="cond" truecount="1" falsecount="0"/>
        <line num="169" count="55" type="cond" truecount="1" falsecount="0"/>
        <line num="173" count="55" type="cond" truecount="1" falsecount="0"/>
        <line num="174" count="20" type="cond" truecount="1" falsecount="0"/>
        <line num="175" count="20" type="cond" truecount="1" falsecount="0"/>
        <line num="176" count="19" type="cond" truecount="1" falsecount="0"/>
        <line num="177" count="19" type="cond" truecount="1" falsecount="0"/>
        <line num="178" count="19" type="stmt"/>
        <line num="179" count="57" type="cond" truecount="1" falsecount="0"/>
        <line num="180" count="36" type="stmt"/>
        <line num="181" count="36" type="cond" truecount="1" falsecount="0"/>
        <line num="184" count="57" type="cond" truecount="3" falsecount="0"/>
        <line num="185" count="9" type="stmt"/>
        <line num="186" count="9" type="stmt"/>
        <line num="188" count="9" type="stmt"/>
        <line num="189" count="57" type="stmt"/>
        <line num="195" count="636" type="cond" truecount="1" falsecount="0"/>
        <line num="197" count="70" type="cond" truecount="2" falsecount="0"/>
        <line num="198" count="12" type="stmt"/>
        <line num="199" count="12" type="cond" truecount="1" falsecount="0"/>
        <line num="202" count="58" type="cond" truecount="1" falsecount="0"/>
        <line num="203" count="58" type="stmt"/>
        <line num="204" count="70" type="stmt"/>
        <line num="210" count="636" type="cond" truecount="1" falsecount="0"/>
        <line num="211" count="115" type="cond" truecount="1" falsecount="0"/>
        <line num="212" count="85" type="cond" truecount="0" falsecount="1"/>
        <line num="213" count="85" type="cond" truecount="2" falsecount="0"/>
        <line num="216" count="30" type="stmt"/>
        <line num="217" count="78" type="cond" truecount="1" falsecount="0"/>
        <line num="218" count="29" type="stmt"/>
        <line num="219" count="29" type="cond" truecount="1" falsecount="0"/>
        <line num="222" count="115" type="cond" truecount="3" falsecount="0"/>
        <line num="223" count="1" type="stmt"/>
        <line num="224" count="1" type="cond" truecount="1" falsecount="0"/>
        <line num="226" count="30" type="cond" truecount="1" falsecount="0"/>
        <line num="227" count="58" type="cond" truecount="1" falsecount="0"/>
        <line num="228" count="30" type="stmt"/>
        <line num="230" count="30" type="stmt"/>
        <line num="231" count="115" type="stmt"/>
        <line num="236" count="636" type="cond" truecount="1" falsecount="0"/>
        <line num="237" count="1" type="stmt"/>
        <line num="238" count="1" type="stmt"/>
        <line num="239" count="1" type="stmt"/>
        <line num="240" count="1" type="stmt"/>
        <line num="242" count="636" type="cond" truecount="1" falsecount="0"/>
        <line num="243" count="10" type="cond" truecount="1" falsecount="0"/>
        <line num="244" count="1" type="stmt"/>
        <line num="245" count="1" type="cond" truecount="1" falsecount="0"/>
        <line num="247" count="10" type="cond" truecount="1" falsecount="0"/>
        <line num="248" count="1" type="cond" truecount="1" falsecount="0"/>
        <line num="249" count="1" type="cond" truecount="1" falsecount="0"/>
        <line num="251" count="10" type="cond" truecount="2" falsecount="0"/>
        <line num="252" count="2" type="cond" truecount="1" falsecount="0"/>
        <line num="253" count="2" type="cond" truecount="1" falsecount="0"/>
        <line num="255" count="10" type="cond" truecount="1" falsecount="0"/>
        <line num="256" count="1" type="stmt"/>
        <line num="257" count="1" type="cond" truecount="1" falsecount="0"/>
        <line num="259" count="10" type="cond" truecount="1" falsecount="1"/>
        <line num="262" count="10" type="cond" truecount="2" falsecount="0"/>
        <line num="263" count="10" type="stmt"/>
        <line num="270" count="636" type="cond" truecount="1" falsecount="0"/>
        <line num="271" count="10" type="cond" truecount="1" falsecount="0"/>
        <line num="272" count="1" type="stmt"/>
        <line num="273" count="1" type="cond" truecount="1" falsecount="0"/>
        <line num="275" count="9" type="stmt"/>
        <line num="278" count="10" type="cond" truecount="1" falsecount="0"/>
        <line num="282" count="5" type="cond" truecount="2" falsecount="0"/>
        <line num="283" count="4" type="stmt"/>
        <line num="284" count="4" type="cond" truecount="1" falsecount="0"/>
        <line num="286" count="1" type="stmt"/>
        <line num="287" count="1" type="cond" truecount="1" falsecount="0"/>
        <line num="290" count="4" type="stmt"/>
        <line num="291" count="10" type="cond" truecount="0" falsecount="1"/>
        <line num="292" count="0" type="stmt"/>
        <line num="293" count="0" type="cond" truecount="1" falsecount="0"/>
        <line num="295" count="4" type="stmt"/>
        <line num="296" count="4" type="stmt"/>
        <line num="298" count="4" type="stmt"/>
        <line num="300" count="10" type="cond" truecount="1" falsecount="0"/>
        <line num="301" count="1" type="stmt"/>
        <line num="302" count="1" type="stmt"/>
        <line num="303" count="1" type="stmt"/>
        <line num="304" count="1" type="cond" truecount="1" falsecount="0"/>
        <line num="306" count="3" type="stmt"/>
        <line num="307" count="3" type="stmt"/>
        <line num="308" count="3" type="stmt"/>
        <line num="310" count="3" type="stmt"/>
        <line num="311" count="10" type="stmt"/>
        <line num="319" count="636" type="cond" truecount="1" falsecount="0"/>
        <line num="320" count="4" type="stmt"/>
        <line num="321" count="4" type="stmt"/>
        <line num="322" count="4" type="stmt"/>
        <line num="324" count="4" type="cond" truecount="1" falsecount="0"/>
        <line num="325" count="30" type="stmt"/>
        <line num="327" count="30" type="cond" truecount="1" falsecount="0"/>
        <line num="328" count="30" type="cond" truecount="1" falsecount="0"/>
        <line num="330" count="30" type="cond" truecount="2" falsecount="0"/>
        <line num="331" count="2" type="stmt"/>
        <line num="332" count="2" type="stmt"/>
        <line num="333" count="30" type="cond" truecount="1" falsecount="0"/>
        <line num="334" count="28" type="stmt"/>
        <line num="335" count="28" type="stmt"/>
        <line num="336" count="30" type="stmt"/>
        <line num="338" count="4" type="stmt"/>
        <line num="340" count="4" type="stmt"/>
        <line num="341" count="4" type="stmt"/>
        <line num="347" count="636" type="cond" truecount="1" falsecount="0"/>
        <line num="348" count="1" type="stmt"/>
        <line num="349" count="1" type="stmt"/>
        <line num="355" count="636" type="cond" truecount="1" falsecount="0"/>
        <line num="356" count="5" type="stmt"/>
        <line num="358" count="5" type="cond" truecount="1" falsecount="0"/>
        <line num="359" count="3" type="stmt"/>
        <line num="360" count="3" type="stmt"/>
        <line num="361" count="3" type="cond" truecount="1" falsecount="0"/>
        <line num="363" count="2" type="cond" truecount="1" falsecount="0"/>
        <line num="364" count="4" type="cond" truecount="1" falsecount="0"/>
        <line num="365" count="2" type="stmt"/>
        <line num="367" count="2" type="stmt"/>
        <line num="368" count="5" type="stmt"/>
        <line num="369" count="636" type="stmt"/>
      </file>
      <file name="NodeType.ts" path="/Users/honza/Documents/Programming/natural-deduction-solver/src/lib/syntax-checker/NodeType.ts">
        <metrics statements="14" coveredstatements="14" conditionals="1" coveredconditionals="1" methods="0" coveredmethods="0"/>
        <line num="5" count="1" type="cond" truecount="1" falsecount="0"/>
        <line num="6" count="1" type="stmt"/>
        <line num="7" count="1" type="stmt"/>
        <line num="8" count="1" type="stmt"/>
        <line num="9" count="1" type="stmt"/>
        <line num="10" count="1" type="stmt"/>
        <line num="11" count="1" type="stmt"/>
        <line num="12" count="1" type="stmt"/>
        <line num="13" count="1" type="stmt"/>
        <line num="14" count="1" type="stmt"/>
        <line num="15" count="1" type="stmt"/>
        <line num="16" count="1" type="stmt"/>
        <line num="17" count="1" type="stmt"/>
        <line num="18" count="1" type="stmt"/>
      </file>
      <file name="Operator.ts" path="/Users/honza/Documents/Programming/natural-deduction-solver/src/lib/syntax-checker/Operator.ts">
        <metrics statements="53" coveredstatements="53" conditionals="19" coveredconditionals="19" methods="2" coveredmethods="2"/>
        <line num="5" count="1" type="cond" truecount="1" falsecount="0"/>
        <line num="6" count="1" type="stmt"/>
        <line num="7" count="1" type="stmt"/>
        <line num="8" count="1" type="stmt"/>
        <line num="9" count="1" type="stmt"/>
        <line num="10" count="1" type="stmt"/>
        <line num="11" count="1" type="stmt"/>
        <line num="12" count="1" type="stmt"/>
        <line num="13" count="1" type="stmt"/>
        <line num="14" count="1" type="stmt"/>
        <line num="15" count="1" type="stmt"/>
        <line num="16" count="1" type="stmt"/>
        <line num="17" count="1" type="stmt"/>
        <line num="25" count="1" type="cond" truecount="1" falsecount="0"/>
        <line num="26" count="12" type="stmt"/>
        <line num="27" count="12" type="cond" truecount="1" falsecount="0"/>
        <line num="28" count="2" type="stmt"/>
        <line num="29" count="12" type="cond" truecount="1" falsecount="0"/>
        <line num="30" count="2" type="stmt"/>
        <line num="31" count="12" type="cond" truecount="1" falsecount="0"/>
        <line num="32" count="1" type="stmt"/>
        <line num="33" count="12" type="cond" truecount="1" falsecount="0"/>
        <line num="34" count="1" type="stmt"/>
        <line num="35" count="12" type="cond" truecount="1" falsecount="0"/>
        <line num="36" count="2" type="stmt"/>
        <line num="37" count="12" type="cond" truecount="1" falsecount="0"/>
        <line num="38" count="1" type="stmt"/>
        <line num="39" count="12" type="cond" truecount="1" falsecount="0"/>
        <line num="40" count="1" type="stmt"/>
        <line num="41" count="12" type="cond" truecount="1" falsecount="0"/>
        <line num="42" count="2" type="stmt"/>
        <line num="43" count="12" type="stmt"/>
        <line num="44" count="12" type="stmt"/>
        <line num="46" count="1" type="cond" truecount="1" falsecount="0"/>
        <line num="47" count="13" type="stmt"/>
        <line num="48" count="13" type="cond" truecount="1" falsecount="0"/>
        <line num="49" count="2" type="stmt"/>
        <line num="50" count="13" type="cond" truecount="1" falsecount="0"/>
        <line num="51" count="2" type="stmt"/>
        <line num="52" count="13" type="cond" truecount="1" falsecount="0"/>
        <line num="53" count="1" type="stmt"/>
        <line num="54" count="13" type="cond" truecount="1" falsecount="0"/>
        <line num="55" count="1" type="stmt"/>
        <line num="56" count="13" type="cond" truecount="1" falsecount="0"/>
        <line num="57" count="2" type="stmt"/>
        <line num="58" count="13" type="cond" truecount="1" falsecount="0"/>
        <line num="59" count="1" type="stmt"/>
        <line num="60" count="13" type="cond" truecount="1" falsecount="0"/>
        <line num="61" count="1" type="stmt"/>
        <line num="62" count="13" type="cond" truecount="1" falsecount="0"/>
        <line num="63" count="3" type="stmt"/>
        <line num="64" count="13" type="stmt"/>
        <line num="65" count="13" type="stmt"/>
      </file>
      <file name="PrattParser.ts" path="/Users/honza/Documents/Programming/natural-deduction-solver/src/lib/syntax-checker/PrattParser.ts">
        <metrics statements="178" coveredstatements="177" conditionals="74" coveredconditionals="71" methods="9" coveredmethods="9"/>
        <line num="1" count="1" type="stmt"/>
        <line num="31" count="1" type="stmt"/>
        <line num="32" count="1" type="stmt"/>
        <line num="33" count="1" type="stmt"/>
        <line num="34" count="1" type="stmt"/>
        <line num="35" count="1" type="stmt"/>
        <line num="36" count="1" type="stmt"/>
        <line num="37" count="1" type="stmt"/>
        <line num="46" count="1" type="cond" truecount="1" falsecount="0"/>
        <line num="47" count="25" type="stmt"/>
        <line num="48" count="25" type="stmt"/>
        <line num="55" count="25" type="cond" truecount="1" falsecount="0"/>
        <line num="56" count="25" type="stmt"/>
        <line num="57" count="25" type="stmt"/>
        <line num="64" count="25" type="cond" truecount="1" falsecount="0"/>
        <line num="65" count="25" type="stmt"/>
        <line num="66" count="25" type="stmt"/>
        <line num="68" count="25" type="cond" truecount="1" falsecount="0"/>
        <line num="73" count="5" type="stmt"/>
        <line num="74" count="5" type="cond" truecount="1" falsecount="0"/>
        <line num="77" count="20" type="stmt"/>
        <line num="78" count="25" type="stmt"/>
        <line num="86" count="25" type="cond" truecount="1" falsecount="0"/>
        <line num="87" count="69" type="stmt"/>
        <line num="89" count="69" type="cond" truecount="2" falsecount="0"/>
        <line num="91" count="69" type="cond" truecount="2" falsecount="0"/>
        <line num="92" count="12" type="stmt"/>
        <line num="93" count="12" type="stmt"/>
        <line num="94" count="12" type="stmt"/>
        <line num="95" count="12" type="cond" truecount="1" falsecount="0"/>
        <line num="97" count="50" type="stmt"/>
        <line num="98" count="69" type="stmt"/>
        <line num="105" count="25" type="cond" truecount="1" falsecount="0"/>
        <line num="106" count="69" type="stmt"/>
        <line num="107" count="69" type="stmt"/>
        <line num="108" count="69" type="stmt"/>
        <line num="110" count="69" type="cond" truecount="2" falsecount="0"/>
        <line num="113" count="69" type="cond" truecount="1" falsecount="0"/>
        <line num="115" count="17" type="stmt"/>
        <line num="116" count="17" type="cond" truecount="1" falsecount="0"/>
        <line num="117" count="4" type="stmt"/>
        <line num="118" count="17" type="cond" truecount="1" falsecount="0"/>
        <line num="119" count="4" type="stmt"/>
        <line num="120" count="4" type="cond" truecount="1" falsecount="0"/>
        <line num="125" count="2" type="stmt"/>
        <line num="126" count="2" type="stmt"/>
        <line num="129" count="4" type="cond" truecount="1" falsecount="0"/>
        <line num="130" count="1" type="stmt"/>
        <line num="131" count="1" type="stmt"/>
        <line num="134" count="1" type="stmt"/>
        <line num="135" count="1" type="stmt"/>
        <line num="136" count="1" type="stmt"/>
        <line num="137" count="1" type="cond" truecount="1" falsecount="0"/>
        <line num="140" count="17" type="cond" truecount="1" falsecount="0"/>
        <line num="141" count="1" type="stmt"/>
        <line num="142" count="1" type="cond" truecount="1" falsecount="0"/>
        <line num="145" count="12" type="stmt"/>
        <line num="146" count="12" type="cond" truecount="1" falsecount="0"/>
        <line num="148" count="69" type="cond" truecount="1" falsecount="0"/>
        <line num="149" count="27" type="stmt"/>
        <line num="150" count="27" type="cond" truecount="1" falsecount="0"/>
        <line num="151" count="8" type="stmt"/>
        <line num="152" count="27" type="cond" truecount="1" falsecount="0"/>
        <line num="153" count="8" type="stmt"/>
        <line num="154" count="8" type="cond" truecount="1" falsecount="0"/>
        <line num="159" count="1" type="stmt"/>
        <line num="160" count="1" type="cond" truecount="1" falsecount="0"/>
        <line num="162" count="8" type="cond" truecount="1" falsecount="0"/>
        <line num="167" count="1" type="stmt"/>
        <line num="168" count="1" type="cond" truecount="1" falsecount="0"/>
        <line num="170" count="6" type="stmt"/>
        <line num="171" count="6" type="stmt"/>
        <line num="173" count="6" type="stmt"/>
        <line num="174" count="6" type="cond" truecount="1" falsecount="0"/>
        <line num="181" count="27" type="cond" truecount="1" falsecount="0"/>
        <line num="182" count="1" type="stmt"/>
        <line num="183" count="1" type="cond" truecount="1" falsecount="0"/>
        <line num="185" count="18" type="stmt"/>
        <line num="186" count="18" type="cond" truecount="1" falsecount="0"/>
        <line num="188" count="21" type="stmt"/>
        <line num="189" count="21" type="cond" truecount="1" falsecount="0"/>
        <line num="190" count="5" type="stmt"/>
        <line num="191" count="69" type="cond" truecount="1" falsecount="0"/>
        <line num="192" count="5" type="stmt"/>
        <line num="193" count="5" type="stmt"/>
        <line num="195" count="5" type="stmt"/>
        <line num="196" count="5" type="cond" truecount="1" falsecount="0"/>
        <line num="201" count="1" type="stmt"/>
        <line num="202" count="1" type="cond" truecount="1" falsecount="0"/>
        <line num="203" count="4" type="stmt"/>
        <line num="205" count="4" type="stmt"/>
        <line num="206" count="5" type="cond" truecount="1" falsecount="0"/>
        <line num="211" count="1" type="stmt"/>
        <line num="212" count="1" type="cond" truecount="1" falsecount="0"/>
        <line num="213" count="3" type="stmt"/>
        <line num="215" count="3" type="stmt"/>
        <line num="216" count="3" type="cond" truecount="1" falsecount="0"/>
        <line num="218" count="69" type="cond" truecount="1" falsecount="0"/>
        <line num="219" count="2" type="stmt"/>
        <line num="220" count="2" type="cond" truecount="1" falsecount="0"/>
        <line num="225" count="1" type="stmt"/>
        <line num="226" count="1" type="stmt"/>
        <line num="228" count="1" type="stmt"/>
        <line num="229" count="1" type="stmt"/>
        <line num="231" count="1" type="stmt"/>
        <line num="232" count="1" type="cond" truecount="2" falsecount="0"/>
        <line num="234" count="63" type="cond" truecount="1" falsecount="0"/>
        <line num="235" count="9" type="stmt"/>
        <line num="236" count="9" type="cond" truecount="1" falsecount="0"/>
        <line num="241" count="3" type="stmt"/>
        <line num="242" count="3" type="cond" truecount="1" falsecount="0"/>
        <line num="244" count="6" type="stmt"/>
        <line num="245" count="6" type="stmt"/>
        <line num="246" count="6" type="stmt"/>
        <line num="247" count="6" type="stmt"/>
        <line num="248" count="6" type="stmt"/>
        <line num="249" count="6" type="stmt"/>
        <line num="251" count="6" type="stmt"/>
        <line num="252" count="6" type="cond" truecount="2" falsecount="0"/>
        <line num="254" count="62" type="cond" truecount="1" falsecount="0"/>
        <line num="255" count="2" type="stmt"/>
        <line num="256" count="2" type="cond" truecount="1" falsecount="0"/>
        <line num="261" count="1" type="stmt"/>
        <line num="262" count="1" type="stmt"/>
        <line num="264" count="1" type="stmt"/>
        <line num="265" count="1" type="stmt"/>
        <line num="266" count="1" type="stmt"/>
        <line num="267" count="1" type="stmt"/>
        <line num="268" count="1" type="stmt"/>
        <line num="269" count="1" type="stmt"/>
        <line num="271" count="1" type="stmt"/>
        <line num="272" count="1" type="cond" truecount="1" falsecount="0"/>
        <line num="274" count="3" type="stmt"/>
        <line num="275" count="3" type="stmt"/>
        <line num="277" count="69" type="stmt"/>
        <line num="286" count="25" type="cond" truecount="1" falsecount="0"/>
        <line num="287" count="12" type="cond" truecount="0" falsecount="1"/>
        <line num="289" count="12" type="stmt"/>
        <line num="290" count="12" type="stmt"/>
        <line num="292" count="12" type="cond" truecount="1" falsecount="0"/>
        <line num="297" count="2" type="stmt"/>
        <line num="298" count="2" type="cond" truecount="1" falsecount="0"/>
        <line num="300" count="10" type="stmt"/>
        <line num="301" count="10" type="stmt"/>
        <line num="303" count="10" type="stmt"/>
        <line num="304" count="10" type="cond" truecount="0" falsecount="1"/>
        <line num="310" count="0" type="stmt"/>
        <line num="311" count="12" type="stmt"/>
        <line num="318" count="25" type="cond" truecount="1" falsecount="0"/>
        <line num="319" count="12" type="stmt"/>
        <line num="321" count="12" type="stmt"/>
        <line num="323" count="12" type="cond" truecount="1" falsecount="0"/>
        <line num="328" count="2" type="stmt"/>
        <line num="329" count="2" type="cond" truecount="1" falsecount="0"/>
        <line num="330" count="10" type="stmt"/>
        <line num="332" count="12" type="cond" truecount="1" falsecount="0"/>
        <line num="333" count="3" type="stmt"/>
        <line num="334" count="3" type="cond" truecount="1" falsecount="0"/>
        <line num="339" count="1" type="stmt"/>
        <line num="340" count="1" type="cond" truecount="1" falsecount="0"/>
        <line num="341" count="2" type="stmt"/>
        <line num="342" count="2" type="cond" truecount="1" falsecount="0"/>
        <line num="344" count="9" type="stmt"/>
        <line num="345" count="12" type="stmt"/>
        <line num="352" count="25" type="cond" truecount="1" falsecount="0"/>
        <line num="353" count="5" type="stmt"/>
        <line num="355" count="5" type="cond" truecount="2" falsecount="0"/>
        <line num="356" count="4" type="stmt"/>
        <line num="357" count="4" type="stmt"/>
        <line num="358" count="4" type="cond" truecount="1" falsecount="0"/>
        <line num="360" count="1" type="stmt"/>
        <line num="361" count="5" type="stmt"/>
        <line num="368" count="25" type="cond" truecount="1" falsecount="0"/>
        <line num="369" count="40" type="stmt"/>
        <line num="370" count="40" type="cond" truecount="0" falsecount="1"/>
        <line num="372" count="40" type="cond" truecount="3" falsecount="0"/>
        <line num="373" count="40" type="stmt"/>
        <line num="374" count="25" type="stmt"/>
      </file>
      <file name="TokenStream.ts" path="/Users/honza/Documents/Programming/natural-deduction-solver/src/lib/syntax-checker/TokenStream.ts">
        <metrics statements="30" coveredstatements="30" conditionals="13" coveredconditionals="13" methods="8" coveredmethods="8"/>
        <line num="6" count="1" type="cond" truecount="1" falsecount="0"/>
        <line num="7" count="25" type="stmt"/>
        <line num="8" count="25" type="stmt"/>
        <line num="15" count="25" type="cond" truecount="1" falsecount="0"/>
        <line num="16" count="25" type="cond" truecount="1" falsecount="0"/>
        <line num="17" count="25" type="stmt"/>
        <line num="18" count="25" type="stmt"/>
        <line num="24" count="25" type="cond" truecount="1" falsecount="0"/>
        <line num="25" count="205" type="cond" truecount="2" falsecount="0"/>
        <line num="26" count="205" type="stmt"/>
        <line num="34" count="25" type="cond" truecount="1" falsecount="0"/>
        <line num="35" count="79" type="cond" truecount="1" falsecount="0"/>
        <line num="36" count="31" type="stmt"/>
        <line num="37" count="31" type="stmt"/>
        <line num="38" count="31" type="cond" truecount="1" falsecount="0"/>
        <line num="39" count="48" type="stmt"/>
        <line num="40" count="79" type="stmt"/>
        <line num="45" count="25" type="cond" truecount="1" falsecount="0"/>
        <line num="46" count="116" type="stmt"/>
        <line num="47" count="116" type="stmt"/>
        <line num="53" count="25" type="cond" truecount="1" falsecount="0"/>
        <line num="54" count="87" type="stmt"/>
        <line num="55" count="87" type="stmt"/>
        <line num="61" count="25" type="cond" truecount="1" falsecount="0"/>
        <line num="62" count="69" type="stmt"/>
        <line num="63" count="69" type="stmt"/>
        <line num="69" count="25" type="cond" truecount="1" falsecount="0"/>
        <line num="70" count="3" type="stmt"/>
        <line num="71" count="3" type="stmt"/>
        <line num="72" count="25" type="stmt"/>
      </file>
    </package>
    <package name="prolog">
      <metrics statements="51" coveredstatements="51" conditionals="15" coveredconditionals="14" methods="9" coveredmethods="9"/>
      <file name="PrologController.ts" path="/Users/honza/Documents/Programming/natural-deduction-solver/src/prolog/PrologController.ts">
        <metrics statements="35" coveredstatements="35" conditionals="10" coveredconditionals="9" methods="5" coveredmethods="5"/>
        <line num="1" count="1" type="stmt"/>
        <line num="13" count="1" type="stmt"/>
        <line num="14" count="1" type="cond" truecount="1" falsecount="0"/>
        <line num="20" count="1" type="cond" truecount="1" falsecount="0"/>
        <line num="21" count="25" type="cond" truecount="1" falsecount="0"/>
        <line num="22" count="1" type="stmt"/>
        <line num="23" count="1" type="stmt"/>
        <line num="24" count="1" type="stmt"/>
        <line num="26" count="1" type="stmt"/>
        <line num="27" count="1" type="stmt"/>
        <line num="28" count="1" type="stmt"/>
        <line num="30" count="25" type="stmt"/>
        <line num="31" count="25" type="stmt"/>
        <line num="38" count="1" type="cond" truecount="1" falsecount="0"/>
        <line num="39" count="2" type="stmt"/>
        <line num="40" count="2" type="stmt"/>
        <line num="41" count="2" type="stmt"/>
        <line num="47" count="1" type="cond" truecount="1" falsecount="0"/>
        <line num="48" count="11" type="stmt"/>
        <line num="49" count="11" type="stmt"/>
        <line num="50" count="11" type="stmt"/>
        <line num="56" count="1" type="cond" truecount="1" falsecount="0"/>
        <line num="57" count="26" type="cond" truecount="2" falsecount="0"/>
        <line num="58" count="7" type="stmt"/>
        <line num="60" count="7" type="stmt"/>
        <line num="61" count="7" type="stmt"/>
        <line num="63" count="7" type="stmt"/>
        <line num="64" count="7" type="stmt"/>
        <line num="65" count="7" type="cond" truecount="0" falsecount="1"/>
        <line num="66" count="7" type="stmt"/>
        <line num="67" count="7" type="stmt"/>
        <line num="68" count="7" type="cond" truecount="1" falsecount="0"/>
        <line num="70" count="19" type="stmt"/>
        <line num="71" count="26" type="stmt"/>
        <line num="72" count="1" type="stmt"/>
      </file>
      <file name="PrologQueryWrapper.ts" path="/Users/honza/Documents/Programming/natural-deduction-solver/src/prolog/PrologQueryWrapper.ts">
        <metrics statements="16" coveredstatements="16" conditionals="5" coveredconditionals="5" methods="4" coveredmethods="4"/>
        <line num="7" count="1" type="cond" truecount="1" falsecount="0"/>
        <line num="8" count="11" type="stmt"/>
        <line num="15" count="11" type="cond" truecount="1" falsecount="0"/>
        <line num="16" count="11" type="stmt"/>
        <line num="17" count="11" type="stmt"/>
        <line num="22" count="11" type="cond" truecount="1" falsecount="0"/>
        <line num="23" count="10" type="stmt"/>
        <line num="24" count="10" type="cond" truecount="1" falsecount="0"/>
        <line num="25" count="14" type="stmt"/>
        <line num="26" count="14" type="stmt"/>
        <line num="28" count="10" type="stmt"/>
        <line num="29" count="10" type="stmt"/>
        <line num="34" count="11" type="cond" truecount="1" falsecount="0"/>
        <line num="35" count="1" type="stmt"/>
        <line num="36" count="1" type="stmt"/>
        <line num="37" count="11" type="stmt"/>
      </file>
    </package>
  </project>
</coverage>
