{"/Users/honza/Documents/Programming/natural-deduction-solver/src/lib/rules/DeductionRule.ts": {"path":"/Users/honza/Documents/Programming/natural-deduction-solver/src/lib/rules/DeductionRule.ts","all":false,"statementMap":{"0":{"start":{"line":1,"column":0},"end":{"line":1,"column":58}},"10":{"start":{"line":11,"column":0},"end":{"line":11,"column":20}},"12":{"start":{"line":13,"column":0},"end":{"line":13,"column":47}},"13":{"start":{"line":14,"column":0},"end":{"line":14,"column":46}},"14":{"start":{"line":15,"column":0},"end":{"line":15,"column":47}},"15":{"start":{"line":16,"column":0},"end":{"line":16,"column":46}},"16":{"start":{"line":17,"column":0},"end":{"line":17,"column":47}},"17":{"start":{"line":18,"column":0},"end":{"line":18,"column":44}},"18":{"start":{"line":19,"column":0},"end":{"line":19,"column":46}},"19":{"start":{"line":20,"column":0},"end":{"line":20,"column":45}},"22":{"start":{"line":23,"column":0},"end":{"line":23,"column":54}},"23":{"start":{"line":24,"column":0},"end":{"line":24,"column":53}},"24":{"start":{"line":25,"column":0},"end":{"line":25,"column":57}},"25":{"start":{"line":26,"column":0},"end":{"line":26,"column":56}},"27":{"start":{"line":28,"column":0},"end":{"line":28,"column":18}},"28":{"start":{"line":29,"column":0},"end":{"line":29,"column":18}},"29":{"start":{"line":30,"column":0},"end":{"line":30,"column":16}},"30":{"start":{"line":31,"column":0},"end":{"line":31,"column":18}},"41":{"start":{"line":42,"column":0},"end":{"line":42,"column":45}},"42":{"start":{"line":43,"column":0},"end":{"line":43,"column":18}},"43":{"start":{"line":44,"column":0},"end":{"line":44,"column":18}},"44":{"start":{"line":45,"column":0},"end":{"line":45,"column":22}},"45":{"start":{"line":46,"column":0},"end":{"line":46,"column":23}},"46":{"start":{"line":47,"column":0},"end":{"line":47,"column":19}},"57":{"start":{"line":58,"column":0},"end":{"line":58,"column":16}},"58":{"start":{"line":59,"column":0},"end":{"line":59,"column":22}},"59":{"start":{"line":60,"column":0},"end":{"line":60,"column":22}},"60":{"start":{"line":61,"column":0},"end":{"line":61,"column":30}},"61":{"start":{"line":62,"column":0},"end":{"line":62,"column":31}},"62":{"start":{"line":63,"column":0},"end":{"line":63,"column":28}},"63":{"start":{"line":64,"column":0},"end":{"line":64,"column":7}},"64":{"start":{"line":65,"column":0},"end":{"line":65,"column":27}},"65":{"start":{"line":66,"column":0},"end":{"line":66,"column":27}},"66":{"start":{"line":67,"column":0},"end":{"line":67,"column":35}},"67":{"start":{"line":68,"column":0},"end":{"line":68,"column":37}},"68":{"start":{"line":69,"column":0},"end":{"line":69,"column":29}},"69":{"start":{"line":70,"column":0},"end":{"line":70,"column":5}},"71":{"start":{"line":72,"column":0},"end":{"line":72,"column":60}},"72":{"start":{"line":73,"column":0},"end":{"line":73,"column":63}},"73":{"start":{"line":74,"column":0},"end":{"line":74,"column":66}},"74":{"start":{"line":75,"column":0},"end":{"line":75,"column":36}},"75":{"start":{"line":76,"column":0},"end":{"line":76,"column":20}},"76":{"start":{"line":77,"column":0},"end":{"line":77,"column":38}},"77":{"start":{"line":78,"column":0},"end":{"line":78,"column":10}},"78":{"start":{"line":79,"column":0},"end":{"line":79,"column":10}},"79":{"start":{"line":80,"column":0},"end":{"line":80,"column":48}},"80":{"start":{"line":81,"column":0},"end":{"line":81,"column":6}},"83":{"start":{"line":84,"column":0},"end":{"line":84,"column":36}},"84":{"start":{"line":85,"column":0},"end":{"line":85,"column":20}},"85":{"start":{"line":86,"column":0},"end":{"line":86,"column":37}},"86":{"start":{"line":87,"column":0},"end":{"line":87,"column":10}},"87":{"start":{"line":88,"column":0},"end":{"line":88,"column":10}},"88":{"start":{"line":89,"column":0},"end":{"line":89,"column":48}},"89":{"start":{"line":90,"column":0},"end":{"line":90,"column":6}},"91":{"start":{"line":92,"column":0},"end":{"line":92,"column":36}},"92":{"start":{"line":93,"column":0},"end":{"line":93,"column":20}},"93":{"start":{"line":94,"column":0},"end":{"line":94,"column":38}},"94":{"start":{"line":95,"column":0},"end":{"line":95,"column":79}},"95":{"start":{"line":96,"column":0},"end":{"line":96,"column":10}},"96":{"start":{"line":97,"column":0},"end":{"line":97,"column":56}},"97":{"start":{"line":98,"column":0},"end":{"line":98,"column":6}},"99":{"start":{"line":100,"column":0},"end":{"line":100,"column":36}},"100":{"start":{"line":101,"column":0},"end":{"line":101,"column":20}},"101":{"start":{"line":102,"column":0},"end":{"line":102,"column":37}},"102":{"start":{"line":103,"column":0},"end":{"line":103,"column":10}},"103":{"start":{"line":104,"column":0},"end":{"line":104,"column":10}},"104":{"start":{"line":105,"column":0},"end":{"line":105,"column":64}},"105":{"start":{"line":106,"column":0},"end":{"line":106,"column":6}},"107":{"start":{"line":108,"column":0},"end":{"line":108,"column":36}},"108":{"start":{"line":109,"column":0},"end":{"line":109,"column":20}},"109":{"start":{"line":110,"column":0},"end":{"line":110,"column":38}},"110":{"start":{"line":111,"column":0},"end":{"line":111,"column":10}},"111":{"start":{"line":112,"column":0},"end":{"line":112,"column":10}},"112":{"start":{"line":113,"column":0},"end":{"line":113,"column":48}},"113":{"start":{"line":114,"column":0},"end":{"line":114,"column":6}},"115":{"start":{"line":116,"column":0},"end":{"line":116,"column":34}},"116":{"start":{"line":117,"column":0},"end":{"line":117,"column":18}},"117":{"start":{"line":118,"column":0},"end":{"line":118,"column":23}},"118":{"start":{"line":119,"column":0},"end":{"line":119,"column":10}},"119":{"start":{"line":120,"column":0},"end":{"line":120,"column":10}},"120":{"start":{"line":121,"column":0},"end":{"line":121,"column":48}},"121":{"start":{"line":122,"column":0},"end":{"line":122,"column":6}},"123":{"start":{"line":124,"column":0},"end":{"line":124,"column":35}},"124":{"start":{"line":125,"column":0},"end":{"line":125,"column":19}},"125":{"start":{"line":126,"column":0},"end":{"line":126,"column":38}},"126":{"start":{"line":127,"column":0},"end":{"line":127,"column":10}},"127":{"start":{"line":128,"column":0},"end":{"line":128,"column":10}},"128":{"start":{"line":129,"column":0},"end":{"line":129,"column":56}},"129":{"start":{"line":130,"column":0},"end":{"line":130,"column":6}},"131":{"start":{"line":132,"column":0},"end":{"line":132,"column":35}},"132":{"start":{"line":133,"column":0},"end":{"line":133,"column":19}},"133":{"start":{"line":134,"column":0},"end":{"line":134,"column":37}},"134":{"start":{"line":135,"column":0},"end":{"line":135,"column":10}},"135":{"start":{"line":136,"column":0},"end":{"line":136,"column":10}},"136":{"start":{"line":137,"column":0},"end":{"line":137,"column":64}},"137":{"start":{"line":138,"column":0},"end":{"line":138,"column":6}},"139":{"start":{"line":140,"column":0},"end":{"line":140,"column":36}},"140":{"start":{"line":141,"column":0},"end":{"line":141,"column":20}},"141":{"start":{"line":142,"column":0},"end":{"line":142,"column":45}},"142":{"start":{"line":143,"column":0},"end":{"line":143,"column":10}},"143":{"start":{"line":144,"column":0},"end":{"line":144,"column":10}},"144":{"start":{"line":145,"column":0},"end":{"line":145,"column":49}},"145":{"start":{"line":146,"column":0},"end":{"line":146,"column":6}},"147":{"start":{"line":148,"column":0},"end":{"line":148,"column":36}},"148":{"start":{"line":149,"column":0},"end":{"line":149,"column":20}},"149":{"start":{"line":150,"column":0},"end":{"line":150,"column":44}},"150":{"start":{"line":151,"column":0},"end":{"line":151,"column":10}},"151":{"start":{"line":152,"column":0},"end":{"line":152,"column":10}},"152":{"start":{"line":153,"column":0},"end":{"line":153,"column":51}},"153":{"start":{"line":154,"column":0},"end":{"line":154,"column":6}},"155":{"start":{"line":156,"column":0},"end":{"line":156,"column":35}},"156":{"start":{"line":157,"column":0},"end":{"line":157,"column":19}},"157":{"start":{"line":158,"column":0},"end":{"line":158,"column":49}},"158":{"start":{"line":159,"column":0},"end":{"line":159,"column":10}},"159":{"start":{"line":160,"column":0},"end":{"line":160,"column":10}},"160":{"start":{"line":161,"column":0},"end":{"line":161,"column":51}},"161":{"start":{"line":162,"column":0},"end":{"line":162,"column":6}},"163":{"start":{"line":164,"column":0},"end":{"line":164,"column":35}},"164":{"start":{"line":165,"column":0},"end":{"line":165,"column":19}},"165":{"start":{"line":166,"column":0},"end":{"line":166,"column":48}},"166":{"start":{"line":167,"column":0},"end":{"line":167,"column":10}},"167":{"start":{"line":168,"column":0},"end":{"line":168,"column":10}},"168":{"start":{"line":169,"column":0},"end":{"line":169,"column":51}},"169":{"start":{"line":170,"column":0},"end":{"line":170,"column":6}},"175":{"start":{"line":176,"column":0},"end":{"line":176,"column":48}},"176":{"start":{"line":177,"column":0},"end":{"line":177,"column":27}},"178":{"start":{"line":179,"column":0},"end":{"line":179,"column":31}},"179":{"start":{"line":180,"column":0},"end":{"line":180,"column":31}},"180":{"start":{"line":181,"column":0},"end":{"line":181,"column":31}},"181":{"start":{"line":182,"column":0},"end":{"line":182,"column":31}},"182":{"start":{"line":183,"column":0},"end":{"line":183,"column":31}},"183":{"start":{"line":184,"column":0},"end":{"line":184,"column":29}},"184":{"start":{"line":185,"column":0},"end":{"line":185,"column":30}},"185":{"start":{"line":186,"column":0},"end":{"line":186,"column":30}},"186":{"start":{"line":187,"column":0},"end":{"line":187,"column":10}},"188":{"start":{"line":189,"column":0},"end":{"line":189,"column":59}},"189":{"start":{"line":190,"column":0},"end":{"line":190,"column":29}},"191":{"start":{"line":192,"column":0},"end":{"line":192,"column":16}},"192":{"start":{"line":193,"column":0},"end":{"line":193,"column":25}},"194":{"start":{"line":195,"column":0},"end":{"line":195,"column":31}},"195":{"start":{"line":196,"column":0},"end":{"line":196,"column":31}},"196":{"start":{"line":197,"column":0},"end":{"line":197,"column":30}},"197":{"start":{"line":198,"column":0},"end":{"line":198,"column":30}},"198":{"start":{"line":199,"column":0},"end":{"line":199,"column":10}},"199":{"start":{"line":200,"column":0},"end":{"line":200,"column":5}},"205":{"start":{"line":206,"column":0},"end":{"line":206,"column":57}},"206":{"start":{"line":207,"column":0},"end":{"line":207,"column":51}},"207":{"start":{"line":208,"column":0},"end":{"line":208,"column":78}},"208":{"start":{"line":209,"column":0},"end":{"line":209,"column":9}},"210":{"start":{"line":211,"column":0},"end":{"line":211,"column":97}},"211":{"start":{"line":212,"column":0},"end":{"line":212,"column":5}},"212":{"start":{"line":213,"column":0},"end":{"line":213,"column":1}}},"s":{"0":1,"10":1,"12":1,"13":1,"14":1,"15":1,"16":1,"17":1,"18":1,"19":1,"22":1,"23":1,"24":1,"25":1,"27":1,"28":1,"29":1,"30":1,"41":1,"42":75,"43":75,"44":75,"45":75,"46":75,"57":75,"58":75,"59":75,"60":75,"61":75,"62":75,"63":75,"64":75,"65":75,"66":75,"67":75,"68":75,"69":75,"71":75,"72":75,"73":75,"74":75,"75":75,"76":75,"77":75,"78":75,"79":75,"80":75,"83":75,"84":75,"85":75,"86":75,"87":75,"88":75,"89":75,"91":75,"92":75,"93":75,"94":75,"95":75,"96":75,"97":75,"99":75,"100":75,"101":75,"102":75,"103":75,"104":75,"105":75,"107":75,"108":75,"109":75,"110":75,"111":75,"112":75,"113":75,"115":75,"116":75,"117":75,"118":75,"119":75,"120":75,"121":75,"123":75,"124":75,"125":75,"126":75,"127":75,"128":75,"129":75,"131":75,"132":75,"133":75,"134":75,"135":75,"136":75,"137":75,"139":75,"140":75,"141":75,"142":75,"143":75,"144":75,"145":75,"147":75,"148":75,"149":75,"150":75,"151":75,"152":75,"153":75,"155":75,"156":75,"157":75,"158":75,"159":75,"160":75,"161":75,"163":75,"164":5,"165":5,"166":5,"167":5,"168":5,"169":5,"175":75,"176":5,"178":5,"179":5,"180":5,"181":5,"182":5,"183":5,"184":5,"185":5,"186":5,"188":5,"189":5,"191":0,"192":0,"194":0,"195":0,"196":0,"197":0,"198":0,"199":5,"205":75,"206":0,"207":0,"208":0,"210":0,"211":0,"212":75},"branchMap":{"0":{"type":"branch","line":11,"loc":{"start":{"line":11,"column":7},"end":{"line":11,"column":20}},"locations":[{"start":{"line":11,"column":7},"end":{"line":11,"column":20}}]},"1":{"type":"branch","line":42,"loc":{"start":{"line":42,"column":7},"end":{"line":213,"column":1}},"locations":[{"start":{"line":42,"column":7},"end":{"line":213,"column":1}}]},"2":{"type":"branch","line":58,"loc":{"start":{"line":58,"column":4},"end":{"line":70,"column":5}},"locations":[{"start":{"line":58,"column":4},"end":{"line":70,"column":5}}]},"3":{"type":"branch","line":164,"loc":{"start":{"line":164,"column":4},"end":{"line":170,"column":6}},"locations":[{"start":{"line":164,"column":4},"end":{"line":170,"column":6}}]},"4":{"type":"branch","line":176,"loc":{"start":{"line":176,"column":4},"end":{"line":200,"column":5}},"locations":[{"start":{"line":176,"column":4},"end":{"line":200,"column":5}}]},"5":{"type":"branch","line":190,"loc":{"start":{"line":190,"column":19},"end":{"line":199,"column":10}},"locations":[{"start":{"line":190,"column":19},"end":{"line":199,"column":10}}]}},"b":{"0":[5],"1":[75],"2":[75],"3":[5],"4":[5],"5":[0]},"fnMap":{"0":{"name":"<instance_members_initializer>","decl":{"start":{"line":42,"column":7},"end":{"line":213,"column":1}},"loc":{"start":{"line":42,"column":7},"end":{"line":213,"column":1}},"line":42},"1":{"name":"DeductionRule","decl":{"start":{"line":58,"column":4},"end":{"line":70,"column":5}},"loc":{"start":{"line":58,"column":4},"end":{"line":70,"column":5}},"line":58},"2":{"name":"<static_initializer>","decl":{"start":{"line":164,"column":4},"end":{"line":170,"column":6}},"loc":{"start":{"line":164,"column":4},"end":{"line":170,"column":6}},"line":164},"3":{"name":"get rules","decl":{"start":{"line":176,"column":4},"end":{"line":200,"column":5}},"loc":{"start":{"line":176,"column":4},"end":{"line":200,"column":5}},"line":176},"4":{"name":"getRule","decl":{"start":{"line":206,"column":18},"end":{"line":212,"column":5}},"loc":{"start":{"line":206,"column":18},"end":{"line":212,"column":5}},"line":206}},"f":{"0":75,"1":75,"2":5,"3":5,"4":0}}
,"/Users/honza/Documents/Programming/natural-deduction-solver/src/lib/rules/IRule.ts": {"path":"/Users/honza/Documents/Programming/natural-deduction-solver/src/lib/rules/IRule.ts","all":true,"statementMap":{},"s":{},"branchMap":{"0":{"type":"branch","line":1,"loc":{"start":{"line":1,"column":132},"end":{"line":8,"column":1}},"locations":[{"start":{"line":1,"column":132},"end":{"line":8,"column":1}}]}},"b":{"0":[1]},"fnMap":{"0":{"name":"(empty-report)","decl":{"start":{"line":1,"column":132},"end":{"line":8,"column":1}},"loc":{"start":{"line":1,"column":132},"end":{"line":8,"column":1}},"line":1}},"f":{"0":1}}
,"/Users/honza/Documents/Programming/natural-deduction-solver/src/lib/solver/FormulaComparer.ts": {"path":"/Users/honza/Documents/Programming/natural-deduction-solver/src/lib/solver/FormulaComparer.ts","all":false,"statementMap":{"7":{"start":{"line":8,"column":0},"end":{"line":8,"column":30}},"14":{"start":{"line":15,"column":0},"end":{"line":15,"column":91}},"16":{"start":{"line":17,"column":0},"end":{"line":17,"column":36}},"17":{"start":{"line":18,"column":0},"end":{"line":18,"column":24}},"18":{"start":{"line":19,"column":0},"end":{"line":19,"column":9}},"22":{"start":{"line":23,"column":0},"end":{"line":23,"column":75}},"23":{"start":{"line":24,"column":0},"end":{"line":24,"column":24}},"24":{"start":{"line":25,"column":0},"end":{"line":25,"column":9}},"27":{"start":{"line":28,"column":0},"end":{"line":28,"column":47}},"30":{"start":{"line":31,"column":0},"end":{"line":31,"column":41}},"31":{"start":{"line":32,"column":0},"end":{"line":32,"column":41}},"40":{"start":{"line":41,"column":0},"end":{"line":41,"column":59}},"41":{"start":{"line":42,"column":0},"end":{"line":42,"column":59}},"42":{"start":{"line":43,"column":0},"end":{"line":43,"column":38}},"43":{"start":{"line":44,"column":0},"end":{"line":44,"column":25}},"44":{"start":{"line":45,"column":0},"end":{"line":45,"column":9}},"47":{"start":{"line":48,"column":0},"end":{"line":48,"column":34}},"48":{"start":{"line":49,"column":0},"end":{"line":49,"column":24}},"49":{"start":{"line":50,"column":0},"end":{"line":50,"column":9}},"52":{"start":{"line":53,"column":0},"end":{"line":53,"column":21}},"53":{"start":{"line":54,"column":0},"end":{"line":54,"column":5}},"54":{"start":{"line":55,"column":0},"end":{"line":55,"column":1}}},"s":{"7":1,"14":1,"16":4,"17":1,"18":1,"22":4,"23":1,"24":1,"27":4,"30":2,"31":2,"40":2,"41":2,"42":4,"43":1,"44":1,"47":1,"48":1,"49":1,"52":0,"53":4,"54":1},"branchMap":{"0":{"type":"branch","line":15,"loc":{"start":{"line":15,"column":18},"end":{"line":54,"column":5}},"locations":[{"start":{"line":15,"column":18},"end":{"line":54,"column":5}}]},"1":{"type":"branch","line":17,"loc":{"start":{"line":17,"column":35},"end":{"line":19,"column":9}},"locations":[{"start":{"line":17,"column":35},"end":{"line":19,"column":9}}]},"2":{"type":"branch","line":19,"loc":{"start":{"line":19,"column":8},"end":{"line":23,"column":74}},"locations":[{"start":{"line":19,"column":8},"end":{"line":23,"column":74}}]},"3":{"type":"branch","line":23,"loc":{"start":{"line":23,"column":74},"end":{"line":25,"column":9}},"locations":[{"start":{"line":23,"column":74},"end":{"line":25,"column":9}}]},"4":{"type":"branch","line":25,"loc":{"start":{"line":25,"column":8},"end":{"line":28,"column":34}},"locations":[{"start":{"line":25,"column":8},"end":{"line":28,"column":34}}]},"5":{"type":"branch","line":28,"loc":{"start":{"line":28,"column":34},"end":{"line":28,"column":47}},"locations":[{"start":{"line":28,"column":34},"end":{"line":28,"column":47}}]},"6":{"type":"branch","line":28,"loc":{"start":{"line":28,"column":41},"end":{"line":43,"column":37}},"locations":[{"start":{"line":28,"column":41},"end":{"line":43,"column":37}}]},"7":{"type":"branch","line":43,"loc":{"start":{"line":43,"column":37},"end":{"line":50,"column":9}},"locations":[{"start":{"line":43,"column":37},"end":{"line":50,"column":9}}]},"8":{"type":"branch","line":50,"loc":{"start":{"line":50,"column":8},"end":{"line":53,"column":21}},"locations":[{"start":{"line":50,"column":8},"end":{"line":53,"column":21}}]}},"b":{"0":[4],"1":[1],"2":[3],"3":[1],"4":[2],"5":[0],"6":[2],"7":[1],"8":[0]},"fnMap":{"0":{"name":"compare","decl":{"start":{"line":15,"column":18},"end":{"line":54,"column":5}},"loc":{"start":{"line":15,"column":18},"end":{"line":54,"column":5}},"line":15}},"f":{"0":4}}
,"/Users/honza/Documents/Programming/natural-deduction-solver/src/lib/solver/PrettySyntaxer.ts": {"path":"/Users/honza/Documents/Programming/natural-deduction-solver/src/lib/solver/PrettySyntaxer.ts","all":false,"statementMap":{"3":{"start":{"line":4,"column":0},"end":{"line":4,"column":29}},"11":{"start":{"line":12,"column":0},"end":{"line":12,"column":44}},"12":{"start":{"line":13,"column":0},"end":{"line":13,"column":50}},"13":{"start":{"line":14,"column":0},"end":{"line":14,"column":43}},"14":{"start":{"line":15,"column":0},"end":{"line":15,"column":17}},"15":{"start":{"line":16,"column":0},"end":{"line":16,"column":5}},"22":{"start":{"line":23,"column":0},"end":{"line":23,"column":52}},"24":{"start":{"line":25,"column":0},"end":{"line":25,"column":21}},"27":{"start":{"line":28,"column":0},"end":{"line":28,"column":39}},"30":{"start":{"line":31,"column":0},"end":{"line":31,"column":41}},"31":{"start":{"line":32,"column":0},"end":{"line":32,"column":41}},"32":{"start":{"line":33,"column":0},"end":{"line":33,"column":41}},"33":{"start":{"line":34,"column":0},"end":{"line":34,"column":41}},"39":{"start":{"line":40,"column":0},"end":{"line":40,"column":17}},"40":{"start":{"line":41,"column":0},"end":{"line":41,"column":5}},"47":{"start":{"line":48,"column":0},"end":{"line":48,"column":59}},"48":{"start":{"line":49,"column":0},"end":{"line":49,"column":33}},"49":{"start":{"line":50,"column":0},"end":{"line":50,"column":34}},"50":{"start":{"line":51,"column":0},"end":{"line":51,"column":34}},"51":{"start":{"line":52,"column":0},"end":{"line":52,"column":34}},"52":{"start":{"line":53,"column":0},"end":{"line":53,"column":35}},"53":{"start":{"line":54,"column":0},"end":{"line":54,"column":33}},"54":{"start":{"line":55,"column":0},"end":{"line":55,"column":33}},"55":{"start":{"line":56,"column":0},"end":{"line":56,"column":33}},"56":{"start":{"line":57,"column":0},"end":{"line":57,"column":33}},"57":{"start":{"line":58,"column":0},"end":{"line":58,"column":34}},"59":{"start":{"line":60,"column":0},"end":{"line":60,"column":17}},"60":{"start":{"line":61,"column":0},"end":{"line":61,"column":5}},"69":{"start":{"line":70,"column":0},"end":{"line":70,"column":50}},"71":{"start":{"line":72,"column":0},"end":{"line":72,"column":21}},"74":{"start":{"line":75,"column":0},"end":{"line":75,"column":28}},"77":{"start":{"line":78,"column":0},"end":{"line":78,"column":35}},"80":{"start":{"line":81,"column":0},"end":{"line":81,"column":39}},"81":{"start":{"line":82,"column":0},"end":{"line":82,"column":17}},"82":{"start":{"line":83,"column":0},"end":{"line":83,"column":5}},"89":{"start":{"line":90,"column":0},"end":{"line":90,"column":47}},"90":{"start":{"line":91,"column":0},"end":{"line":91,"column":16}},"93":{"start":{"line":94,"column":0},"end":{"line":94,"column":23}},"94":{"start":{"line":95,"column":0},"end":{"line":95,"column":66}},"95":{"start":{"line":96,"column":0},"end":{"line":96,"column":34}},"98":{"start":{"line":99,"column":0},"end":{"line":99,"column":38}},"99":{"start":{"line":100,"column":0},"end":{"line":100,"column":64}},"100":{"start":{"line":101,"column":0},"end":{"line":101,"column":64}},"101":{"start":{"line":102,"column":0},"end":{"line":102,"column":64}},"102":{"start":{"line":103,"column":0},"end":{"line":103,"column":64}},"103":{"start":{"line":104,"column":0},"end":{"line":104,"column":64}},"104":{"start":{"line":105,"column":0},"end":{"line":105,"column":64}},"105":{"start":{"line":106,"column":0},"end":{"line":106,"column":64}},"106":{"start":{"line":107,"column":0},"end":{"line":107,"column":64}},"107":{"start":{"line":108,"column":0},"end":{"line":108,"column":64}},"108":{"start":{"line":109,"column":0},"end":{"line":109,"column":55}},"109":{"start":{"line":110,"column":0},"end":{"line":110,"column":82}},"110":{"start":{"line":111,"column":0},"end":{"line":111,"column":82}},"111":{"start":{"line":112,"column":0},"end":{"line":112,"column":79}},"113":{"start":{"line":114,"column":0},"end":{"line":114,"column":32}},"114":{"start":{"line":115,"column":0},"end":{"line":115,"column":30}},"118":{"start":{"line":119,"column":0},"end":{"line":119,"column":5}},"119":{"start":{"line":120,"column":0},"end":{"line":120,"column":1}}},"s":{"3":1,"11":1,"12":1,"13":1,"14":1,"15":1,"22":1,"24":1,"27":1,"30":1,"31":1,"32":1,"33":1,"39":1,"40":1,"47":1,"48":1,"49":1,"50":1,"51":1,"52":1,"53":1,"54":1,"55":1,"56":1,"57":1,"59":1,"60":1,"69":1,"71":1,"74":1,"77":1,"80":1,"81":1,"82":1,"89":1,"90":61,"93":61,"94":61,"95":61,"98":76,"99":76,"100":76,"101":76,"102":76,"103":76,"104":76,"105":76,"106":76,"107":76,"108":76,"109":76,"110":76,"111":76,"113":61,"114":61,"118":61,"119":1},"branchMap":{"0":{"type":"branch","line":12,"loc":{"start":{"line":12,"column":18},"end":{"line":16,"column":5}},"locations":[{"start":{"line":12,"column":18},"end":{"line":16,"column":5}}]},"1":{"type":"branch","line":23,"loc":{"start":{"line":23,"column":19},"end":{"line":41,"column":5}},"locations":[{"start":{"line":23,"column":19},"end":{"line":41,"column":5}}]},"2":{"type":"branch","line":48,"loc":{"start":{"line":48,"column":19},"end":{"line":61,"column":5}},"locations":[{"start":{"line":48,"column":19},"end":{"line":61,"column":5}}]},"3":{"type":"branch","line":70,"loc":{"start":{"line":70,"column":18},"end":{"line":83,"column":5}},"locations":[{"start":{"line":70,"column":18},"end":{"line":83,"column":5}}]},"4":{"type":"branch","line":90,"loc":{"start":{"line":90,"column":18},"end":{"line":119,"column":5}},"locations":[{"start":{"line":90,"column":18},"end":{"line":119,"column":5}}]},"5":{"type":"branch","line":96,"loc":{"start":{"line":96,"column":25},"end":{"line":112,"column":79}},"locations":[{"start":{"line":96,"column":25},"end":{"line":112,"column":79}}]}},"b":{"0":[1],"1":[1],"2":[1],"3":[1],"4":[61],"5":[76]},"fnMap":{"0":{"name":"clean","decl":{"start":{"line":12,"column":18},"end":{"line":16,"column":5}},"loc":{"start":{"line":12,"column":18},"end":{"line":16,"column":5}},"line":12},"1":{"name":"prettyString","decl":{"start":{"line":23,"column":19},"end":{"line":41,"column":5}},"loc":{"start":{"line":23,"column":19},"end":{"line":41,"column":5}},"line":23},"2":{"name":"replaceAlternatives","decl":{"start":{"line":48,"column":19},"end":{"line":61,"column":5}},"loc":{"start":{"line":48,"column":19},"end":{"line":61,"column":5}},"line":48},"3":{"name":"cleanupRule","decl":{"start":{"line":70,"column":18},"end":{"line":83,"column":5}},"loc":{"start":{"line":70,"column":18},"end":{"line":83,"column":5}},"line":70},"4":{"name":"toMathML","decl":{"start":{"line":90,"column":18},"end":{"line":119,"column":5}},"loc":{"start":{"line":90,"column":18},"end":{"line":119,"column":5}},"line":90}},"f":{"0":1,"1":1,"2":1,"3":1,"4":61}}
,"/Users/honza/Documents/Programming/natural-deduction-solver/src/lib/solver/parsers/PremiseParser.ts": {"path":"/Users/honza/Documents/Programming/natural-deduction-solver/src/lib/solver/parsers/PremiseParser.ts","all":false,"statementMap":{"0":{"start":{"line":1,"column":0},"end":{"line":1,"column":63}},"9":{"start":{"line":10,"column":0},"end":{"line":10,"column":28}},"15":{"start":{"line":16,"column":0},"end":{"line":16,"column":60}},"17":{"start":{"line":18,"column":0},"end":{"line":18,"column":39}},"18":{"start":{"line":19,"column":0},"end":{"line":19,"column":23}},"19":{"start":{"line":20,"column":0},"end":{"line":20,"column":27}},"20":{"start":{"line":21,"column":0},"end":{"line":21,"column":10}},"23":{"start":{"line":24,"column":0},"end":{"line":24,"column":29}},"24":{"start":{"line":25,"column":0},"end":{"line":25,"column":23}},"25":{"start":{"line":26,"column":0},"end":{"line":26,"column":9}},"28":{"start":{"line":29,"column":0},"end":{"line":29,"column":45}},"31":{"start":{"line":32,"column":0},"end":{"line":32,"column":53}},"32":{"start":{"line":33,"column":0},"end":{"line":33,"column":40}},"35":{"start":{"line":36,"column":0},"end":{"line":36,"column":29}},"38":{"start":{"line":39,"column":0},"end":{"line":39,"column":51}},"41":{"start":{"line":42,"column":0},"end":{"line":42,"column":24}},"42":{"start":{"line":43,"column":0},"end":{"line":43,"column":46}},"44":{"start":{"line":45,"column":0},"end":{"line":45,"column":19}},"45":{"start":{"line":46,"column":0},"end":{"line":46,"column":5}},"46":{"start":{"line":47,"column":0},"end":{"line":47,"column":1}}},"s":{"0":1,"9":1,"15":1,"17":3,"18":3,"19":3,"20":3,"23":3,"24":1,"25":1,"28":2,"31":2,"32":2,"35":3,"38":1,"41":1,"42":1,"44":1,"45":3,"46":1},"branchMap":{"0":{"type":"branch","line":16,"loc":{"start":{"line":16,"column":11},"end":{"line":46,"column":5}},"locations":[{"start":{"line":16,"column":11},"end":{"line":46,"column":5}}]},"1":{"type":"branch","line":24,"loc":{"start":{"line":24,"column":28},"end":{"line":26,"column":9}},"locations":[{"start":{"line":24,"column":28},"end":{"line":26,"column":9}}]},"2":{"type":"branch","line":26,"loc":{"start":{"line":26,"column":8},"end":{"line":36,"column":25}},"locations":[{"start":{"line":26,"column":8},"end":{"line":36,"column":25}}]},"3":{"type":"branch","line":36,"loc":{"start":{"line":36,"column":18},"end":{"line":45,"column":19}},"locations":[{"start":{"line":36,"column":18},"end":{"line":45,"column":19}}]}},"b":{"0":[3],"1":[1],"2":[2],"3":[1]},"fnMap":{"0":{"name":"parsePremise","decl":{"start":{"line":16,"column":11},"end":{"line":46,"column":5}},"loc":{"start":{"line":16,"column":11},"end":{"line":46,"column":5}},"line":16}},"f":{"0":3}}
,"/Users/honza/Documents/Programming/natural-deduction-solver/src/lib/solver/parsers/TheoremParser.ts": {"path":"/Users/honza/Documents/Programming/natural-deduction-solver/src/lib/solver/parsers/TheoremParser.ts","all":false,"statementMap":{"0":{"start":{"line":1,"column":0},"end":{"line":1,"column":49}},"12":{"start":{"line":13,"column":0},"end":{"line":13,"column":28}},"18":{"start":{"line":19,"column":0},"end":{"line":19,"column":64}},"19":{"start":{"line":20,"column":0},"end":{"line":20,"column":40}},"20":{"start":{"line":21,"column":0},"end":{"line":21,"column":29}},"21":{"start":{"line":22,"column":0},"end":{"line":22,"column":30}},"22":{"start":{"line":23,"column":0},"end":{"line":23,"column":11}},"23":{"start":{"line":24,"column":0},"end":{"line":24,"column":51}},"24":{"start":{"line":25,"column":0},"end":{"line":25,"column":44}},"25":{"start":{"line":26,"column":0},"end":{"line":26,"column":7}},"26":{"start":{"line":27,"column":0},"end":{"line":27,"column":67}},"27":{"start":{"line":28,"column":0},"end":{"line":28,"column":31}},"28":{"start":{"line":29,"column":0},"end":{"line":29,"column":18}},"29":{"start":{"line":30,"column":0},"end":{"line":30,"column":9}},"30":{"start":{"line":31,"column":0},"end":{"line":31,"column":25}},"31":{"start":{"line":32,"column":0},"end":{"line":32,"column":68}},"32":{"start":{"line":33,"column":0},"end":{"line":33,"column":10}},"33":{"start":{"line":34,"column":0},"end":{"line":34,"column":20}},"34":{"start":{"line":35,"column":0},"end":{"line":35,"column":8}},"35":{"start":{"line":36,"column":0},"end":{"line":36,"column":62}},"36":{"start":{"line":37,"column":0},"end":{"line":37,"column":5}},"38":{"start":{"line":39,"column":0},"end":{"line":39,"column":20}},"39":{"start":{"line":40,"column":0},"end":{"line":40,"column":3}},"40":{"start":{"line":41,"column":0},"end":{"line":41,"column":1}}},"s":{"0":1,"12":1,"18":1,"19":1,"20":1,"21":1,"22":1,"23":1,"24":3,"25":1,"26":3,"27":3,"28":3,"29":3,"30":3,"31":3,"32":3,"33":3,"34":3,"35":3,"36":3,"38":1,"39":1,"40":1},"branchMap":{"0":{"type":"branch","line":19,"loc":{"start":{"line":19,"column":9},"end":{"line":40,"column":3}},"locations":[{"start":{"line":19,"column":9},"end":{"line":40,"column":3}}]},"1":{"type":"branch","line":24,"loc":{"start":{"line":24,"column":32},"end":{"line":25,"column":44}},"locations":[{"start":{"line":24,"column":32},"end":{"line":25,"column":44}}]},"2":{"type":"branch","line":26,"loc":{"start":{"line":26,"column":6},"end":{"line":37,"column":5}},"locations":[{"start":{"line":26,"column":6},"end":{"line":37,"column":5}}]}},"b":{"0":[1],"1":[3],"2":[3]},"fnMap":{"0":{"name":"getVariants","decl":{"start":{"line":19,"column":9},"end":{"line":40,"column":3}},"loc":{"start":{"line":19,"column":9},"end":{"line":40,"column":3}},"line":19}},"f":{"0":1}}
,"/Users/honza/Documents/Programming/natural-deduction-solver/src/lib/syntax-checker/Node.ts": {"path":"/Users/honza/Documents/Programming/natural-deduction-solver/src/lib/syntax-checker/Node.ts","all":false,"statementMap":{"0":{"start":{"line":1,"column":0},"end":{"line":1,"column":74}},"12":{"start":{"line":13,"column":0},"end":{"line":13,"column":19}},"13":{"start":{"line":14,"column":0},"end":{"line":14,"column":19}},"14":{"start":{"line":15,"column":0},"end":{"line":15,"column":30}},"15":{"start":{"line":16,"column":0},"end":{"line":16,"column":26}},"35":{"start":{"line":36,"column":0},"end":{"line":36,"column":87}},"36":{"start":{"line":37,"column":0},"end":{"line":37,"column":25}},"37":{"start":{"line":38,"column":0},"end":{"line":38,"column":27}},"38":{"start":{"line":39,"column":0},"end":{"line":39,"column":33}},"39":{"start":{"line":40,"column":0},"end":{"line":40,"column":5}},"45":{"start":{"line":46,"column":0},"end":{"line":46,"column":35}},"46":{"start":{"line":47,"column":0},"end":{"line":47,"column":33}},"47":{"start":{"line":48,"column":0},"end":{"line":48,"column":5}},"53":{"start":{"line":54,"column":0},"end":{"line":54,"column":27}},"54":{"start":{"line":55,"column":0},"end":{"line":55,"column":34}},"55":{"start":{"line":56,"column":0},"end":{"line":56,"column":5}},"63":{"start":{"line":64,"column":0},"end":{"line":64,"column":70}},"64":{"start":{"line":65,"column":0},"end":{"line":65,"column":68}},"66":{"start":{"line":67,"column":0},"end":{"line":67,"column":59}},"67":{"start":{"line":68,"column":0},"end":{"line":68,"column":37}},"69":{"start":{"line":70,"column":0},"end":{"line":70,"column":56}},"70":{"start":{"line":71,"column":0},"end":{"line":71,"column":89}},"71":{"start":{"line":72,"column":0},"end":{"line":72,"column":9}},"72":{"start":{"line":73,"column":0},"end":{"line":73,"column":5}},"77":{"start":{"line":78,"column":0},"end":{"line":78,"column":13}},"78":{"start":{"line":79,"column":0},"end":{"line":79,"column":43}},"79":{"start":{"line":80,"column":0},"end":{"line":80,"column":5}},"86":{"start":{"line":87,"column":0},"end":{"line":87,"column":34}},"88":{"start":{"line":89,"column":0},"end":{"line":89,"column":40}},"91":{"start":{"line":92,"column":0},"end":{"line":92,"column":42}},"94":{"start":{"line":95,"column":0},"end":{"line":95,"column":51}},"97":{"start":{"line":98,"column":0},"end":{"line":98,"column":53}},"100":{"start":{"line":101,"column":0},"end":{"line":101,"column":89}},"103":{"start":{"line":104,"column":0},"end":{"line":104,"column":73}},"104":{"start":{"line":105,"column":0},"end":{"line":105,"column":47}},"105":{"start":{"line":106,"column":0},"end":{"line":106,"column":10}},"106":{"start":{"line":107,"column":0},"end":{"line":107,"column":5}},"113":{"start":{"line":114,"column":0},"end":{"line":114,"column":47}},"115":{"start":{"line":116,"column":0},"end":{"line":116,"column":46}},"116":{"start":{"line":117,"column":0},"end":{"line":117,"column":104}},"117":{"start":{"line":118,"column":0},"end":{"line":118,"column":9}},"120":{"start":{"line":121,"column":0},"end":{"line":121,"column":41}},"121":{"start":{"line":122,"column":0},"end":{"line":122,"column":65}},"122":{"start":{"line":123,"column":0},"end":{"line":123,"column":9}},"125":{"start":{"line":126,"column":0},"end":{"line":126,"column":87}},"128":{"start":{"line":129,"column":0},"end":{"line":129,"column":28}},"129":{"start":{"line":130,"column":0},"end":{"line":130,"column":43}},"130":{"start":{"line":131,"column":0},"end":{"line":131,"column":68}},"132":{"start":{"line":133,"column":0},"end":{"line":133,"column":35}},"133":{"start":{"line":134,"column":0},"end":{"line":134,"column":60}},"135":{"start":{"line":136,"column":0},"end":{"line":136,"column":44}},"136":{"start":{"line":137,"column":0},"end":{"line":137,"column":49}},"138":{"start":{"line":139,"column":0},"end":{"line":139,"column":36}},"139":{"start":{"line":140,"column":0},"end":{"line":140,"column":70}},"141":{"start":{"line":142,"column":0},"end":{"line":142,"column":36}},"142":{"start":{"line":143,"column":0},"end":{"line":143,"column":50}},"144":{"start":{"line":145,"column":0},"end":{"line":145,"column":35}},"145":{"start":{"line":146,"column":0},"end":{"line":146,"column":70}},"147":{"start":{"line":148,"column":0},"end":{"line":148,"column":37}},"148":{"start":{"line":149,"column":0},"end":{"line":149,"column":34}},"149":{"start":{"line":150,"column":0},"end":{"line":150,"column":90}},"151":{"start":{"line":152,"column":0},"end":{"line":152,"column":20}},"152":{"start":{"line":153,"column":0},"end":{"line":153,"column":69}},"153":{"start":{"line":154,"column":0},"end":{"line":154,"column":9}},"154":{"start":{"line":155,"column":0},"end":{"line":155,"column":5}},"160":{"start":{"line":161,"column":0},"end":{"line":161,"column":54}},"162":{"start":{"line":163,"column":0},"end":{"line":163,"column":37}},"163":{"start":{"line":164,"column":0},"end":{"line":164,"column":105}},"164":{"start":{"line":165,"column":0},"end":{"line":165,"column":24}},"165":{"start":{"line":166,"column":0},"end":{"line":166,"column":9}},"168":{"start":{"line":169,"column":0},"end":{"line":169,"column":78}},"172":{"start":{"line":173,"column":0},"end":{"line":173,"column":38}},"173":{"start":{"line":174,"column":0},"end":{"line":174,"column":55}},"174":{"start":{"line":175,"column":0},"end":{"line":175,"column":46}},"175":{"start":{"line":176,"column":0},"end":{"line":176,"column":47}},"176":{"start":{"line":177,"column":0},"end":{"line":177,"column":47}},"177":{"start":{"line":178,"column":0},"end":{"line":178,"column":46}},"178":{"start":{"line":179,"column":0},"end":{"line":179,"column":11}},"179":{"start":{"line":180,"column":0},"end":{"line":180,"column":24}},"180":{"start":{"line":181,"column":0},"end":{"line":181,"column":9}},"183":{"start":{"line":184,"column":0},"end":{"line":184,"column":31}},"184":{"start":{"line":185,"column":0},"end":{"line":185,"column":57}},"185":{"start":{"line":186,"column":0},"end":{"line":186,"column":126}},"187":{"start":{"line":188,"column":0},"end":{"line":188,"column":19}},"188":{"start":{"line":189,"column":0},"end":{"line":189,"column":5}},"194":{"start":{"line":195,"column":0},"end":{"line":195,"column":29}},"196":{"start":{"line":197,"column":0},"end":{"line":197,"column":85}},"197":{"start":{"line":198,"column":0},"end":{"line":198,"column":47}},"198":{"start":{"line":199,"column":0},"end":{"line":199,"column":9}},"201":{"start":{"line":202,"column":0},"end":{"line":202,"column":69}},"202":{"start":{"line":203,"column":0},"end":{"line":203,"column":20}},"203":{"start":{"line":204,"column":0},"end":{"line":204,"column":5}},"209":{"start":{"line":210,"column":0},"end":{"line":210,"column":40}},"210":{"start":{"line":211,"column":0},"end":{"line":211,"column":41}},"211":{"start":{"line":212,"column":0},"end":{"line":212,"column":100}},"212":{"start":{"line":213,"column":0},"end":{"line":213,"column":9}},"215":{"start":{"line":216,"column":0},"end":{"line":216,"column":46}},"216":{"start":{"line":217,"column":0},"end":{"line":217,"column":54}},"217":{"start":{"line":218,"column":0},"end":{"line":218,"column":50}},"218":{"start":{"line":219,"column":0},"end":{"line":219,"column":9}},"221":{"start":{"line":222,"column":0},"end":{"line":222,"column":131}},"222":{"start":{"line":223,"column":0},"end":{"line":223,"column":45}},"223":{"start":{"line":224,"column":0},"end":{"line":224,"column":9}},"225":{"start":{"line":226,"column":0},"end":{"line":226,"column":40}},"226":{"start":{"line":227,"column":0},"end":{"line":227,"column":63}},"227":{"start":{"line":228,"column":0},"end":{"line":228,"column":11}},"229":{"start":{"line":230,"column":0},"end":{"line":230,"column":25}},"230":{"start":{"line":231,"column":0},"end":{"line":231,"column":5}},"235":{"start":{"line":236,"column":0},"end":{"line":236,"column":27}},"236":{"start":{"line":237,"column":0},"end":{"line":237,"column":67}},"237":{"start":{"line":238,"column":0},"end":{"line":238,"column":58}},"238":{"start":{"line":239,"column":0},"end":{"line":239,"column":19}},"239":{"start":{"line":240,"column":0},"end":{"line":240,"column":5}},"241":{"start":{"line":242,"column":0},"end":{"line":242,"column":37}},"242":{"start":{"line":243,"column":0},"end":{"line":243,"column":55}},"243":{"start":{"line":244,"column":0},"end":{"line":244,"column":53}},"244":{"start":{"line":245,"column":0},"end":{"line":245,"column":9}},"246":{"start":{"line":247,"column":0},"end":{"line":247,"column":47}},"247":{"start":{"line":248,"column":0},"end":{"line":248,"column":101}},"248":{"start":{"line":249,"column":0},"end":{"line":249,"column":9}},"250":{"start":{"line":251,"column":0},"end":{"line":251,"column":68}},"251":{"start":{"line":252,"column":0},"end":{"line":252,"column":131}},"252":{"start":{"line":253,"column":0},"end":{"line":253,"column":9}},"254":{"start":{"line":255,"column":0},"end":{"line":255,"column":46}},"255":{"start":{"line":256,"column":0},"end":{"line":256,"column":103}},"256":{"start":{"line":257,"column":0},"end":{"line":257,"column":9}},"258":{"start":{"line":259,"column":0},"end":{"line":259,"column":35}},"261":{"start":{"line":262,"column":0},"end":{"line":262,"column":107}},"262":{"start":{"line":263,"column":0},"end":{"line":263,"column":5}},"269":{"start":{"line":270,"column":0},"end":{"line":270,"column":53}},"270":{"start":{"line":271,"column":0},"end":{"line":271,"column":17}},"271":{"start":{"line":272,"column":0},"end":{"line":272,"column":53}},"272":{"start":{"line":273,"column":0},"end":{"line":273,"column":9}},"274":{"start":{"line":275,"column":0},"end":{"line":275,"column":21}},"277":{"start":{"line":278,"column":0},"end":{"line":278,"column":31}},"281":{"start":{"line":282,"column":0},"end":{"line":282,"column":58}},"282":{"start":{"line":283,"column":0},"end":{"line":283,"column":67}},"283":{"start":{"line":284,"column":0},"end":{"line":284,"column":13}},"285":{"start":{"line":286,"column":0},"end":{"line":286,"column":50}},"286":{"start":{"line":287,"column":0},"end":{"line":287,"column":9}},"289":{"start":{"line":290,"column":0},"end":{"line":290,"column":49}},"290":{"start":{"line":291,"column":0},"end":{"line":291,"column":21}},"291":{"start":{"line":292,"column":0},"end":{"line":292,"column":58}},"292":{"start":{"line":293,"column":0},"end":{"line":293,"column":9}},"294":{"start":{"line":295,"column":0},"end":{"line":295,"column":28}},"295":{"start":{"line":296,"column":0},"end":{"line":296,"column":30}},"297":{"start":{"line":298,"column":0},"end":{"line":298,"column":73}},"299":{"start":{"line":300,"column":0},"end":{"line":300,"column":27}},"300":{"start":{"line":301,"column":0},"end":{"line":301,"column":77}},"301":{"start":{"line":302,"column":0},"end":{"line":302,"column":39}},"302":{"start":{"line":303,"column":0},"end":{"line":303,"column":24}},"303":{"start":{"line":304,"column":0},"end":{"line":304,"column":9}},"305":{"start":{"line":306,"column":0},"end":{"line":306,"column":81}},"306":{"start":{"line":307,"column":0},"end":{"line":307,"column":35}},"307":{"start":{"line":308,"column":0},"end":{"line":308,"column":39}},"309":{"start":{"line":310,"column":0},"end":{"line":310,"column":20}},"310":{"start":{"line":311,"column":0},"end":{"line":311,"column":5}},"318":{"start":{"line":319,"column":0},"end":{"line":319,"column":54}},"319":{"start":{"line":320,"column":0},"end":{"line":320,"column":22}},"320":{"start":{"line":321,"column":0},"end":{"line":321,"column":22}},"321":{"start":{"line":322,"column":0},"end":{"line":322,"column":33}},"323":{"start":{"line":324,"column":0},"end":{"line":324,"column":47}},"324":{"start":{"line":325,"column":0},"end":{"line":325,"column":33}},"326":{"start":{"line":327,"column":0},"end":{"line":327,"column":38}},"327":{"start":{"line":328,"column":0},"end":{"line":328,"column":38}},"329":{"start":{"line":330,"column":0},"end":{"line":330,"column":46}},"330":{"start":{"line":331,"column":0},"end":{"line":331,"column":38}},"331":{"start":{"line":332,"column":0},"end":{"line":332,"column":26}},"332":{"start":{"line":333,"column":0},"end":{"line":333,"column":20}},"333":{"start":{"line":334,"column":0},"end":{"line":334,"column":29}},"334":{"start":{"line":335,"column":0},"end":{"line":335,"column":13}},"335":{"start":{"line":336,"column":0},"end":{"line":336,"column":9}},"337":{"start":{"line":338,"column":0},"end":{"line":338,"column":47}},"339":{"start":{"line":340,"column":0},"end":{"line":340,"column":19}},"340":{"start":{"line":341,"column":0},"end":{"line":341,"column":5}},"346":{"start":{"line":347,"column":0},"end":{"line":347,"column":28}},"347":{"start":{"line":348,"column":0},"end":{"line":348,"column":52}},"348":{"start":{"line":349,"column":0},"end":{"line":349,"column":5}},"354":{"start":{"line":355,"column":0},"end":{"line":355,"column":41}},"355":{"start":{"line":356,"column":0},"end":{"line":356,"column":39}},"357":{"start":{"line":358,"column":0},"end":{"line":358,"column":73}},"358":{"start":{"line":359,"column":0},"end":{"line":359,"column":43}},"359":{"start":{"line":360,"column":0},"end":{"line":360,"column":24}},"360":{"start":{"line":361,"column":0},"end":{"line":361,"column":9}},"362":{"start":{"line":363,"column":0},"end":{"line":363,"column":40}},"363":{"start":{"line":364,"column":0},"end":{"line":364,"column":54}},"364":{"start":{"line":365,"column":0},"end":{"line":365,"column":11}},"366":{"start":{"line":367,"column":0},"end":{"line":367,"column":20}},"367":{"start":{"line":368,"column":0},"end":{"line":368,"column":5}},"368":{"start":{"line":369,"column":0},"end":{"line":369,"column":1}}},"s":{"0":1,"12":1,"13":636,"14":636,"15":636,"35":636,"36":636,"37":636,"38":636,"39":636,"45":636,"46":14,"47":14,"53":636,"54":2,"55":2,"63":636,"64":3,"66":3,"67":3,"69":3,"70":2,"71":2,"72":3,"77":636,"78":1,"79":1,"86":636,"88":58,"91":58,"94":58,"97":58,"100":58,"103":58,"104":48,"105":58,"106":58,"113":636,"115":79,"116":32,"117":32,"120":79,"121":16,"122":16,"125":31,"128":31,"129":79,"130":17,"132":79,"133":4,"135":79,"136":5,"138":79,"139":2,"141":79,"142":1,"144":79,"145":1,"147":79,"148":1,"149":1,"151":79,"152":0,"153":79,"154":79,"160":636,"162":57,"163":57,"164":2,"165":2,"168":55,"172":55,"173":20,"174":20,"175":19,"176":19,"177":19,"178":57,"179":36,"180":36,"183":57,"184":9,"185":9,"187":9,"188":57,"194":636,"196":70,"197":12,"198":12,"201":58,"202":58,"203":70,"209":636,"210":115,"211":85,"212":85,"215":30,"216":78,"217":29,"218":29,"221":115,"222":1,"223":1,"225":30,"226":58,"227":30,"229":30,"230":115,"235":636,"236":1,"237":1,"238":1,"239":1,"241":636,"242":10,"243":1,"244":1,"246":10,"247":1,"248":1,"250":10,"251":2,"252":2,"254":10,"255":1,"256":1,"258":10,"261":10,"262":10,"269":636,"270":10,"271":1,"272":1,"274":9,"277":10,"281":5,"282":4,"283":4,"285":1,"286":1,"289":4,"290":10,"291":0,"292":0,"294":4,"295":4,"297":4,"299":10,"300":1,"301":1,"302":1,"303":1,"305":3,"306":3,"307":3,"309":3,"310":10,"318":636,"319":4,"320":4,"321":4,"323":4,"324":30,"326":30,"327":30,"329":30,"330":2,"331":2,"332":30,"333":28,"334":28,"335":30,"337":4,"339":4,"340":4,"346":636,"347":1,"348":1,"354":636,"355":5,"357":5,"358":3,"359":3,"360":3,"362":2,"363":4,"364":2,"366":2,"367":5,"368":636},"branchMap":{"0":{"type":"branch","line":13,"loc":{"start":{"line":13,"column":7},"end":{"line":369,"column":1}},"locations":[{"start":{"line":13,"column":7},"end":{"line":369,"column":1}}]},"1":{"type":"branch","line":36,"loc":{"start":{"line":36,"column":4},"end":{"line":40,"column":5}},"locations":[{"start":{"line":36,"column":4},"end":{"line":40,"column":5}}]},"2":{"type":"branch","line":46,"loc":{"start":{"line":46,"column":4},"end":{"line":48,"column":5}},"locations":[{"start":{"line":46,"column":4},"end":{"line":48,"column":5}}]},"3":{"type":"branch","line":54,"loc":{"start":{"line":54,"column":4},"end":{"line":56,"column":5}},"locations":[{"start":{"line":54,"column":4},"end":{"line":56,"column":5}}]},"4":{"type":"branch","line":64,"loc":{"start":{"line":64,"column":12},"end":{"line":73,"column":5}},"locations":[{"start":{"line":64,"column":12},"end":{"line":73,"column":5}}]},"5":{"type":"branch","line":65,"loc":{"start":{"line":65,"column":48},"end":{"line":65,"column":68}},"locations":[{"start":{"line":65,"column":48},"end":{"line":65,"column":68}}]},"6":{"type":"branch","line":67,"loc":{"start":{"line":67,"column":30},"end":{"line":67,"column":44}},"locations":[{"start":{"line":67,"column":30},"end":{"line":67,"column":44}}]},"7":{"type":"branch","line":67,"loc":{"start":{"line":67,"column":37},"end":{"line":67,"column":52}},"locations":[{"start":{"line":67,"column":37},"end":{"line":67,"column":52}}]},"8":{"type":"branch","line":68,"loc":{"start":{"line":68,"column":18},"end":{"line":68,"column":32}},"locations":[{"start":{"line":68,"column":18},"end":{"line":68,"column":32}}]},"9":{"type":"branch","line":68,"loc":{"start":{"line":68,"column":25},"end":{"line":68,"column":37}},"locations":[{"start":{"line":68,"column":25},"end":{"line":68,"column":37}}]},"10":{"type":"branch","line":70,"loc":{"start":{"line":70,"column":55},"end":{"line":72,"column":9}},"locations":[{"start":{"line":70,"column":55},"end":{"line":72,"column":9}}]},"11":{"type":"branch","line":78,"loc":{"start":{"line":78,"column":4},"end":{"line":80,"column":5}},"locations":[{"start":{"line":78,"column":4},"end":{"line":80,"column":5}}]},"12":{"type":"branch","line":87,"loc":{"start":{"line":87,"column":4},"end":{"line":107,"column":5}},"locations":[{"start":{"line":87,"column":4},"end":{"line":107,"column":5}}]},"13":{"type":"branch","line":89,"loc":{"start":{"line":89,"column":28},"end":{"line":89,"column":40}},"locations":[{"start":{"line":89,"column":28},"end":{"line":89,"column":40}}]},"14":{"type":"branch","line":89,"loc":{"start":{"line":89,"column":35},"end":{"line":92,"column":29}},"locations":[{"start":{"line":89,"column":35},"end":{"line":92,"column":29}}]},"15":{"type":"branch","line":92,"loc":{"start":{"line":92,"column":29},"end":{"line":92,"column":42}},"locations":[{"start":{"line":92,"column":29},"end":{"line":92,"column":42}}]},"16":{"type":"branch","line":92,"loc":{"start":{"line":92,"column":36},"end":{"line":95,"column":45}},"locations":[{"start":{"line":92,"column":36},"end":{"line":95,"column":45}}]},"17":{"type":"branch","line":95,"loc":{"start":{"line":95,"column":38},"end":{"line":95,"column":51}},"locations":[{"start":{"line":95,"column":38},"end":{"line":95,"column":51}}]},"18":{"type":"branch","line":95,"loc":{"start":{"line":95,"column":45},"end":{"line":98,"column":47}},"locations":[{"start":{"line":95,"column":45},"end":{"line":98,"column":47}}]},"19":{"type":"branch","line":98,"loc":{"start":{"line":98,"column":40},"end":{"line":98,"column":53}},"locations":[{"start":{"line":98,"column":40},"end":{"line":98,"column":53}}]},"20":{"type":"branch","line":98,"loc":{"start":{"line":98,"column":47},"end":{"line":101,"column":30}},"locations":[{"start":{"line":98,"column":47},"end":{"line":101,"column":30}}]},"21":{"type":"branch","line":101,"loc":{"start":{"line":101,"column":18},"end":{"line":101,"column":34}},"locations":[{"start":{"line":101,"column":18},"end":{"line":101,"column":34}}]},"22":{"type":"branch","line":101,"loc":{"start":{"line":101,"column":52},"end":{"line":101,"column":68}},"locations":[{"start":{"line":101,"column":52},"end":{"line":101,"column":68}}]},"23":{"type":"branch","line":101,"loc":{"start":{"line":101,"column":76},"end":{"line":101,"column":89}},"locations":[{"start":{"line":101,"column":76},"end":{"line":101,"column":89}}]},"24":{"type":"branch","line":101,"loc":{"start":{"line":101,"column":83},"end":{"line":104,"column":33}},"locations":[{"start":{"line":101,"column":83},"end":{"line":104,"column":33}}]},"25":{"type":"branch","line":104,"loc":{"start":{"line":104,"column":21},"end":{"line":104,"column":37}},"locations":[{"start":{"line":104,"column":21},"end":{"line":104,"column":37}}]},"26":{"type":"branch","line":104,"loc":{"start":{"line":104,"column":43},"end":{"line":105,"column":47}},"locations":[{"start":{"line":104,"column":43},"end":{"line":105,"column":47}}]},"27":{"type":"branch","line":114,"loc":{"start":{"line":114,"column":11},"end":{"line":155,"column":5}},"locations":[{"start":{"line":114,"column":11},"end":{"line":155,"column":5}}]},"28":{"type":"branch","line":116,"loc":{"start":{"line":116,"column":45},"end":{"line":118,"column":9}},"locations":[{"start":{"line":116,"column":45},"end":{"line":118,"column":9}}]},"29":{"type":"branch","line":117,"loc":{"start":{"line":117,"column":81},"end":{"line":117,"column":104}},"locations":[{"start":{"line":117,"column":81},"end":{"line":117,"column":104}}]},"30":{"type":"branch","line":118,"loc":{"start":{"line":118,"column":8},"end":{"line":121,"column":40}},"locations":[{"start":{"line":118,"column":8},"end":{"line":121,"column":40}}]},"31":{"type":"branch","line":121,"loc":{"start":{"line":121,"column":40},"end":{"line":123,"column":9}},"locations":[{"start":{"line":121,"column":40},"end":{"line":123,"column":9}}]},"32":{"type":"branch","line":122,"loc":{"start":{"line":122,"column":45},"end":{"line":122,"column":65}},"locations":[{"start":{"line":122,"column":45},"end":{"line":122,"column":65}}]},"33":{"type":"branch","line":123,"loc":{"start":{"line":123,"column":8},"end":{"line":129,"column":28}},"locations":[{"start":{"line":123,"column":8},"end":{"line":129,"column":28}}]},"34":{"type":"branch","line":130,"loc":{"start":{"line":130,"column":12},"end":{"line":131,"column":68}},"locations":[{"start":{"line":130,"column":12},"end":{"line":131,"column":68}}]},"35":{"type":"branch","line":133,"loc":{"start":{"line":133,"column":12},"end":{"line":134,"column":60}},"locations":[{"start":{"line":133,"column":12},"end":{"line":134,"column":60}}]},"36":{"type":"branch","line":136,"loc":{"start":{"line":136,"column":12},"end":{"line":137,"column":49}},"locations":[{"start":{"line":136,"column":12},"end":{"line":137,"column":49}}]},"37":{"type":"branch","line":139,"loc":{"start":{"line":139,"column":12},"end":{"line":140,"column":70}},"locations":[{"start":{"line":139,"column":12},"end":{"line":140,"column":70}}]},"38":{"type":"branch","line":142,"loc":{"start":{"line":142,"column":12},"end":{"line":143,"column":50}},"locations":[{"start":{"line":142,"column":12},"end":{"line":143,"column":50}}]},"39":{"type":"branch","line":145,"loc":{"start":{"line":145,"column":12},"end":{"line":146,"column":70}},"locations":[{"start":{"line":145,"column":12},"end":{"line":146,"column":70}}]},"40":{"type":"branch","line":148,"loc":{"start":{"line":148,"column":12},"end":{"line":150,"column":90}},"locations":[{"start":{"line":148,"column":12},"end":{"line":150,"column":90}}]},"41":{"type":"branch","line":152,"loc":{"start":{"line":152,"column":12},"end":{"line":153,"column":69}},"locations":[{"start":{"line":152,"column":12},"end":{"line":153,"column":69}}]},"42":{"type":"branch","line":126,"loc":{"start":{"line":126,"column":50},"end":{"line":126,"column":85}},"locations":[{"start":{"line":126,"column":50},"end":{"line":126,"column":85}}]},"43":{"type":"branch","line":161,"loc":{"start":{"line":161,"column":11},"end":{"line":189,"column":5}},"locations":[{"start":{"line":161,"column":11},"end":{"line":189,"column":5}}]},"44":{"type":"branch","line":164,"loc":{"start":{"line":164,"column":12},"end":{"line":164,"column":39}},"locations":[{"start":{"line":164,"column":12},"end":{"line":164,"column":39}}]},"45":{"type":"branch","line":164,"loc":{"start":{"line":164,"column":33},"end":{"line":164,"column":104}},"locations":[{"start":{"line":164,"column":33},"end":{"line":164,"column":104}}]},"46":{"type":"branch","line":164,"loc":{"start":{"line":164,"column":67},"end":{"line":164,"column":104}},"locations":[{"start":{"line":164,"column":67},"end":{"line":164,"column":104}}]},"47":{"type":"branch","line":164,"loc":{"start":{"line":164,"column":104},"end":{"line":166,"column":9}},"locations":[{"start":{"line":164,"column":104},"end":{"line":166,"column":9}}]},"48":{"type":"branch","line":166,"loc":{"start":{"line":166,"column":8},"end":{"line":173,"column":38}},"locations":[{"start":{"line":166,"column":8},"end":{"line":173,"column":38}}]},"49":{"type":"branch","line":173,"loc":{"start":{"line":173,"column":37},"end":{"line":174,"column":55}},"locations":[{"start":{"line":173,"column":37},"end":{"line":174,"column":55}}]},"50":{"type":"branch","line":174,"loc":{"start":{"line":174,"column":38},"end":{"line":175,"column":46}},"locations":[{"start":{"line":174,"column":38},"end":{"line":175,"column":46}}]},"51":{"type":"branch","line":175,"loc":{"start":{"line":175,"column":38},"end":{"line":176,"column":47}},"locations":[{"start":{"line":175,"column":38},"end":{"line":176,"column":47}}]},"52":{"type":"branch","line":176,"loc":{"start":{"line":176,"column":38},"end":{"line":177,"column":47}},"locations":[{"start":{"line":176,"column":38},"end":{"line":177,"column":47}}]},"53":{"type":"branch","line":177,"loc":{"start":{"line":177,"column":38},"end":{"line":178,"column":46}},"locations":[{"start":{"line":177,"column":38},"end":{"line":178,"column":46}}]},"54":{"type":"branch","line":179,"loc":{"start":{"line":179,"column":10},"end":{"line":181,"column":9}},"locations":[{"start":{"line":179,"column":10},"end":{"line":181,"column":9}}]},"55":{"type":"branch","line":181,"loc":{"start":{"line":181,"column":8},"end":{"line":184,"column":26}},"locations":[{"start":{"line":181,"column":8},"end":{"line":184,"column":26}}]},"56":{"type":"branch","line":184,"loc":{"start":{"line":184,"column":19},"end":{"line":188,"column":19}},"locations":[{"start":{"line":184,"column":19},"end":{"line":188,"column":19}}]},"57":{"type":"branch","line":184,"loc":{"start":{"line":184,"column":19},"end":{"line":184,"column":31}},"locations":[{"start":{"line":184,"column":19},"end":{"line":184,"column":31}}]},"58":{"type":"branch","line":184,"loc":{"start":{"line":184,"column":26},"end":{"line":188,"column":19}},"locations":[{"start":{"line":184,"column":26},"end":{"line":188,"column":19}}]},"59":{"type":"branch","line":169,"loc":{"start":{"line":169,"column":42},"end":{"line":169,"column":76}},"locations":[{"start":{"line":169,"column":42},"end":{"line":169,"column":76}}]},"60":{"type":"branch","line":195,"loc":{"start":{"line":195,"column":11},"end":{"line":204,"column":5}},"locations":[{"start":{"line":195,"column":11},"end":{"line":204,"column":5}}]},"61":{"type":"branch","line":197,"loc":{"start":{"line":197,"column":35},"end":{"line":197,"column":84}},"locations":[{"start":{"line":197,"column":35},"end":{"line":197,"column":84}}]},"62":{"type":"branch","line":197,"loc":{"start":{"line":197,"column":84},"end":{"line":199,"column":9}},"locations":[{"start":{"line":197,"column":84},"end":{"line":199,"column":9}}]},"63":{"type":"branch","line":199,"loc":{"start":{"line":199,"column":8},"end":{"line":203,"column":20}},"locations":[{"start":{"line":199,"column":8},"end":{"line":203,"column":20}}]},"64":{"type":"branch","line":202,"loc":{"start":{"line":202,"column":42},"end":{"line":202,"column":67}},"locations":[{"start":{"line":202,"column":42},"end":{"line":202,"column":67}}]},"65":{"type":"branch","line":210,"loc":{"start":{"line":210,"column":12},"end":{"line":231,"column":5}},"locations":[{"start":{"line":210,"column":12},"end":{"line":231,"column":5}}]},"66":{"type":"branch","line":211,"loc":{"start":{"line":211,"column":40},"end":{"line":213,"column":9}},"locations":[{"start":{"line":211,"column":40},"end":{"line":213,"column":9}}]},"67":{"type":"branch","line":212,"loc":{"start":{"line":212,"column":50},"end":{"line":212,"column":96}},"locations":[{"start":{"line":212,"column":50},"end":{"line":212,"column":96}}]},"68":{"type":"branch","line":213,"loc":{"start":{"line":213,"column":8},"end":{"line":222,"column":47}},"locations":[{"start":{"line":213,"column":8},"end":{"line":222,"column":47}}]},"69":{"type":"branch","line":213,"loc":{"start":{"line":213,"column":8},"end":{"line":217,"column":53}},"locations":[{"start":{"line":213,"column":8},"end":{"line":217,"column":53}}]},"70":{"type":"branch","line":217,"loc":{"start":{"line":217,"column":53},"end":{"line":219,"column":9}},"locations":[{"start":{"line":217,"column":53},"end":{"line":219,"column":9}}]},"71":{"type":"branch","line":219,"loc":{"start":{"line":219,"column":8},"end":{"line":222,"column":47}},"locations":[{"start":{"line":219,"column":8},"end":{"line":222,"column":47}}]},"72":{"type":"branch","line":222,"loc":{"start":{"line":222,"column":35},"end":{"line":222,"column":77}},"locations":[{"start":{"line":222,"column":35},"end":{"line":222,"column":77}}]},"73":{"type":"branch","line":222,"loc":{"start":{"line":222,"column":72},"end":{"line":222,"column":130}},"locations":[{"start":{"line":222,"column":72},"end":{"line":222,"column":130}}]},"74":{"type":"branch","line":222,"loc":{"start":{"line":222,"column":130},"end":{"line":224,"column":9}},"locations":[{"start":{"line":222,"column":130},"end":{"line":224,"column":9}}]},"75":{"type":"branch","line":224,"loc":{"start":{"line":224,"column":8},"end":{"line":230,"column":25}},"locations":[{"start":{"line":224,"column":8},"end":{"line":230,"column":25}}]},"76":{"type":"branch","line":226,"loc":{"start":{"line":226,"column":30},"end":{"line":228,"column":9}},"locations":[{"start":{"line":226,"column":30},"end":{"line":228,"column":9}}]},"77":{"type":"branch","line":227,"loc":{"start":{"line":227,"column":38},"end":{"line":227,"column":61}},"locations":[{"start":{"line":227,"column":38},"end":{"line":227,"column":61}}]},"78":{"type":"branch","line":236,"loc":{"start":{"line":236,"column":11},"end":{"line":240,"column":5}},"locations":[{"start":{"line":236,"column":11},"end":{"line":240,"column":5}}]},"79":{"type":"branch","line":242,"loc":{"start":{"line":242,"column":11},"end":{"line":263,"column":5}},"locations":[{"start":{"line":242,"column":11},"end":{"line":263,"column":5}}]},"80":{"type":"branch","line":243,"loc":{"start":{"line":243,"column":54},"end":{"line":245,"column":9}},"locations":[{"start":{"line":243,"column":54},"end":{"line":245,"column":9}}]},"81":{"type":"branch","line":245,"loc":{"start":{"line":245,"column":8},"end":{"line":247,"column":46}},"locations":[{"start":{"line":245,"column":8},"end":{"line":247,"column":46}}]},"82":{"type":"branch","line":247,"loc":{"start":{"line":247,"column":46},"end":{"line":249,"column":9}},"locations":[{"start":{"line":247,"column":46},"end":{"line":249,"column":9}}]},"83":{"type":"branch","line":249,"loc":{"start":{"line":249,"column":8},"end":{"line":251,"column":55}},"locations":[{"start":{"line":249,"column":8},"end":{"line":251,"column":55}}]},"84":{"type":"branch","line":251,"loc":{"start":{"line":251,"column":35},"end":{"line":251,"column":67}},"locations":[{"start":{"line":251,"column":35},"end":{"line":251,"column":67}}]},"85":{"type":"branch","line":251,"loc":{"start":{"line":251,"column":67},"end":{"line":253,"column":9}},"locations":[{"start":{"line":251,"column":67},"end":{"line":253,"column":9}}]},"86":{"type":"branch","line":253,"loc":{"start":{"line":253,"column":8},"end":{"line":255,"column":45}},"locations":[{"start":{"line":253,"column":8},"end":{"line":255,"column":45}}]},"87":{"type":"branch","line":255,"loc":{"start":{"line":255,"column":45},"end":{"line":257,"column":9}},"locations":[{"start":{"line":255,"column":45},"end":{"line":257,"column":9}}]},"88":{"type":"branch","line":257,"loc":{"start":{"line":257,"column":8},"end":{"line":259,"column":32}},"locations":[{"start":{"line":257,"column":8},"end":{"line":259,"column":32}}]},"89":{"type":"branch","line":259,"loc":{"start":{"line":259,"column":25},"end":{"line":259,"column":35}},"locations":[{"start":{"line":259,"column":25},"end":{"line":259,"column":35}}]},"90":{"type":"branch","line":259,"loc":{"start":{"line":259,"column":32},"end":{"line":262,"column":71}},"locations":[{"start":{"line":259,"column":32},"end":{"line":262,"column":71}}]},"91":{"type":"branch","line":262,"loc":{"start":{"line":262,"column":67},"end":{"line":262,"column":91}},"locations":[{"start":{"line":262,"column":67},"end":{"line":262,"column":91}}]},"92":{"type":"branch","line":262,"loc":{"start":{"line":262,"column":85},"end":{"line":262,"column":107}},"locations":[{"start":{"line":262,"column":85},"end":{"line":262,"column":107}}]},"93":{"type":"branch","line":248,"loc":{"start":{"line":248,"column":54},"end":{"line":248,"column":85}},"locations":[{"start":{"line":248,"column":54},"end":{"line":248,"column":85}}]},"94":{"type":"branch","line":252,"loc":{"start":{"line":252,"column":84},"end":{"line":252,"column":115}},"locations":[{"start":{"line":252,"column":84},"end":{"line":252,"column":115}}]},"95":{"type":"branch","line":270,"loc":{"start":{"line":270,"column":18},"end":{"line":311,"column":5}},"locations":[{"start":{"line":270,"column":18},"end":{"line":311,"column":5}}]},"96":{"type":"branch","line":271,"loc":{"start":{"line":271,"column":16},"end":{"line":273,"column":9}},"locations":[{"start":{"line":271,"column":16},"end":{"line":273,"column":9}}]},"97":{"type":"branch","line":273,"loc":{"start":{"line":273,"column":8},"end":{"line":278,"column":30}},"locations":[{"start":{"line":273,"column":8},"end":{"line":278,"column":30}}]},"98":{"type":"branch","line":278,"loc":{"start":{"line":278,"column":30},"end":{"line":287,"column":9}},"locations":[{"start":{"line":278,"column":30},"end":{"line":287,"column":9}}]},"99":{"type":"branch","line":282,"loc":{"start":{"line":282,"column":25},"end":{"line":282,"column":57}},"locations":[{"start":{"line":282,"column":25},"end":{"line":282,"column":57}}]},"100":{"type":"branch","line":282,"loc":{"start":{"line":282,"column":57},"end":{"line":284,"column":13}},"locations":[{"start":{"line":282,"column":57},"end":{"line":284,"column":13}}]},"101":{"type":"branch","line":284,"loc":{"start":{"line":284,"column":12},"end":{"line":287,"column":9}},"locations":[{"start":{"line":284,"column":12},"end":{"line":287,"column":9}}]},"102":{"type":"branch","line":287,"loc":{"start":{"line":287,"column":8},"end":{"line":291,"column":20}},"locations":[{"start":{"line":287,"column":8},"end":{"line":291,"column":20}}]},"103":{"type":"branch","line":291,"loc":{"start":{"line":291,"column":20},"end":{"line":293,"column":9}},"locations":[{"start":{"line":291,"column":20},"end":{"line":293,"column":9}}]},"104":{"type":"branch","line":293,"loc":{"start":{"line":293,"column":8},"end":{"line":300,"column":26}},"locations":[{"start":{"line":293,"column":8},"end":{"line":300,"column":26}}]},"105":{"type":"branch","line":300,"loc":{"start":{"line":300,"column":26},"end":{"line":304,"column":9}},"locations":[{"start":{"line":300,"column":26},"end":{"line":304,"column":9}}]},"106":{"type":"branch","line":304,"loc":{"start":{"line":304,"column":8},"end":{"line":310,"column":20}},"locations":[{"start":{"line":304,"column":8},"end":{"line":310,"column":20}}]},"107":{"type":"branch","line":319,"loc":{"start":{"line":319,"column":19},"end":{"line":341,"column":5}},"locations":[{"start":{"line":319,"column":19},"end":{"line":341,"column":5}}]},"108":{"type":"branch","line":324,"loc":{"start":{"line":324,"column":46},"end":{"line":336,"column":9}},"locations":[{"start":{"line":324,"column":46},"end":{"line":336,"column":9}}]},"109":{"type":"branch","line":327,"loc":{"start":{"line":327,"column":30},"end":{"line":327,"column":38}},"locations":[{"start":{"line":327,"column":30},"end":{"line":327,"column":38}}]},"110":{"type":"branch","line":328,"loc":{"start":{"line":328,"column":30},"end":{"line":328,"column":38}},"locations":[{"start":{"line":328,"column":30},"end":{"line":328,"column":38}}]},"111":{"type":"branch","line":330,"loc":{"start":{"line":330,"column":25},"end":{"line":330,"column":45}},"locations":[{"start":{"line":330,"column":25},"end":{"line":330,"column":45}}]},"112":{"type":"branch","line":330,"loc":{"start":{"line":330,"column":45},"end":{"line":333,"column":19}},"locations":[{"start":{"line":330,"column":45},"end":{"line":333,"column":19}}]},"113":{"type":"branch","line":333,"loc":{"start":{"line":333,"column":12},"end":{"line":335,"column":13}},"locations":[{"start":{"line":333,"column":12},"end":{"line":335,"column":13}}]},"114":{"type":"branch","line":347,"loc":{"start":{"line":347,"column":11},"end":{"line":349,"column":5}},"locations":[{"start":{"line":347,"column":11},"end":{"line":349,"column":5}}]},"115":{"type":"branch","line":355,"loc":{"start":{"line":355,"column":4},"end":{"line":368,"column":5}},"locations":[{"start":{"line":355,"column":4},"end":{"line":368,"column":5}}]},"116":{"type":"branch","line":358,"loc":{"start":{"line":358,"column":72},"end":{"line":361,"column":9}},"locations":[{"start":{"line":358,"column":72},"end":{"line":361,"column":9}}]},"117":{"type":"branch","line":361,"loc":{"start":{"line":361,"column":8},"end":{"line":367,"column":20}},"locations":[{"start":{"line":361,"column":8},"end":{"line":367,"column":20}}]},"118":{"type":"branch","line":363,"loc":{"start":{"line":363,"column":30},"end":{"line":365,"column":9}},"locations":[{"start":{"line":363,"column":30},"end":{"line":365,"column":9}}]},"119":{"type":"branch","line":364,"loc":{"start":{"line":364,"column":36},"end":{"line":364,"column":52}},"locations":[{"start":{"line":364,"column":36},"end":{"line":364,"column":52}}]}},"b":{"0":[636],"1":[636],"2":[14],"3":[2],"4":[3],"5":[0],"6":[2],"7":[1],"8":[2],"9":[1],"10":[2],"11":[1],"12":[58],"13":[2],"14":[56],"15":[0],"16":[56],"17":[0],"18":[56],"19":[0],"20":[56],"21":[0],"22":[0],"23":[0],"24":[56],"25":[0],"26":[48],"27":[79],"28":[32],"29":[0],"30":[47],"31":[16],"32":[0],"33":[31],"34":[17],"35":[4],"36":[5],"37":[2],"38":[1],"39":[1],"40":[1],"41":[0],"42":[61],"43":[57],"44":[18],"45":[12],"46":[10],"47":[2],"48":[55],"49":[20],"50":[20],"51":[19],"52":[19],"53":[19],"54":[36],"55":[19],"56":[53],"57":[10],"58":[9],"59":[38],"60":[70],"61":[12],"62":[12],"63":[58],"64":[39],"65":[115],"66":[85],"67":[0],"68":[78],"69":[30],"70":[29],"71":[30],"72":[1],"73":[1],"74":[1],"75":[30],"76":[58],"77":[8],"78":[1],"79":[10],"80":[1],"81":[9],"82":[1],"83":[8],"84":[2],"85":[2],"86":[6],"87":[1],"88":[5],"89":[0],"90":[5],"91":[4],"92":[1],"93":[1],"94":[4],"95":[10],"96":[1],"97":[9],"98":[5],"99":[4],"100":[4],"101":[1],"102":[4],"103":[0],"104":[4],"105":[1],"106":[3],"107":[4],"108":[30],"109":[1],"110":[1],"111":[3],"112":[2],"113":[28],"114":[1],"115":[5],"116":[3],"117":[2],"118":[4],"119":[5]},"fnMap":{"0":{"name":"<instance_members_initializer>","decl":{"start":{"line":13,"column":7},"end":{"line":369,"column":1}},"loc":{"start":{"line":13,"column":7},"end":{"line":369,"column":1}},"line":13},"1":{"name":"Node","decl":{"start":{"line":36,"column":4},"end":{"line":40,"column":5}},"loc":{"start":{"line":36,"column":4},"end":{"line":40,"column":5}},"line":36},"2":{"name":"setChildren","decl":{"start":{"line":46,"column":4},"end":{"line":48,"column":5}},"loc":{"start":{"line":46,"column":4},"end":{"line":48,"column":5}},"line":46},"3":{"name":"addChild","decl":{"start":{"line":54,"column":4},"end":{"line":56,"column":5}},"loc":{"start":{"line":54,"column":4},"end":{"line":56,"column":5}},"line":54},"4":{"name":"internalPrint","decl":{"start":{"line":64,"column":12},"end":{"line":73,"column":5}},"loc":{"start":{"line":64,"column":12},"end":{"line":73,"column":5}},"line":64},"5":{"name":"print","decl":{"start":{"line":78,"column":4},"end":{"line":80,"column":5}},"loc":{"start":{"line":78,"column":4},"end":{"line":80,"column":5}},"line":78},"6":{"name":"equals","decl":{"start":{"line":87,"column":4},"end":{"line":107,"column":5}},"loc":{"start":{"line":87,"column":4},"end":{"line":107,"column":5}},"line":87},"7":{"name":"generateString","decl":{"start":{"line":114,"column":11},"end":{"line":155,"column":5}},"loc":{"start":{"line":114,"column":11},"end":{"line":155,"column":5}},"line":114},"8":{"name":"parenthesize","decl":{"start":{"line":161,"column":11},"end":{"line":189,"column":5}},"loc":{"start":{"line":161,"column":11},"end":{"line":189,"column":5}},"line":161},"9":{"name":"simplify","decl":{"start":{"line":195,"column":11},"end":{"line":204,"column":5}},"loc":{"start":{"line":195,"column":11},"end":{"line":204,"column":5}},"line":195},"10":{"name":"operators","decl":{"start":{"line":210,"column":12},"end":{"line":231,"column":5}},"loc":{"start":{"line":210,"column":12},"end":{"line":231,"column":5}},"line":210},"11":{"name":"negate","decl":{"start":{"line":236,"column":11},"end":{"line":240,"column":5}},"loc":{"start":{"line":236,"column":11},"end":{"line":240,"column":5}},"line":236},"12":{"name":"toPrologFormat","decl":{"start":{"line":242,"column":11},"end":{"line":263,"column":5}},"loc":{"start":{"line":242,"column":11},"end":{"line":263,"column":5}},"line":242},"13":{"name":"fromPrologFormat","decl":{"start":{"line":270,"column":18},"end":{"line":311,"column":5}},"loc":{"start":{"line":270,"column":18},"end":{"line":311,"column":5}},"line":270},"14":{"name":"parseArgs","decl":{"start":{"line":319,"column":19},"end":{"line":341,"column":5}},"loc":{"start":{"line":319,"column":19},"end":{"line":341,"column":5}},"line":319},"15":{"name":"split","decl":{"start":{"line":347,"column":11},"end":{"line":349,"column":5}},"loc":{"start":{"line":347,"column":11},"end":{"line":349,"column":5}},"line":347},"16":{"name":"get variables","decl":{"start":{"line":355,"column":4},"end":{"line":368,"column":5}},"loc":{"start":{"line":355,"column":4},"end":{"line":368,"column":5}},"line":355}},"f":{"0":636,"1":636,"2":14,"3":2,"4":3,"5":1,"6":58,"7":79,"8":57,"9":70,"10":115,"11":1,"12":10,"13":10,"14":4,"15":1,"16":5}}
,"/Users/honza/Documents/Programming/natural-deduction-solver/src/lib/syntax-checker/NodeType.ts": {"path":"/Users/honza/Documents/Programming/natural-deduction-solver/src/lib/syntax-checker/NodeType.ts","all":false,"statementMap":{"4":{"start":{"line":5,"column":0},"end":{"line":5,"column":22}},"5":{"start":{"line":6,"column":0},"end":{"line":6,"column":26}},"6":{"start":{"line":7,"column":0},"end":{"line":7,"column":26}},"7":{"start":{"line":8,"column":0},"end":{"line":8,"column":28}},"8":{"start":{"line":9,"column":0},"end":{"line":9,"column":26}},"9":{"start":{"line":10,"column":0},"end":{"line":10,"column":30}},"10":{"start":{"line":11,"column":0},"end":{"line":11,"column":48}},"11":{"start":{"line":12,"column":0},"end":{"line":12,"column":26}},"12":{"start":{"line":13,"column":0},"end":{"line":13,"column":44}},"13":{"start":{"line":14,"column":0},"end":{"line":14,"column":32}},"14":{"start":{"line":15,"column":0},"end":{"line":15,"column":38}},"15":{"start":{"line":16,"column":0},"end":{"line":16,"column":24}},"16":{"start":{"line":17,"column":0},"end":{"line":17,"column":42}},"17":{"start":{"line":18,"column":0},"end":{"line":18,"column":28}}},"s":{"4":1,"5":1,"6":1,"7":1,"8":1,"9":1,"10":1,"11":1,"12":1,"13":1,"14":1,"15":1,"16":1,"17":1},"branchMap":{"0":{"type":"branch","line":5,"loc":{"start":{"line":5,"column":7},"end":{"line":5,"column":22}},"locations":[{"start":{"line":5,"column":7},"end":{"line":5,"column":22}}]}},"b":{"0":[5]},"fnMap":{},"f":{}}
,"/Users/honza/Documents/Programming/natural-deduction-solver/src/lib/syntax-checker/Operator.ts": {"path":"/Users/honza/Documents/Programming/natural-deduction-solver/src/lib/syntax-checker/Operator.ts","all":false,"statementMap":{"4":{"start":{"line":5,"column":0},"end":{"line":5,"column":22}},"5":{"start":{"line":6,"column":0},"end":{"line":6,"column":18}},"6":{"start":{"line":7,"column":0},"end":{"line":7,"column":22}},"7":{"start":{"line":8,"column":0},"end":{"line":8,"column":22}},"8":{"start":{"line":9,"column":0},"end":{"line":9,"column":22}},"9":{"start":{"line":10,"column":0},"end":{"line":10,"column":22}},"10":{"start":{"line":11,"column":0},"end":{"line":11,"column":19}},"11":{"start":{"line":12,"column":0},"end":{"line":12,"column":20}},"12":{"start":{"line":13,"column":0},"end":{"line":13,"column":22}},"13":{"start":{"line":14,"column":0},"end":{"line":14,"column":15}},"14":{"start":{"line":15,"column":0},"end":{"line":15,"column":15}},"15":{"start":{"line":16,"column":0},"end":{"line":16,"column":19}},"16":{"start":{"line":17,"column":0},"end":{"line":17,"column":19}},"24":{"start":{"line":25,"column":0},"end":{"line":25,"column":56}},"25":{"start":{"line":26,"column":0},"end":{"line":26,"column":17}},"26":{"start":{"line":27,"column":0},"end":{"line":27,"column":34}},"27":{"start":{"line":28,"column":0},"end":{"line":28,"column":25}},"28":{"start":{"line":29,"column":0},"end":{"line":29,"column":34}},"29":{"start":{"line":30,"column":0},"end":{"line":30,"column":24}},"30":{"start":{"line":31,"column":0},"end":{"line":31,"column":34}},"31":{"start":{"line":32,"column":0},"end":{"line":32,"column":25}},"32":{"start":{"line":33,"column":0},"end":{"line":33,"column":34}},"33":{"start":{"line":34,"column":0},"end":{"line":34,"column":24}},"34":{"start":{"line":35,"column":0},"end":{"line":35,"column":31}},"35":{"start":{"line":36,"column":0},"end":{"line":36,"column":25}},"36":{"start":{"line":37,"column":0},"end":{"line":37,"column":32}},"37":{"start":{"line":38,"column":0},"end":{"line":38,"column":28}},"38":{"start":{"line":39,"column":0},"end":{"line":39,"column":34}},"39":{"start":{"line":40,"column":0},"end":{"line":40,"column":28}},"40":{"start":{"line":41,"column":0},"end":{"line":41,"column":16}},"41":{"start":{"line":42,"column":0},"end":{"line":42,"column":22}},"42":{"start":{"line":43,"column":0},"end":{"line":43,"column":5}},"43":{"start":{"line":44,"column":0},"end":{"line":44,"column":1}},"45":{"start":{"line":46,"column":0},"end":{"line":46,"column":58}},"46":{"start":{"line":47,"column":0},"end":{"line":47,"column":17}},"47":{"start":{"line":48,"column":0},"end":{"line":48,"column":19}},"48":{"start":{"line":49,"column":0},"end":{"line":49,"column":40}},"49":{"start":{"line":50,"column":0},"end":{"line":50,"column":18}},"50":{"start":{"line":51,"column":0},"end":{"line":51,"column":40}},"51":{"start":{"line":52,"column":0},"end":{"line":52,"column":19}},"52":{"start":{"line":53,"column":0},"end":{"line":53,"column":40}},"53":{"start":{"line":54,"column":0},"end":{"line":54,"column":18}},"54":{"start":{"line":55,"column":0},"end":{"line":55,"column":40}},"55":{"start":{"line":56,"column":0},"end":{"line":56,"column":19}},"56":{"start":{"line":57,"column":0},"end":{"line":57,"column":37}},"57":{"start":{"line":58,"column":0},"end":{"line":58,"column":22}},"58":{"start":{"line":59,"column":0},"end":{"line":59,"column":38}},"59":{"start":{"line":60,"column":0},"end":{"line":60,"column":22}},"60":{"start":{"line":61,"column":0},"end":{"line":61,"column":40}},"61":{"start":{"line":62,"column":0},"end":{"line":62,"column":16}},"62":{"start":{"line":63,"column":0},"end":{"line":63,"column":33}},"63":{"start":{"line":64,"column":0},"end":{"line":64,"column":5}},"64":{"start":{"line":65,"column":0},"end":{"line":65,"column":1}}},"s":{"4":1,"5":1,"6":1,"7":1,"8":1,"9":1,"10":1,"11":1,"12":1,"13":1,"14":1,"15":1,"16":1,"24":1,"25":12,"26":12,"27":2,"28":12,"29":2,"30":12,"31":1,"32":12,"33":1,"34":12,"35":2,"36":12,"37":1,"38":12,"39":1,"40":12,"41":2,"42":12,"43":12,"45":1,"46":13,"47":13,"48":2,"49":13,"50":2,"51":13,"52":1,"53":13,"54":1,"55":13,"56":2,"57":13,"58":1,"59":13,"60":1,"61":13,"62":3,"63":13,"64":13},"branchMap":{"0":{"type":"branch","line":5,"loc":{"start":{"line":5,"column":7},"end":{"line":5,"column":22}},"locations":[{"start":{"line":5,"column":7},"end":{"line":5,"column":22}}]},"1":{"type":"branch","line":25,"loc":{"start":{"line":25,"column":7},"end":{"line":44,"column":1}},"locations":[{"start":{"line":25,"column":7},"end":{"line":44,"column":1}}]},"2":{"type":"branch","line":27,"loc":{"start":{"line":27,"column":8},"end":{"line":28,"column":25}},"locations":[{"start":{"line":27,"column":8},"end":{"line":28,"column":25}}]},"3":{"type":"branch","line":29,"loc":{"start":{"line":29,"column":8},"end":{"line":30,"column":24}},"locations":[{"start":{"line":29,"column":8},"end":{"line":30,"column":24}}]},"4":{"type":"branch","line":31,"loc":{"start":{"line":31,"column":8},"end":{"line":32,"column":25}},"locations":[{"start":{"line":31,"column":8},"end":{"line":32,"column":25}}]},"5":{"type":"branch","line":33,"loc":{"start":{"line":33,"column":8},"end":{"line":34,"column":24}},"locations":[{"start":{"line":33,"column":8},"end":{"line":34,"column":24}}]},"6":{"type":"branch","line":35,"loc":{"start":{"line":35,"column":8},"end":{"line":36,"column":25}},"locations":[{"start":{"line":35,"column":8},"end":{"line":36,"column":25}}]},"7":{"type":"branch","line":37,"loc":{"start":{"line":37,"column":8},"end":{"line":38,"column":28}},"locations":[{"start":{"line":37,"column":8},"end":{"line":38,"column":28}}]},"8":{"type":"branch","line":39,"loc":{"start":{"line":39,"column":8},"end":{"line":40,"column":28}},"locations":[{"start":{"line":39,"column":8},"end":{"line":40,"column":28}}]},"9":{"type":"branch","line":41,"loc":{"start":{"line":41,"column":8},"end":{"line":42,"column":22}},"locations":[{"start":{"line":41,"column":8},"end":{"line":42,"column":22}}]},"10":{"type":"branch"
[...]
,"61":{"type":"branch","line":332,"loc":{"start":{"line":332,"column":40},"end":{"line":342,"column":5}},"locations":[{"start":{"line":332,"column":40},"end":{"line":342,"column":5}}]},"62":{"type":"branch","line":334,"loc":{"start":{"line":334,"column":21},"end":{"line":340,"column":7}},"locations":[{"start":{"line":334,"column":21},"end":{"line":340,"column":7}}]},"63":{"type":"branch","line":340,"loc":{"start":{"line":340,"column":6},"end":{"line":342,"column":5}},"locations":[{"start":{"line":340,"column":6},"end":{"line":342,"column":5}}]},"64":{"type":"branch","line":342,"loc":{"start":{"line":342,"column":4},"end":{"line":344,"column":16}},"locations":[{"start":{"line":342,"column":4},"end":{"line":344,"column":16}}]},"65":{"type":"branch","line":352,"loc":{"start":{"line":352,"column":10},"end":{"line":361,"column":3}},"locations":[{"start":{"line":352,"column":10},"end":{"line":361,"column":3}}]},"66":{"type":"branch","line":355,"loc":{"start":{"line":355,"column":8},"end":{"line":355,"column":39}},"locations":[{"start":{"line":355,"column":8},"end":{"line":355,"column":39}}]},"67":{"type":"branch","line":355,"loc":{"start":{"line":355,"column":39},"end":{"line":358,"column":5}},"locations":[{"start":{"line":355,"column":39},"end":{"line":358,"column":5}}]},"68":{"type":"branch","line":358,"loc":{"start":{"line":358,"column":4},"end":{"line":360,"column":16}},"locations":[{"start":{"line":358,"column":4},"end":{"line":360,"column":16}}]},"69":{"type":"branch","line":368,"loc":{"start":{"line":368,"column":10},"end":{"line":373,"column":3}},"locations":[{"start":{"line":368,"column":10},"end":{"line":373,"column":3}}]},"70":{"type":"branch","line":370,"loc":{"start":{"line":370,"column":16},"end":{"line":370,"column":25}},"locations":[{"start":{"line":370,"column":16},"end":{"line":370,"column":25}}]},"71":{"type":"branch","line":372,"loc":{"start":{"line":372,"column":27},"end":{"line":372,"column":36}},"locations":[{"start":{"line":372,"column":27},"end":{"line":372,"column":36}}]},"72":{"type":"branch","line":372,"loc":{"start":{"line":372,"column":32},"end":{"line":372,"column":56}},"locations":[{"start":{"line":372,"column":32},"end":{"line":372,"column":56}}]},"73":{"type":"branch","line":372,"loc":{"start":{"line":372,"column":52},"end":{"line":372,"column":58}},"locations":[{"start":{"line":372,"column":52},"end":{"line":372,"column":58}}]}},"b":{"0":[25],"1":[25],"2":[25],"3":[5],"4":[20],"5":[69],"6":[19],"7":[50],"8":[40],"9":[12],"10":[50],"11":[69],"12":[4],"13":[65],"14":[17],"15":[4],"16":[4],"17":[2],"18":[1],"19":[13],"20":[1],"21":[12],"22":[48],"23":[27],"24":[8],"25":[8],"26":[1],"27":[7],"28":[1],"29":[6],"30":[19],"31":[1],"32":[18],"33":[21],"34":[5],"35":[5],"36":[1],"37":[4],"38":[1],"39":[3],"40":[16],"41":[2],"42":[1],"43":[63],"44":[14],"45":[9],"46":[3],"47":[6],"48":[62],"49":[5],"50":[2],"51":[1],"52":[3],"53":[12],"54":[0],"55":[2],"56":[10],"57":[0],"58":[12],"59":[2],"60":[10],"61":[3],"62":[1],"63":[2],"64":[9],"65":[5],"66":[4],"67":[4],"68":[1],"69":[40],"70":[0],"71":[27],"72":[13],"73":[27]},"fnMap":{"0":{"name":"<instance_members_initializer>","decl":{"start":{"line":46,"column":7},"end":{"line":374,"column":1}},"loc":{"start":{"line":46,"column":7},"end":{"line":374,"column":1}},"line":46},"1":{"name":"PrattParser","decl":{"start":{"line":55,"column":2},"end":{"line":57,"column":3}},"loc":{"start":{"line":55,"column":2},"end":{"line":57,"column":3}},"line":55},"2":{"name":"parse","decl":{"start":{"line":64,"column":2},"end":{"line":78,"column":3}},"loc":{"start":{"line":64,"column":2},"end":{"line":78,"column":3}},"line":64},"3":{"name":"parseExpression","decl":{"start":{"line":86,"column":10},"end":{"line":98,"column":3}},"loc":{"start":{"line":86,"column":10},"end":{"line":98,"column":3}},"line":86},"4":{"name":"parseToken","decl":{"start":{"line":105,"column":10},"end":{"line":277,"column":3}},"loc":{"start":{"line":105,"column":10},"end":{"line":277,"column":3}},"line":105},"5":{"name":"parseLed","decl":{"start":{"line":286,"column":10},"end":{"line":311,"column":3}},"loc":{"start":{"line":286,"column":10},"end":{"line":311,"column":3}},"line":286},"6":{"name":"parseTermList","decl":{"start":{"line":318,"column":10},"end":{"line":345,"column":3}},"loc":{"start":{"line":318,"column":10},"end":{"line":345,"column":3}},"line":318},"7":{"name":"parseVariable","decl":{"start":{"line":352,"column":10},"end":{"line":361,"column":3}},"loc":{"start":{"line":352,"column":10},"end":{"line":361,"column":3}},"line":352},"8":{"name":"getPrecedence","decl":{"start":{"line":368,"column":10},"end":{"line":373,"column":3}},"loc":{"start":{"line":368,"column":10},"end":{"line":373,"column":3}},"line":368}},"f":{"0":25,"1":25,"2":25,"3":69,"4":69,"5":12,"6":12,"7":5,"8":40}}
,"/Users/honza/Documents/Programming/natural-deduction-solver/src/lib/syntax-checker/TokenStream.ts": {"path":"/Users/honza/Documents/Programming/natural-deduction-solver/src/lib/syntax-checker/TokenStream.ts","all":false,"statementMap":{"5":{"start":{"line":6,"column":0},"end":{"line":6,"column":26}},"6":{"start":{"line":7,"column":0},"end":{"line":7,"column":38}},"7":{"start":{"line":8,"column":0},"end":{"line":8,"column":26}},"14":{"start":{"line":15,"column":0},"end":{"line":15,"column":32}},"15":{"start":{"line":16,"column":0},"end":{"line":16,"column":75}},"16":{"start":{"line":17,"column":0},"end":{"line":17,"column":23}},"17":{"start":{"line":18,"column":0},"end":{"line":18,"column":5}},"23":{"start":{"line":24,"column":0},"end":{"line":24,"column":30}},"24":{"start":{"line":25,"column":0},"end":{"line":25,"column":80}},"25":{"start":{"line":26,"column":0},"end":{"line":26,"column":5}},"33":{"start":{"line":34,"column":0},"end":{"line":34,"column":35}},"34":{"start":{"line":35,"column":0},"end":{"line":35,"column":39}},"35":{"start":{"line":36,"column":0},"end":{"line":36,"column":27}},"36":{"start":{"line":37,"column":0},"end":{"line":37,"column":24}},"37":{"start":{"line":38,"column":0},"end":{"line":38,"column":9}},"38":{"start":{"line":39,"column":0},"end":{"line":39,"column":21}},"39":{"start":{"line":40,"column":0},"end":{"line":40,"column":5}},"44":{"start":{"line":45,"column":0},"end":{"line":45,"column":21}},"45":{"start":{"line":46,"column":0},"end":{"line":46,"column":21}},"46":{"start":{"line":47,"column":0},"end":{"line":47,"column":5}},"52":{"start":{"line":53,"column":0},"end":{"line":53,"column":24}},"53":{"start":{"line":54,"column":0},"end":{"line":54,"column":48}},"54":{"start":{"line":55,"column":0},"end":{"line":55,"column":5}},"60":{"start":{"line":61,"column":0},"end":{"line":61,"column":20}},"61":{"start":{"line":62,"column":0},"end":{"line":62,"column":26}},"62":{"start":{"line":63,"column":0},"end":{"line":63,"column":5}},"68":{"start":{"line":69,"column":0},"end":{"line":69,"column":39}},"69":{"start":{"line":70,"column":0},"end":{"line":70,"column":32}},"70":{"start":{"line":71,"column":0},"end":{"line":71,"column":5}},"71":{"start":{"line":72,"column":0},"end":{"line":72,"column":1}}},"s":{"5":1,"6":25,"7":25,"14":25,"15":25,"16":25,"17":25,"23":25,"24":205,"25":205,"33":25,"34":79,"35":31,"36":31,"37":31,"38":48,"39":79,"44":25,"45":116,"46":116,"52":25,"53":87,"54":87,"60":25,"61":69,"62":69,"68":25,"69":3,"70":3,"71":25},"branchMap":{"0":{"type":"branch","line":6,"loc":{"start":{"line":6,"column":7},"end":{"line":72,"column":1}},"locations":[{"start":{"line":6,"column":7},"end":{"line":72,"column":1}}]},"1":{"type":"branch","line":15,"loc":{"start":{"line":15,"column":4},"end":{"line":18,"column":5}},"locations":[{"start":{"line":15,"column":4},"end":{"line":18,"column":5}}]},"2":{"type":"branch","line":16,"loc":{"start":{"line":16,"column":48},"end":{"line":16,"column":73}},"locations":[{"start":{"line":16,"column":48},"end":{"line":16,"column":73}}]},"3":{"type":"branch","line":24,"loc":{"start":{"line":24,"column":4},"end":{"line":26,"column":5}},"locations":[{"start":{"line":24,"column":4},"end":{"line":26,"column":5}}]},"4":{"type":"branch","line":25,"loc":{"start":{"line":25,"column":40},"end":{"line":25,"column":75}},"locations":[{"start":{"line":25,"column":40},"end":{"line":25,"column":75}}]},"5":{"type":"branch","line":25,"loc":{"start":{"line":25,"column":71},"end":{"line":25,"column":80}},"locations":[{"start":{"line":25,"column":71},"end":{"line":25,"column":80}}]},"6":{"type":"branch","line":34,"loc":{"start":{"line":34,"column":4},"end":{"line":40,"column":5}},"locations":[{"start":{"line":34,"column":4},"end":{"line":40,"column":5}}]},"7":{"type":"branch","line":35,"loc":{"start":{"line":35,"column":38},"end":{"line":38,"column":9}},"locations":[{"start":{"line":35,"column":38},"end":{"line":38,"column":9}}]},"8":{"type":"branch","line":38,"loc":{"start":{"line":38,"column":8},"end":{"line":39,"column":21}},"locations":[{"start":{"line":38,"column":8},"end":{"line":39,"column":21}}]},"9":{"type":"branch","line":45,"loc":{"start":{"line":45,"column":4},"end":{"line":47,"column":5}},"locations":[{"start":{"line":45,"column":4},"end":{"line":47,"column":5}}]},"10":{"type":"branch","line":53,"loc":{"start":{"line":53,"column":4},"end":{"line":55,"column":5}},"locations":[{"start":{"line":53,"column":4},"end":{"line":55,"column":5}}]},"11":{"type":"branch","line":61,"loc":{"start":{"line":61,"column":4},"end":{"line":63,"column":5}},"locations":[{"start":{"line":61,"column":4},"end":{"line":63,"column":5}}]},"12":{"type":"branch","line":69,"loc":{"start":{"line":69,"column":4},"end":{"line":71,"column":5}},"locations":[{"start":{"line":69,"column":4},"end":{"line":71,"column":5}}]}},"b":{"0":[25],"1":[25],"2":[131],"3":[205],"4":[188],"5":[17],"6":[79],"7":[31],"8":[48],"9":[116],"10":[87],"11":[69],"12":[3]},"fnMap":{"0":{"name":"<instance_members_initializer>","decl":{"start":{"line":6,"column":7},"end":{"line":72,"column":1}},"loc":{"start":{"line":6,"column":7},"end":{"line":72,"column":1}},"line":6},"1":{"name":"TokenStream","decl":{"start":{"line":15,"column":4},"end":{"line":18,"column":5}},"loc":{"start":{"line":15,"column":4},"end":{"line":18,"column":5}},"line":15},"2":{"name":"current","decl":{"start":{"line":24,"column":4},"end":{"line":26,"column":5}},"loc":{"start":{"line":24,"column":4},"end":{"line":26,"column":5}},"line":24},"3":{"name":"match","decl":{"start":{"line":34,"column":4},"end":{"line":40,"column":5}},"loc":{"start":{"line":34,"column":4},"end":{"line":40,"column":5}},"line":34},"4":{"name":"advance","decl":{"start":{"line":45,"column":4},"end":{"line":47,"column":5}},"loc":{"start":{"line":45,"column":4},"end":{"line":47,"column":5}},"line":45},"5":{"name":"isAtEnd","decl":{"start":{"line":53,"column":4},"end":{"line":55,"column":5}},"loc":{"start":{"line":53,"column":4},"end":{"line":55,"column":5}},"line":53},"6":{"name":"save","decl":{"start":{"line":61,"column":4},"end":{"line":63,"column":5}},"loc":{"start":{"line":61,"column":4},"end":{"line":63,"column":5}},"line":61},"7":{"name":"restore","decl":{"start":{"line":69,"column":4},"end":{"line":71,"column":5}},"loc":{"start":{"line":69,"column":4},"end":{"line":71,"column":5}},"line":69}},"f":{"0":25,"1":25,"2":205,"3":79,"4":116,"5":87,"6":69,"7":3}}
,"/Users/honza/Documents/Programming/natural-deduction-solver/src/prolog/PrologController.ts": {"path":"/Users/honza/Documents/Programming/natural-deduction-solver/src/prolog/PrologController.ts","all":false,"statementMap":{"0":{"start":{"line":1,"column":0},"end":{"line":1,"column":53}},"12":{"start":{"line":13,"column":0},"end":{"line":13,"column":31}},"13":{"start":{"line":14,"column":0},"end":{"line":14,"column":53}},"19":{"start":{"line":20,"column":0},"end":{"line":20,"column":58}},"20":{"start":{"line":21,"column":0},"end":{"line":21,"column":39}},"21":{"start":{"line":22,"column":0},"end":{"line":22,"column":51}},"22":{"start":{"line":23,"column":0},"end":{"line":23,"column":40}},"23":{"start":{"line":24,"column":0},"end":{"line":24,"column":15}},"25":{"start":{"line":26,"column":0},"end":{"line":26,"column":64}},"26":{"start":{"line":27,"column":0},"end":{"line":27,"column":72}},"27":{"start":{"line":28,"column":0},"end":{"line":28,"column":9}},"29":{"start":{"line":30,"column":0},"end":{"line":30,"column":39}},"30":{"start":{"line":31,"column":0},"end":{"line":31,"column":5}},"37":{"start":{"line":38,"column":0},"end":{"line":38,"column":65}},"38":{"start":{"line":39,"column":0},"end":{"line":39,"column":59}},"39":{"start":{"line":40,"column":0},"end":{"line":40,"column":56}},"40":{"start":{"line":41,"column":0},"end":{"line":41,"column":5}},"46":{"start":{"line":47,"column":0},"end":{"line":47,"column":75}},"47":{"start":{"line":48,"column":0},"end":{"line":48,"column":59}},"48":{"start":{"line":49,"column":0},"end":{"line":49,"column":68}},"49":{"start":{"line":50,"column":0},"end":{"line":50,"column":5}},"55":{"start":{"line":56,"column":0},"end":{"line":56,"column":64}},"56":{"start":{"line":57,"column":0},"end":{"line":57,"column":64}},"57":{"start":{"line":58,"column":0},"end":{"line":58,"column":71}},"59":{"start":{"line":60,"column":0},"end":{"line":60,"column":46}},"60":{"start":{"line":61,"column":0},"end":{"line":61,"column":72}},"62":{"start":{"line":63,"column":0},"end":{"line":63,"column":24}},"63":{"start":{"line":64,"column":0},"end":{"line":64,"column":28}},"64":{"start":{"line":65,"column":0},"end":{"line":65,"column":100}},"65":{"start":{"line":66,"column":0},"end":{"line":66,"column":17}},"66":{"start":{"line":67,"column":0},"end":{"line":67,"column":13}},"67":{"start":{"line":68,"column":0},"end":{"line":68,"column":9}},"69":{"start":{"line":70,"column":0},"end":{"line":70,"column":55}},"70":{"start":{"line":71,"column":0},"end":{"line":71,"column":5}},"71":{"start":{"line":72,"column":0},"end":{"line":72,"column":1}}},"s":{"0":1,"12":1,"13":1,"19":1,"20":25,"21":1,"22":1,"23":1,"25":1,"26":1,"27":1,"29":25,"30":25,"37":1,"38":2,"39":2,"40":2,"46":1,"47":11,"48":11,"49":11,"55":1,"56":26,"57":7,"59":7,"60":7,"62":7,"63":7,"64":7,"65":7,"66":7,"67":7,"69":19,"70":26,"71":1},"branchMap":{"0":{"type":"branch","line":14,"loc":{"start":{"line":14,"column":4},"end":{"line":14,"column":53}},"locations":[{"start":{"line":14,"column":4},"end":{"line":14,"column":53}}]},"1":{"type":"branch","line":20,"loc":{"start":{"line":20,"column":4},"end":{"line":31,"column":5}},"locations":[{"start":{"line":20,"column":4},"end":{"line":31,"column":5}}]},"2":{"type":"branch","line":21,"loc":{"start":{"line":21,"column":38},"end":{"line":28,"column":9}},"locations":[{"start":{"line":21,"column":38},"end":{"line":28,"column":9}}]},"3":{"type":"branch","line":38,"loc":{"start":{"line":38,"column":4},"end":{"line":41,"column":5}},"locations":[{"start":{"line":38,"column":4},"end":{"line":41,"column":5}}]},"4":{"type":"branch","line":47,"loc":{"start":{"line":47,"column":4},"end":{"line":50,"column":5}},"locations":[{"start":{"line":47,"column":4},"end":{"line":50,"column":5}}]},"5":{"type":"branch","line":56,"loc":{"start":{"line":56,"column":18},"end":{"line":71,"column":5}},"locations":[{"start":{"line":56,"column":18},"end":{"line":71,"column":5}}]},"6":{"type":"branch","line":57,"loc":{"start":{"line":57,"column":32},"end":{"line":57,"column":63}},"locations":[{"start":{"line":57,"column":32},"end":{"line":57,"column":63}}]},"7":{"type":"branch","line":57,"loc":{"start":{"line":57,"column":63},"end":{"line":68,"column":9}},"locations":[{"start":{"line":57,"column":63},"end":{"line":68,"column":9}}]},"8":{"type":"branch","line":65,"loc":{"start":{"line":65,"column":93},"end":{"line":65,"column":100}},"locations":[{"start":{"line":65,"column":93},"end":{"line":65,"column":100}}]},"9":{"type":"branch","line":68,"loc":{"start":{"line":68,"column":8},"end":{"line":70,"column":55}},"locations":[{"start":{"line":68,"column":8},"end":{"line":70,"column":55}}]}},"b":{"0":[1],"1":[25],"2":[1],"3":[2],"4":[11],"5":[26],"6":[7],"7":[7],"8":[0],"9":[19]},"fnMap":{"0":{"name":"<static_initializer>","decl":{"start":{"line":14,"column":4},"end":{"line":14,"column":53}},"loc":{"start":{"line":14,"column":4},"end":{"line":14,"column":53}},"line":14},"1":{"name":"instance","decl":{"start":{"line":20,"column":4},"end":{"line":31,"column":5}},"loc":{"start":{"line":20,"column":4},"end":{"line":31,"column":5}},"line":20},"2":{"name":"loadString","decl":{"start":{"line":38,"column":4},"end":{"line":41,"column":5}},"loc":{"start":{"line":38,"column":4},"end":{"line":41,"column":5}},"line":38},"3":{"name":"query","decl":{"start":{"line":47,"column":4},"end":{"line":50,"column":5}},"loc":{"start":{"line":47,"column":4},"end":{"line":50,"column":5}},"line":47},"4":{"name":"parsePrologCompound","decl":{"start":{"line":56,"column":18},"end":{"line":71,"column":5}},"loc":{"start":{"line":56,"column":18},"end":{"line":71,"column":5}},"line":56}},"f":{"0":1,"1":25,"2":2,"3":11,"4":26}}
,"/Users/honza/Documents/Programming/natural-deduction-solver/src/prolog/PrologQueryWrapper.ts": {"path":"/Users/honza/Documents/Programming/natural-deduction-solver/src/prolog/PrologQueryWrapper.ts","all":false,"statementMap":{"6":{"start":{"line":7,"column":0},"end":{"line":7,"column":33}},"7":{"start":{"line":8,"column":0},"end":{"line":8,"column":34}},"14":{"start":{"line":15,"column":0},"end":{"line":15,"column":31}},"15":{"start":{"line":16,"column":0},"end":{"line":16,"column":27}},"16":{"start":{"line":17,"column":0},"end":{"line":17,"column":5}},"21":{"start":{"line":22,"column":0},"end":{"line":22,"column":18}},"22":{"start":{"line":23,"column":0},"end":{"line":23,"column":27}},"23":{"start":{"line":24,"column":0},"end":{"line":24,"column":35}},"24":{"start":{"line":25,"column":0},"end":{"line":25,"column":28}},"25":{"start":{"line":26,"column":0},"end":{"line":26,"column":9}},"27":{"start":{"line":28,"column":0},"end":{"line":28,"column":23}},"28":{"start":{"line":29,"column":0},"end":{"line":29,"column":5}},"33":{"start":{"line":34,"column":0},"end":{"line":34,"column":17}},"34":{"start":{"line":35,"column":0},"end":{"line":35,"column":33}},"35":{"start":{"line":36,"column":0},"end":{"line":36,"column":5}},"36":{"start":{"line":37,"column":0},"end":{"line":37,"column":1}}},"s":{"6":1,"7":11,"14":11,"15":11,"16":11,"21":11,"22":10,"23":10,"24":14,"25":14,"27":10,"28":10,"33":11,"34":1,"35":1,"36":11},"branchMap":{"0":{"type":"branch","line":7,"loc":{"start":{"line":7,"column":7},"end":{"line":37,"column":1}},"locations":[{"start":{"line":7,"column":7},"end":{"line":37,"column":1}}]},"1":{"type":"branch","line":15,"loc":{"start":{"line":15,"column":4},"end":{"line":17,"column":5}},"locations":[{"start":{"line":15,"column":4},"end":{"line":17,"column":5}}]},"2":{"type":"branch","line":22,"loc":{"start":{"line":22,"column":4},"end":{"line":29,"column":5}},"locations":[{"start":{"line":22,"column":4},"end":{"line":29,"column":5}}]},"3":{"type":"branch","line":24,"loc":{"start":{"line":24,"column":34},"end":{"line":26,"column":9}},"locations":[{"start":{"line":24,"column":34},"end":{"line":26,"column":9}}]},"4":{"type":"branch","line":34,"loc":{"start":{"line":34,"column":4},"end":{"line":36,"column":5}},"locations":[{"start":{"line":34,"column":4},"end":{"line":36,"column":5}}]}},"b":{"0":[11],"1":[11],"2":[10],"3":[14],"4":[1]},"fnMap":{"0":{"name":"<instance_members_initializer>","decl":{"start":{"line":7,"column":7},"end":{"line":37,"column":1}},"loc":{"start":{"line":7,"column":7},"end":{"line":37,"column":1}},"line":7},"1":{"name":"PrologQueryWrapper","decl":{"start":{"line":15,"column":4},"end":{"line":17,"column":5}},"loc":{"start":{"line":15,"column":4},"end":{"line":17,"column":5}},"line":15},"2":{"name":"all","decl":{"start":{"line":22,"column":4},"end":{"line":29,"column":5}},"loc":{"start":{"line":22,"column":4},"end":{"line":29,"column":5}},"line":22},"3":{"name":"once","decl":{"start":{"line":34,"column":4},"end":{"line":36,"column":5}},"loc":{"start":{"line":34,"column":4},"end":{"line":36,"column":5}},"line":34}},"f":{"0":11,"1":11,"2":10,"3":1}}
}
