{"/Users/honza/Documents/Programming/natural-deduction-solver/svelte.config.js": {"path":"/Users/honza/Documents/Programming/natural-deduction-solver/svelte.config.js","all":true,"statementMap":{"0":{"start":{"line":1,"column":0},"end":{"line":1,"column":61}},"1":{"start":{"line":2,"column":0},"end":{"line":2,"column":0}},"2":{"start":{"line":3,"column":0},"end":{"line":3,"column":16}},"3":{"start":{"line":4,"column":0},"end":{"line":4,"column":67}},"4":{"start":{"line":5,"column":0},"end":{"line":5,"column":45}},"5":{"start":{"line":6,"column":0},"end":{"line":6,"column":31}},"6":{"start":{"line":7,"column":0},"end":{"line":7,"column":1}}},"s":{"0":0,"1":0,"2":0,"3":0,"4":0,"5":0,"6":0},"branchMap":{"0":{"type":"branch","line":1,"loc":{"start":{"line":1,"column":0},"end":{"line":7,"column":-79}},"locations":[{"start":{"line":1,"column":0},"end":{"line":7,"column":-79}}]}},"b":{"0":[0]},"fnMap":{"0":{"name":"(empty-report)","decl":{"start":{"line":1,"column":0},"end":{"line":7,"column":-79}},"loc":{"start":{"line":1,"column":0},"end":{"line":7,"column":-79}},"line":1}},"f":{"0":0}}
,"/Users/honza/Documents/Programming/natural-deduction-solver/src/App.svelte": {"path":"/Users/honza/Documents/Programming/natural-deduction-solver/src/App.svelte","all":true,"statementMap":{"0":{"start":{"line":1,"column":0},"end":{"line":1,"column":18}},"58":{"start":{"line":59,"column":0},"end":{"line":59,"column":31}},"59":{"start":{"line":60,"column":0},"end":{"line":60,"column":39}},"60":{"start":{"line":61,"column":0},"end":{"line":61,"column":38}},"62":{"start":{"line":63,"column":0},"end":{"line":63,"column":59}},"68":{"start":{"line":69,"column":0},"end":{"line":69,"column":37}},"69":{"start":{"line":70,"column":0},"end":{"line":70,"column":26}},"70":{"start":{"line":71,"column":0},"end":{"line":71,"column":35}},"71":{"start":{"line":72,"column":0},"end":{"line":72,"column":78}},"72":{"start":{"line":73,"column":0},"end":{"line":73,"column":41}},"74":{"start":{"line":75,"column":0},"end":{"line":75,"column":28}},"75":{"start":{"line":76,"column":0},"end":{"line":76,"column":27}},"76":{"start":{"line":77,"column":0},"end":{"line":77,"column":34}},"80":{"start":{"line":81,"column":0},"end":{"line":81,"column":27}},"81":{"start":{"line":82,"column":0},"end":{"line":82,"column":27}},"82":{"start":{"line":83,"column":0},"end":{"line":83,"column":34}},"87":{"start":{"line":88,"column":0},"end":{"line":88,"column":78}},"88":{"start":{"line":89,"column":0},"end":{"line":89,"column":40}},"89":{"start":{"line":90,"column":0},"end":{"line":90,"column":44}},"92":{"start":{"line":93,"column":0},"end":{"line":93,"column":68}},"94":{"start":{"line":95,"column":0},"end":{"line":95,"column":47}},"95":{"start":{"line":96,"column":0},"end":{"line":96,"column":43}},"98":{"start":{"line":99,"column":0},"end":{"line":99,"column":36}},"99":{"start":{"line":100,"column":0},"end":{"line":100,"column":52}},"103":{"start":{"line":104,"column":0},"end":{"line":104,"column":47}},"104":{"start":{"line":105,"column":0},"end":{"line":105,"column":51}},"108":{"start":{"line":109,"column":0},"end":{"line":109,"column":105}},"110":{"start":{"line":111,"column":0},"end":{"line":111,"column":49}},"111":{"start":{"line":112,"column":0},"end":{"line":112,"column":56}},"112":{"start":{"line":113,"column":0},"end":{"line":113,"column":42}},"116":{"start":{"line":117,"column":0},"end":{"line":117,"column":41}},"117":{"start":{"line":118,"column":0},"end":{"line":118,"column":31}},"118":{"start":{"line":119,"column":0},"end":{"line":119,"column":33}},"119":{"start":{"line":120,"column":0},"end":{"line":120,"column":67}},"120":{"start":{"line":121,"column":0},"end":{"line":121,"column":36}},"122":{"start":{"line":123,"column":0},"end":{"line":123,"column":78}},"123":{"start":{"line":124,"column":0},"end":{"line":124,"column":81}},"124":{"start":{"line":125,"column":0},"end":{"line":125,"column":41}},"125":{"start":{"line":126,"column":0},"end":{"line":126,"column":40}},"126":{"start":{"line":127,"column":0},"end":{"line":127,"column":49}},"130":{"start":{"line":131,"column":0},"end":{"line":131,"column":65}},"131":{"start":{"line":132,"column":0},"end":{"line":132,"column":58}},"132":{"start":{"line":133,"column":0},"end":{"line":133,"column":33}},"139":{"start":{"line":140,"column":0},"end":{"line":140,"column":27}},"140":{"start":{"line":141,"column":0},"end":{"line":141,"column":25}},"141":{"start":{"line":142,"column":0},"end":{"line":142,"column":67}},"142":{"start":{"line":143,"column":0},"end":{"line":143,"column":31}},"144":{"start":{"line":145,"column":0},"end":{"line":145,"column":57}},"145":{"start":{"line":146,"column":0},"end":{"line":146,"column":72}},"146":{"start":{"line":147,"column":0},"end":{"line":147,"column":55}},"149":{"start":{"line":150,"column":0},"end":{"line":150,"column":47}},"150":{"start":{"line":151,"column":0},"end":{"line":151,"column":63}},"153":{"start":{"line":154,"column":0},"end":{"line":154,"column":37}},"154":{"start":{"line":155,"column":0},"end":{"line":155,"column":78}},"156":{"start":{"line":157,"column":0},"end":{"line":157,"column":54}},"157":{"start":{"line":158,"column":0},"end":{"line":158,"column":29}},"163":{"start":{"line":164,"column":0},"end":{"line":164,"column":110}},"164":{"start":{"line":165,"column":0},"end":{"line":165,"column":29}},"165":{"start":{"line":166,"column":0},"end":{"line":166,"column":31}},"166":{"start":{"line":167,"column":0},"end":{"line":167,"column":45}},"168":{"start":{"line":169,"column":0},"end":{"line":169,"column":48}},"169":{"start":{"line":170,"column":0},"end":{"line":170,"column":48}},"171":{"start":{"line":172,"column":0},"end":{"line":172,"column":25}},"172":{"start":{"line":173,"column":0},"end":{"line":173,"column":49}},"176":{"start":{"line":177,"column":0},"end":{"line":177,"column":27}},"177":{"start":{"line":178,"column":0},"end":{"line":178,"column":30}},"178":{"start":{"line":179,"column":0},"end":{"line":179,"column":26}},"179":{"start":{"line":180,"column":0},"end":{"line":180,"column":38}},"182":{"start":{"line":183,"column":0},"end":{"line":183,"column":41}},"183":{"start":{"line":184,"column":0},"end":{"line":184,"column":47}},"184":{"start":{"line":185,"column":0},"end":{"line":185,"column":52}},"185":{"start":{"line":186,"column":0},"end":{"line":186,"column":46}},"186":{"start":{"line":187,"column":0},"end":{"line":187,"column":28}},"188":{"start":{"line":189,"column":0},"end":{"line":189,"column":81}},"189":{"start":{"line":190,"column":0},"end":{"line":190,"column":47}},"192":{"start":{"line":193,"column":0},"end":{"line":193,"column":77}},"193":{"start":{"line":194,"column":0},"end":{"line":194,"column":44}},"196":{"start":{"line":197,"column":0},"end":{"line":197,"column":48}},"197":{"start":{"line":198,"column":0},"end":{"line":198,"column":44}},"198":{"start":{"line":199,"column":0},"end":{"line":199,"column":41}},"201":{"start":{"line":202,"column":0},"end":{"line":202,"column":51}},"202":{"start":{"line":203,"column":0},"end":{"line":203,"column":44}},"203":{"start":{"line":204,"column":0},"end":{"line":204,"column":39}},"204":{"start":{"line":205,"column":0},"end":{"line":205,"column":49}},"205":{"start":{"line":206,"column":0},"end":{"line":206,"column":30}},"207":{"start":{"line":208,"column":0},"end":{"line":208,"column":86}},"208":{"start":{"line":209,"column":0},"end":{"line":209,"column":78}},"209":{"start":{"line":210,"column":0},"end":{"line":210,"column":87}},"210":{"start":{"line":211,"column":0},"end":{"line":211,"column":55}},"212":{"start":{"line":213,"column":0},"end":{"line":213,"column":39}},"214":{"start":{"line":215,"column":0},"end":{"line":215,"column":41}},"215":{"start":{"line":216,"column":0},"end":{"line":216,"column":33}},"219":{"start":{"line":220,"column":0},"end":{"line":220,"column":58}},"220":{"start":{"line":221,"column":0},"end":{"line":221,"column":40}},"221":{"start":{"line":222,"column":0},"end":{"line":222,"column":102}},"222":{"start":{"line":223,"column":0},"end":{"line":223,"column":109}},"223":{"start":{"line":224,"column":0},"end":{"line":224,"column":26}},"225":{"start":{"line":226,"column":0},"end":{"line":226,"column":37}},"226":{"start":{"line":227,"column":0},"end":{"line":227,"column":36}},"227":{"start":{"line":228,"column":0},"end":{"line":228,"column":29}},"230":{"start":{"line":231,"column":0},"end":{"line":231,"column":62}},"231":{"start":{"line":232,"column":0},"end":{"line":232,"column":63}},"233":{"start":{"line":234,"column":0},"end":{"line":234,"column":36}},"236":{"start":{"line":237,"column":0},"end":{"line":237,"column":43}},"237":{"start":{"line":238,"column":0},"end":{"line":238,"column":30}},"239":{"start":{"line":240,"column":0},"end":{"line":240,"column":44}},"241":{"start":{"line":242,"column":0},"end":{"line":242,"column":66}},"242":{"start":{"line":243,"column":0},"end":{"line":243,"column":84}},"243":{"start":{"line":244,"column":0},"end":{"line":244,"column":36}},"244":{"start":{"line":245,"column":0},"end":{"line":245,"column":45}},"245":{"start":{"line":246,"column":0},"end":{"line":246,"column":30}},"248":{"start":{"line":249,"column":0},"end":{"line":249,"column":53}},"250":{"start":{"line":251,"column":0},"end":{"line":251,"column":38}},"251":{"start":{"line":252,"column":0},"end":{"line":252,"column":34}},"252":{"start":{"line":253,"column":0},"end":{"line":253,"column":26}},"258":{"start":{"line":259,"column":0},"end":{"line":259,"column":51}},"260":{"start":{"line":261,"column":0},"end":{"line":261,"column":38}},"262":{"start":{"line":263,"column":0},"end":{"line":263,"column":43}},"263":{"start":{"line":264,"column":0},"end":{"line":264,"column":38}},"265":{"start":{"line":266,"column":0},"end":{"line":266,"column":33}},"268":{"start":{"line":269,"column":0},"end":{"line":269,"column":19}},"270":{"start":{"line":271,"column":0},"end":{"line":271,"column":57}},"271":{"start":{"line":272,"column":0},"end":{"line":272,"column":46}},"274":{"start":{"line":275,"column":0},"end":{"line":275,"column":60}},"277":{"start":{"line":278,"column":0},"end":{"line":278,"column":48}},"278":{"start":{"line":279,"column":0},"end":{"line":279,"column":57}},"312":{"start":{"line":313,"column":0},"end":{"line":313,"column":74}},"314":{"start":{"line":315,"column":0},"end":{"line":315,"column":111}},"317":{"start":{"line":318,"column":0},"end":{"line":318,"column":113}},"323":{"start":{"line":324,"column":0},"end":{"line":324,"column":36}},"327":{"start":{"line":328,"column":0},"end":{"line":328,"column":99}},"328":{"start":{"line":329,"column":0},"end":{"line":329,"column":91}},"330":{"start":{"line":331,"column":0},"end":{"line":331,"column":81}},"331":{"start":{"line":332,"column":0},"end":{"line":332,"column":43}},"332":{"start":{"line":333,"column":0},"end":{"line":333,"column":95}},"339":{"start":{"line":340,"column":0},"end":{"line":340,"column":62}},"340":{"start":{"line":341,"column":0},"end":{"line":341,"column":67}},"341":{"start":{"line":342,"column":0},"end":{"line":342,"column":104}},"343":{"start":{"line":344,"column":0},"end":{"line":344,"column":60}},"344":{"start":{"line":345,"column":0},"end":{"line":345,"column":75}},"345":{"start":{"line":346,"column":0},"end":{"line":346,"column":70}},"346":{"start":{"line":347,"column":0},"end":{"line":347,"column":37}},"347":{"start":{"line":348,"column":0},"end":{"line":348,"column":97}},"354":{"start":{"line":355,"column":0},"end":{"line":355,"column":49}},"355":{"start":{"line":356,"column":0},"end":{"line":356,"column":61}},"360":{"start":{"line":361,"column":0},"end":{"line":361,"column":27}},"361":{"start":{"line":362,"column":0},"end":{"line":362,"column":53}},"363":{"start":{"line":364,"column":0},"end":{"line":364,"column":50}},"364":{"start":{"line":365,"column":0},"end":{"line":365,"column":70}},"365":{"start":{"line":366,"column":0},"end":{"line":366,"column":65}},"366":{"start":{"line":367,"column":0},"end":{"line":367,"column":66}},"367":{"start":{"line":368,"column":0},"end":{"line":368,"column":92}},"371":{"start":{"line":372,"column":0},"end":{"line":372,"column":47}},"372":{"start":{"line":373,"column":0},"end":{"line":373,"column":65}},"373":{"start":{"line":374,"column":0},"end":{"line":374,"column":60}},"374":{"start":{"line":375,"column":0},"end":{"line":375,"column":66}},"375":{"start":{"line":376,"column":0},"end":{"line":376,"column":84}},"380":{"start":{"line":381,"column":0},"end":{"line":381,"column":112}},"382":{"start":{"line":383,"column":0},"end":{"line":383,"column":57}},"383":{"start":{"line":384,"column":0},"end":{"line":384,"column":80}},"385":{"start":{"line":386,"column":0},"end":{"line":386,"column":75}},"391":{"start":{"line":392,"column":0},"end":{"line":392,"column":30}},"394":{"start":{"line":395,"column":0},"end":{"line":395,"column":49}},"395":{"start":{"line":396,"column":0},"end":{"line":396,"column":73}},"402":{"start":{"line":403,"column":0},"end":{"line":403,"column":46}},"403":{"start":{"line":404,"column":0},"end":{"line":404,"column":69}},"410":{"start":{"line":411,"column":0},"end":{"line":411,"column":43}},"411":{"start":{"line":412,"column":0},"end":{"line":412,"column":40}},"412":{"start":{"line":413,"column":0},"end":{"line":413,"column":65}},"418":{"start":{"line":419,"column":0},"end":{"line":419,"column":26}},"419":{"start":{"line":420,"column":0},"end":{"line":420,"column":59}},"427":{"start":{"line":428,"column":0},"end":{"line":428,"column":43}},"428":{"start":{"line":429,"column":0},"end":{"line":429,"column":39}},"429":{"start":{"line":430,"column":0},"end":{"line":430,"column":63}},"431":{"start":{"line":432,"column":0},"end":{"line":432,"column":52}},"432":{"start":{"line":433,"column":0},"end":{"line":433,"column":85}},"433":{"start":{"line":434,"column":0},"end":{"line":434,"column":73}},"435":{"start":{"line":436,"column":0},"end":{"line":436,"column":116}},"436":{"start":{"line":437,"column":0},"end":{"line":437,"column":73}},"440":{"start":{"line":441,"column":0},"end":{"line":441,"column":84}},"441":{"start":{"line":442,"column":0},"end":{"line":442,"column":68}},"442":{"start":{"line":443,"column":0},"end":{"line":443,"column":122}},"445":{"start":{"line":446,"column":0},"end":{"line":446,"column":52}},"446":{"start":{"line":447,"column":0},"end":{"line":447,"column":54}},"455":{"start":{"line":456,"column":0},"end":{"line":456,"column":80}},"457":{"start":{"line":458,"column":0},"end":{"line":458,"column":40}},"461":{"start":{"line":462,"column":0},"end":{"line":462,"column":43}},"463":{"start":{"line":464,"column":0},"end":{"line":464,"column":41}},"464":{"start":{"line":465,"column":0},"end":{"line":465,"column":31}},"465":{"start":{"line":466,"column":0},"end":{"line":466,"column":61}},"467":{"start":{"line":468,"column":0},"end":{"line":468,"column":46}},"469":{"start":{"line":470,"column":0},"end":{"line":470,"column":69}},"470":{"start":{"line":471,"column":0},"end":{"line":471,"column":44}},"471":{"start":{"line":472,"column":0},"end":{"line":472,"column":50}},"472":{"start":{"line":473,"column":0},"end":{"line":473,"column":45}},"473":{"start":{"line":474,"column":0},"end":{"line":474,"column":54}},"474":{"start":{"line":475,"column":0},"end":{"line":475,"column":38}},"476":{"start":{"line":477,"column":0},"end":{"line":477,"column":40}}},"s":{"0":0,"58":0,"59":0,"60":0,"62":0,"68":0,"69":0,"70":0,"71":0,"72":0,"74":0,"75":0,"76":0,"80":0,"81":0,"82":0,"87":0,"88":0,"89":0,"92":0,"94":0,"95":0,"98":0,"99":0,"103":0,"104":0,"108":0,"110":0,"111":0,"112":0,"116":0,"117":0,"118":0,"119":0,"120":0,"122":0,"123":0,"124":0,"125":0,"126":0,"130":0,"131":0,"132":0,"139":0,"140":0,"141":0,"142":0,"144":0,"145":0,"146":0,"149":0,"150":0,"153":0,"154":0,"156":0,"157":0,"163":0,"164":0,"165":0,"166":0,"168":0,"169":0,"171":0,"172":0,"176":0,"177":0,"178":0,"179":0,"182":0,"183":0,"184":0,"185":0,"186":0,"188":0,"189":0,"192":0,"193":0,"196":0,"197":0,"198":0,"201":0,"202":0,"203":0,"204":0,"205":0,"207":0,"208":0,"209":0,"210":0,"212":0,"214":0,"215":0,"219":0,"220":0,"221":0,"222":0,"223":0,"225":0,"226":0,"227":0,"230":0,"231":0,"233":0,"236":0,"237":0,"239":0,"241":0,"242":0,"243":0,"244":0,"245":0,"248":0,"250":0,"251":0,"252":0,"258":0,"260":0,"262":0,"263":0,"265":0,"268":0,"270":0,"271":0,"274":0,"277":0,"278":0,"312":0,"314":0,"317":0,"323":0,"327":0,"328":0,"330":0,"331":0,"332":0,"339":0,"340":0,"341":0,"343":0,"344":0,"345":0,"346":0,"347":0,"354":0,"355":0,"360":0,"361":0,"363":0,"364":0,"365":0,"366":0,"367":0,"371":0,"372":0,"373":0,"374":0,"375":0,"380":0,"382":0,"383":0,"385":0,"391":0,"394":0,"395":0,"402":0,"403":0,"410":0,"411":0,"412":0,"418":0,"419":0,"427":0,"428":0,"429":0,"431":0,"432":0,"433":0,"435":0,"436":0,"440":0,"441":0,"442":0,"445":0,"446":0,"455":0,"457":0,"461":0,"463":0,"464":0,"465":0,"467":0,"469":0,"470":0,"471":0,"472":0,"473":0,"474":0,"476":0},"branchMap":{"0":{"type":"branch","line":1,"loc":{"start":{"line":1,"column":19425},"end":{"line":534,"column":8}},"locations":[{"start":{"line":1,"column":19425},"end":{"line":534,"column":8}}]}},"b":{"0":[0]},"fnMap":{"0":{"name":"(empty-report)","decl":{"start":{"line":1,"column":19425},"end":{"line":534,"column":8}},"loc":{"start":{"line":1,"column":19425},"end":{"line":534,"column":8}},"line":1}},"f":{"0":0}}
,"/Users/honza/Documents/Programming/natural-deduction-solver/src/main.ts": {"path":"/Users/honza/Documents/Programming/natural-deduction-solver/src/main.ts","all":true,"statementMap":{"0":{"start":{"line":1,"column":0},"end":{"line":1,"column":30}},"1":{"start":{"line":2,"column":0},"end":{"line":2,"column":18}},"2":{"start":{"line":3,"column":0},"end":{"line":3,"column":30}},"4":{"start":{"line":5,"column":0},"end":{"line":5,"column":24}},"5":{"start":{"line":6,"column":0},"end":{"line":6,"column":42}},"6":{"start":{"line":7,"column":0},"end":{"line":7,"column":2}},"8":{"start":{"line":9,"column":0},"end":{"line":9,"column":18}}},"s":{"0":0,"1":0,"2":0,"4":0,"5":0,"6":0,"8":0},"branchMap":{"0":{"type":"branch","line":1,"loc":{"start":{"line":1,"column":172},"end":{"line":9,"column":18}},"locations":[{"start":{"line":1,"column":172},"end":{"line":9,"column":18}}]}},"b":{"0":[0]},"fnMap":{"0":{"name":"(empty-report)","decl":{"start":{"line":1,"column":172},"end":{"line":9,"column":18}},"loc":{"start":{"line":1,"column":172},"end":{"line":9,"column":18}},"line":1}},"f":{"0":0}}
,"/Users/honza/Documents/Programming/natural-deduction-solver/src/vite-env.d.ts": {"path":"/Users/honza/Documents/Programming/natural-deduction-solver/src/vite-env.d.ts","all":true,"statementMap":{},"s":{},"branchMap":{"0":{"type":"branch","line":1,"loc":{"start":{"line":1,"column":70},"end":{"line":2,"column":37}},"locations":[{"start":{"line":1,"column":70},"end":{"line":2,"column":37}}]}},"b":{"0":[1]},"fnMap":{"0":{"name":"(empty-report)","decl":{"start":{"line":1,"column":70},"end":{"line":2,"column":37}},"loc":{"start":{"line":1,"column":70},"end":{"line":2,"column":37}},"line":1}},"f":{"0":1}}
,"/Users/honza/Documents/Programming/natural-deduction-solver/src/lib/rules/DeductionRule.ts": {"path":"/Users/honza/Documents/Programming/natural-deduction-solver/src/lib/rules/DeductionRule.ts","all":false,"statementMap":{"0":{"start":{"line":1,"column":0},"end":{"line":1,"column":58}},"10":{"start":{"line":11,"column":0},"end":{"line":11,"column":20}},"12":{"start":{"line":13,"column":0},"end":{"line":13,"column":47}},"13":{"start":{"line":14,"column":0},"end":{"line":14,"column":46}},"14":{"start":{"line":15,"column":0},"end":{"line":15,"column":47}},"15":{"start":{"line":16,"column":0},"end":{"line":16,"column":46}},"16":{"start":{"line":17,"column":0},"end":{"line":17,"column":47}},"17":{"start":{"line":18,"column":0},"end":{"line":18,"column":44}},"18":{"start":{"line":19,"column":0},"end":{"line":19,"column":46}},"19":{"start":{"line":20,"column":0},"end":{"line":20,"column":45}},"22":{"start":{"line":23,"column":0},"end":{"line":23,"column":54}},"23":{"start":{"line":24,"column":0},"end":{"line":24,"column":53}},"24":{"start":{"line":25,"column":0},"end":{"line":25,"column":57}},"25":{"start":{"line":26,"column":0},"end":{"line":26,"column":56}},"27":{"start":{"line":28,"column":0},"end":{"line":28,"column":18}},"28":{"start":{"line":29,"column":0},"end":{"line":29,"column":18}},"29":{"start":{"line":30,"column":0},"end":{"line":30,"column":16}},"30":{"start":{"line":31,"column":0},"end":{"line":31,"column":18}},"41":{"start":{"line":42,"column":0},"end":{"line":42,"column":45}},"42":{"start":{"line":43,"column":0},"end":{"line":43,"column":18}},"43":{"start":{"line":44,"column":0},"end":{"line":44,"column":18}},"44":{"start":{"line":45,"column":0},"end":{"line":45,"column":22}},"45":{"start":{"line":46,"column":0},"end":{"line":46,"column":23}},"46":{"start":{"line":47,"column":0},"end":{"line":47,"column":19}},"57":{"start":{"line":58,"column":0},"end":{"line":58,"column":16}},"58":{"start":{"line":59,"column":0},"end":{"line":59,"column":22}},"59":{"start":{"line":60,"column":0},"end":{"line":60,"column":22}},"60":{"start":{"line":61,"column":0},"end":{"line":61,"column":30}},"61":{"start":{"line":62,"column":0},"end":{"line":62,"column":31}},"62":{"start":{"line":63,"column":0},"end":{"line":63,"column":28}},"63":{"start":{"line":64,"column":0},"end":{"line":64,"column":7}},"64":{"start":{"line":65,"column":0},"end":{"line":65,"column":27}},"65":{"start":{"line":66,"column":0},"end":{"line":66,"column":27}},"66":{"start":{"line":67,"column":0},"end":{"line":67,"column":35}},"67":{"start":{"line":68,"column":0},"end":{"line":68,"column":37}},"68":{"start":{"line":69,"column":0},"end":{"line":69,"column":29}},"69":{"start":{"line":70,"column":0},"end":{"line":70,"column":5}},"71":{"start":{"line":72,"column":0},"end":{"line":72,"column":60}},"72":{"start":{"line":73,"column":0},"end":{"line":73,"column":63}},"73":{"start":{"line":74,"column":0},"end":{"line":74,"column":66}},"74":{"start":{"line":75,"column":0},"end":{"line":75,"column":36}},"75":{"start":{"line":76,"column":0},"end":{"line":76,"column":20}},"76":{"start":{"line":77,"column":0},"end":{"line":77,"column":38}},"77":{"start":{"line":78,"column":0},"end":{"line":78,"column":10}},"78":{"start":{"line":79,"column":0},"end":{"line":79,"column":10}},"79":{"start":{"line":80,"column":0},"end":{"line":80,"column":48}},"80":{"start":{"line":81,"column":0},"end":{"line":81,"column":6}},"83":{"start":{"line":84,"column":0},"end":{"line":84,"column":36}},"84":{"start":{"line":85,"column":0},"end":{"line":85,"column":20}},"85":{"start":{"line":86,"column":0},"end":{"line":86,"column":37}},"86":{"start":{"line":87,"column":0},"end":{"line":87,"column":10}},"87":{"start":{"line":88,"column":0},"end":{"line":88,"column":10}},"88":{"start":{"line":89,"column":0},"end":{"line":89,"column":48}},"89":{"start":{"line":90,"column":0},"end":{"line":90,"column":6}},"91":{"start":{"line":92,"column":0},"end":{"line":92,"column":36}},"92":{"start":{"line":93,"column":0},"end":{"line":93,"column":20}},"93":{"start":{"line":94,"column":0},"end":{"line":94,"column":38}},"94":{"start":{"line":95,"column":0},"end":{"line":95,"column":79}},"95":{"start":{"line":96,"column":0},"end":{"line":96,"column":10}},"96":{"start":{"line":97,"column":0},"end":{"line":97,"column":56}},"97":{"start":{"line":98,"column":0},"end":{"line":98,"column":6}},"99":{"start":{"line":100,"column":0},"end":{"line":100,"column":36}},"100":{"start":{"line":101,"column":0},"end":{"line":101,"column":20}},"101":{"start":{"line":102,"column":0},"end":{"line":102,"column":37}},"102":{"start":{"line":103,"column":0},"end":{"line":103,"column":10}},"103":{"start":{"line":104,"column":0},"end":{"line":104,"column":10}},"104":{"start":{"line":105,"column":0},"end":{"line":105,"column":64}},"105":{"start":{"line":106,"column":0},"end":{"line":106,"column":6}},"107":{"start":{"line":108,"column":0},"end":{"line":108,"column":36}},"108":{"start":{"line":109,"column":0},"end":{"line":109,"column":20}},"109":{"start":{"line":110,"column":0},"end":{"line":110,"column":38}},"110":{"start":{"line":111,"column":0},"end":{"line":111,"column":10}},"111":{"start":{"line":112,"column":0},"end":{"line":112,"column":10}},"112":{"start":{"line":113,"column":0},"end":{"line":113,"column":48}},"113":{"start":{"line":114,"column":0},"end":{"line":114,"column":6}},"115":{"start":{"line":116,"column":0},"end":{"line":116,"column":34}},"116":{"start":{"line":117,"column":0},"end":{"line":117,"column":18}},"117":{"start":{"line":118,"column":0},"end":{"line":118,"column":23}},"118":{"start":{"line":119,"column":0},"end":{"line":119,"column":10}},"119":{"start":{"line":120,"column":0},"end":{"line":120,"column":10}},"120":{"start":{"line":121,"column":0},"end":{"line":121,"column":48}},"121":{"start":{"line":122,"column":0},"end":{"line":122,"column":6}},"123":{"start":{"line":124,"column":0},"end":{"line":124,"column":35}},"124":{"start":{"line":125,"column":0},"end":{"line":125,"column":19}},"125":{"start":{"line":126,"column":0},"end":{"line":126,"column":38}},"126":{"start":{"line":127,"column":0},"end":{"line":127,"column":10}},"127":{"start":{"line":128,"column":0},"end":{"line":128,"column":10}},"128":{"start":{"line":129,"column":0},"end":{"line":129,"column":56}},"129":{"start":{"line":130,"column":0},"end":{"line":130,"column":6}},"131":{"start":{"line":132,"column":0},"end":{"line":132,"column":35}},"132":{"start":{"line":133,"column":0},"end":{"line":133,"column":19}},"133":{"start":{"line":134,"column":0},"end":{"line":134,"column":37}},"134":{"start":{"line":135,"column":0},"end":{"line":135,"column":10}},"135":{"start":{"line":136,"column":0},"end":{"line":136,"column":10}},"136":{"start":{"line":137,"column":0},"end":{"line":137,"column":64}},"137":{"start":{"line":138,"column":0},"end":{"line":138,"column":6}},"139":{"start":{"line":140,"column":0},"end":{"line":140,"column":36}},"140":{"start":{"line":141,"column":0},"end":{"line":141,"column":20}},"141":{"start":{"line":142,"column":0},"end":{"line":142,"column":45}},"142":{"start":{"line":143,"column":0},"end":{"line":143,"column":10}},"143":{"start":{"line":144,"column":0},"end":{"line":144,"column":10}},"144":{"start":{"line":145,"column":0},"end":{"line":145,"column":49}},"145":{"start":{"line":146,"column":0},"end":{"line":146,"column":6}},"147":{"start":{"line":148,"column":0},"end":{"line":148,"column":36}},"148":{"start":{"line":149,"column":0},"end":{"line":149,"column":20}},"149":{"start":{"line":150,"column":0},"end":{"line":150,"column":44}},"150":{"start":{"line":151,"column":0},"end":{"line":151,"column":10}},"151":{"start":{"line":152,"column":0},"end":{"line":152,"column":10}},"152":{"start":{"line":153,"column":0},"end":{"line":153,"column":51}},"153":{"start":{"line":154,"column":0},"end":{"line":154,"column":6}},"155":{"start":{"line":156,"column":0},"end":{"line":156,"column":35}},"156":{"start":{"line":157,"column":0},"end":{"line":157,"column":19}},"157":{"start":{"line":158,"column":0},"end":{"line":158,"column":49}},"158":{"start":{"line":159,"column":0},"end":{"line":159,"column":10}},"159":{"start":{"line":160,"column":0},"end":{"line":160,"column":10}},"160":{"start":{"line":161,"column":0},"end":{"line":161,"column":51}},"161":{"start":{"line":162,"column":0},"end":{"line":162,"column":6}},"163":{"start":{"line":164,"column":0},"end":{"line":164,"column":35}},"164":{"start":{"line":165,"column":0},"end":{"line":165,"column":19}},"165":{"start":{"line":166,"column":0},"end":{"line":166,"column":48}},"166":{"start":{"line":167,"column":0},"end":{"line":167,"column":10}},"167":{"start":{"line":168,"column":0},"end":{"line":168,"column":10}},"168":{"start":{"line":169,"column":0},"end":{"line":169,"column":51}},"169":{"start":{"line":170,"column":0},"end":{"line":170,"column":6}},"175":{"start":{"line":176,"column":0},"end":{"line":176,"column":48}},"176":{"start":{"line":177,"column":0},"end":{"line":177,"column":27}},"178":{"start":{"line":179,"column":0},"end":{"line":179,"column":31}},"179":{"start":{"line":180,"column":0},"end":{"line":180,"column":31}},"180":{"start":{"line":181,"column":0},"end":{"line":181,"column":31}},"181":{"start":{"line":182,"column":0},"end":{"line":182,"column":31}},"182":{"start":{"line":183,"column":0},"end":{"line":183,"column":31}},"183":{"start":{"line":184,"column":0},"end":{"line":184,"column":29}},"184":{"start":{"line":185,"column":0},"end":{"line":185,"column":30}},"185":{"start":{"line":186,"column":0},"end":{"line":186,"column":30}},"186":{"start":{"line":187,"column":0},"end":{"line":187,"column":10}},"188":{"start":{"line":189,"column":0},"end":{"line":189,"column":59}},"189":{"start":{"line":190,"column":0},"end":{"line":190,"column":29}},"191":{"start":{"line":192,"column":0},"end":{"line":192,"column":16}},"192":{"start":{"line":193,"column":0},"end":{"line":193,"column":25}},"194":{"start":{"line":195,"column":0},"end":{"line":195,"column":31}},"195":{"start":{"line":196,"column":0},"end":{"line":196,"column":31}},"196":{"start":{"line":197,"column":0},"end":{"line":197,"column":30}},"197":{"start":{"line":198,"column":0},"end":{"line":198,"column":30}},"198":{"start":{"line":199,"column":0},"end":{"line":199,"column":10}},"199":{"start":{"line":200,"column":0},"end":{"line":200,"column":5}},"205":{"start":{"line":206,"column":0},"end":{"line":206,"column":57}},"206":{"start":{"line":207,"column":0},"end":{"line":207,"column":51}},"207":{"start":{"line":208,"column":0},"end":{"line":208,"column":78}},"208":{"start":{"line":209,"column":0},"end":{"line":209,"column":9}},"210":{"start":{"line":211,"column":0},"end":{"line":211,"column":97}},"211":{"start":{"line":212,"column":0},"end":{"line":212,"column":5}},"212":{"start":{"line":213,"column":0},"end":{"line":213,"column":1}}},"s":{"0":1,"10":1,"12":1,"13":1,"14":1,"15":1,"16":1,"17":1,"18":1,"19":1,"22":1,"23":1,"24":1,"25":1,"27":1,"28":1,"29":1,"30":1,"41":1,"42":30,"43":30,"44":30,"45":30,"46":30,"57":30,"58":30,"59":30,"60":30,"61":30,"62":30,"63":30,"64":30,"65":30,"66":30,"67":30,"68":30,"69":30,"71":30,"72":30,"73":30,"74":30,"75":30,"76":30,"77":30,"78":30,"79":30,"80":30,"83":30,"84":30,"85":30,"86":30,"87":30,"88":30,"89":30,"91":30,"92":30,"93":30,"94":30,"95":30,"96":30,"97":30,"99":30,"100":30,"101":30,"102":30,"103":30,"104":30,"105":30,"107":30,"108":30,"109":30,"110":30,"111":30,"112":30,"113":30,"115":30,"116":30,"117":30,"118":30,"119":30,"120":30,"121":30,"123":30,"124":30,"125":30,"126":30,"127":30,"128":30,"129":30,"131":30,"132":30,"133":30,"134":30,"135":30,"136":30,"137":30,"139":30,"140":30,"141":30,"142":30,"143":30,"144":30,"145":30,"147":30,"148":30,"149":30,"150":30,"151":30,"152":30,"153":30,"155":30,"156":30,"157":30,"158":30,"159":30,"160":30,"161":30,"163":30,"164":2,"165":2,"166":2,"167":2,"168":2,"169":2,"175":30,"176":2,"178":2,"179":2,"180":2,"181":2,"182":2,"183":2,"184":2,"185":2,"186":2,"188":2,"189":2,"191":0,"192":0,"194":0,"195":0,"196":0,"197":0,"198":0,"199":2,"205":30,"206":0,"207":0,"208":0,"210":0,"211":0,"212":30},"branchMap":{"0":{"type":"branch","line":11,"loc":{"start":{"line":11,"column":7},"end":{"line":11,"column":20}},"locations":[{"start":{"line":11,"column":7},"end":{"line":11,"column":20}}]},"1":{"type":"branch","line":42,"loc":{"start":{"line":42,"column":7},"end":{"line":213,"column":1}},"locations":[{"start":{"line":42,"column":7},"end":{"line":213,"column":1}}]},"2":{"type":"branch","line":58,"loc":{"start":{"line":58,"column":4},"end":{"line":70,"column":5}},"locations":[{"start":{"line":58,"column":4},"end":{"line":70,"column":5}}]},"3":{"type":"branch","line":164,"loc":{"start":{"line":164,"column":4},"end":{"line":170,"column":6}},"locations":[{"start":{"line":164,"column":4},"end":{"line":170,"column":6}}]},"4":{"type":"branch","line":176,"loc":{"start":{"line":176,"column":4},"end":{"line":200,"column":5}},"locations":[{"start":{"line":176,"column":4},"end":{"line":200,"column":5}}]},"5":{"type":"branch","line":190,"loc":{"start":{"line":190,"column":19},"end":{"line":199,"column":10}},"locations":[{"start":{"line":190,"column":19},"end":{"line":199,"column":10}}]}},"b":{"0":[2],"1":[30],"2":[30],"3":[2],"4":[2],"5":[0]},"fnMap":{"0":{"name":"<instance_members_initializer>","decl":{"start":{"line":42,"column":7},"end":{"line":213,"column":1}},"loc":{"start":{"line":42,"column":7},"end":{"line":213,"column":1}},"line":42},"1":{"name":"DeductionRule","decl":{"start":{"line":58,"column":4},"end":{"line":70,"column":5}},"loc":{"start":{"line":58,"column":4},"end":{"line":70,"column":5}},"line":58},"2":{"name":"<static_initializer>","decl":{"start":{"line":164,"column":4},"end":{"line":170,"column":6}},"loc":{"start":{"line":164,"column":4},"end":{"line":170,"column":6}},"line":164},"3":{"name":"get rules","decl":{"start":{"line":176,"column":4},"end":{"line":200,"column":5}},"loc":{"start":{"line":176,"column":4},"end":{"line":200,"column":5}},"line":176},"4":{"name":"getRule","decl":{"start":{"line":206,"column":18},"end":{"line":212,"column":5}},"loc":{"start":{"line":206,"column":18},"end":{"line":212,"column":5}},"line":206}},"f":{"0":30,"1":30,"2":2,"3":2,"4":0}}
,"/Users/honza/Documents/Programming/natural-deduction-solver/src/lib/rules/IRule.ts": {"path":"/Users/honza/Documents/Programming/natural-deduction-solver/src/lib/rules/IRule.ts","all":true,"statementMap":{},"s":{},"branchMap":{"0":{"type":"branch","line":1,"loc":{"start":{"line":1,"column":132},"end":{"line":8,"column":1}},"locations":[{"start":{"line":1,"column":132},"end":{"line":8,"column":1}}]}},"b":{"0":[1]},"fnMap":{"0":{"name":"(empty-report)","decl":{"start":{"line":1,"column":132},"end":{"line":8,"column":1}},"loc":{"start":{"line":1,"column":132},"end":{"line":8,"column":1}},"line":1}},"f":{"0":1}}
,"/Users/honza/Documents/Programming/natural-deduction-solver/src/lib/rules/Theorem.ts": {"path":"/Users/honza/Documents/Programming/natural-deduction-solver/src/lib/rules/Theorem.ts","all":true,"statementMap":{"2":{"start":{"line":3,"column":0},"end":{"line":3,"column":39}},"3":{"start":{"line":4,"column":0},"end":{"line":4,"column":19}},"4":{"start":{"line":5,"column":0},"end":{"line":5,"column":22}},"5":{"start":{"line":6,"column":0},"end":{"line":6,"column":23}},"6":{"start":{"line":7,"column":0},"end":{"line":7,"column":18}},"7":{"start":{"line":8,"column":0},"end":{"line":8,"column":18}},"9":{"start":{"line":10,"column":0},"end":{"line":10,"column":16}},"10":{"start":{"line":11,"column":0},"end":{"line":11,"column":22}},"11":{"start":{"line":12,"column":0},"end":{"line":12,"column":22}},"12":{"start":{"line":13,"column":0},"end":{"line":13,"column":30}},"13":{"start":{"line":14,"column":0},"end":{"line":14,"column":31}},"14":{"start":{"line":15,"column":0},"end":{"line":15,"column":28}},"15":{"start":{"line":16,"column":0},"end":{"line":16,"column":7}},"16":{"start":{"line":17,"column":0},"end":{"line":17,"column":27}},"17":{"start":{"line":18,"column":0},"end":{"line":18,"column":27}},"18":{"start":{"line":19,"column":0},"end":{"line":19,"column":35}},"19":{"start":{"line":20,"column":0},"end":{"line":20,"column":37}},"20":{"start":{"line":21,"column":0},"end":{"line":21,"column":29}},"21":{"start":{"line":22,"column":0},"end":{"line":22,"column":5}},"23":{"start":{"line":24,"column":0},"end":{"line":24,"column":54}},"24":{"start":{"line":25,"column":0},"end":{"line":25,"column":47}},"25":{"start":{"line":26,"column":0},"end":{"line":26,"column":5}},"26":{"start":{"line":27,"column":0},"end":{"line":27,"column":1}}},"s":{"2":0,"3":0,"4":0,"5":0,"6":0,"7":0,"9":0,"10":0,"11":0,"12":0,"13":0,"14":0,"15":0,"16":0,"17":0,"18":0,"19":0,"20":0,"21":0,"23":0,"24":0,"25":0,"26":0},"branchMap":{"0":{"type":"branch","line":1,"loc":{"start":{"line":1,"column":625},"end":{"line":27,"column":1}},"locations":[{"start":{"line":1,"column":625},"end":{"line":27,"column":1}}]}},"b":{"0":[1]},"fnMap":{"0":{"name":"(empty-report)","decl":{"start":{"line":1,"column":625},"end":{"line":27,"column":1}},"loc":{"start":{"line":1,"column":625},"end":{"line":27,"column":1}},"line":1}},"f":{"0":1}}
,"/Users/honza/Documents/Programming/natural-deduction-solver/src/lib/rules/TheoremRegistry.ts": {"path":"/Users/honza/Documents/Programming/natural-deduction-solver/src/lib/rules/TheoremRegistry.ts","all":true,"statementMap":{"0":{"start":{"line":1,"column":0},"end":{"line":1,"column":49}},"5":{"start":{"line":6,"column":0},"end":{"line":6,"column":30}},"6":{"start":{"line":7,"column":0},"end":{"line":7,"column":69}},"8":{"start":{"line":9,"column":0},"end":{"line":9,"column":49}},"9":{"start":{"line":10,"column":0},"end":{"line":10,"column":34}},"10":{"start":{"line":11,"column":0},"end":{"line":11,"column":61}},"13":{"start":{"line":14,"column":0},"end":{"line":14,"column":42}},"15":{"start":{"line":16,"column":0},"end":{"line":16,"column":34}},"16":{"start":{"line":17,"column":0},"end":{"line":17,"column":85}},"17":{"start":{"line":18,"column":0},"end":{"line":18,"column":46}},"18":{"start":{"line":19,"column":0},"end":{"line":19,"column":25}},"19":{"start":{"line":20,"column":0},"end":{"line":20,"column":9}},"21":{"start":{"line":22,"column":0},"end":{"line":22,"column":20}},"22":{"start":{"line":23,"column":0},"end":{"line":23,"column":5}},"24":{"start":{"line":25,"column":0},"end":{"line":25,"column":66}},"25":{"start":{"line":26,"column":0},"end":{"line":26,"column":78}},"29":{"start":{"line":30,"column":0},"end":{"line":30,"column":47}},"30":{"start":{"line":31,"column":0},"end":{"line":31,"column":49}},"31":{"start":{"line":32,"column":0},"end":{"line":32,"column":42}},"32":{"start":{"line":33,"column":0},"end":{"line":33,"column":13}},"33":{"start":{"line":34,"column":0},"end":{"line":34,"column":24}},"34":{"start":{"line":35,"column":0},"end":{"line":35,"column":11}},"37":{"start":{"line":38,"column":0},"end":{"line":38,"column":78}},"40":{"start":{"line":41,"column":0},"end":{"line":41,"column":63}},"42":{"start":{"line":43,"column":0},"end":{"line":43,"column":27}},"43":{"start":{"line":44,"column":0},"end":{"line":44,"column":5}},"45":{"start":{"line":46,"column":0},"end":{"line":46,"column":51}},"46":{"start":{"line":47,"column":0},"end":{"line":47,"column":47}},"47":{"start":{"line":48,"column":0},"end":{"line":48,"column":45}},"49":{"start":{"line":50,"column":0},"end":{"line":50,"column":53}},"50":{"start":{"line":51,"column":0},"end":{"line":51,"column":45}},"51":{"start":{"line":52,"column":0},"end":{"line":52,"column":48}},"53":{"start":{"line":54,"column":0},"end":{"line":54,"column":30}},"54":{"start":{"line":55,"column":0},"end":{"line":55,"column":28}},"56":{"start":{"line":57,"column":0},"end":{"line":57,"column":70}},"57":{"start":{"line":58,"column":0},"end":{"line":58,"column":47}},"58":{"start":{"line":59,"column":0},"end":{"line":59,"column":13}},"60":{"start":{"line":61,"column":0},"end":{"line":61,"column":31}},"61":{"start":{"line":62,"column":0},"end":{"line":62,"column":25}},"62":{"start":{"line":63,"column":0},"end":{"line":63,"column":10}},"64":{"start":{"line":65,"column":0},"end":{"line":65,"column":26}},"65":{"start":{"line":66,"column":0},"end":{"line":66,"column":5}},"67":{"start":{"line":68,"column":0},"end":{"line":68,"column":52}},"68":{"start":{"line":69,"column":0},"end":{"line":69,"column":36}},"69":{"start":{"line":70,"column":0},"end":{"line":70,"column":5}},"70":{"start":{"line":71,"column":0},"end":{"line":71,"column":1}}},"s":{"0":0,"5":0,"6":0,"8":0,"9":0,"10":0,"13":0,"15":0,"16":0,"17":0,"18":0,"19":0,"21":0,"22":0,"24":0,"25":0,"29":0,"30":0,"31":0,"32":0,"33":0,"34":0,"37":0,"40":0,"42":0,"43":0,"45":0,"46":0,"47":0,"49":0,"50":0,"51":0,"53":0,"54":0,"56":0,"57":0,"58":0,"60":0,"61":0,"62":0,"64":0,"65":0,"67":0,"68":0,"69":0,"70":0},"branchMap":{"0":{"type":"branch","line":1,"loc":{"start":{"line":1,"column":2192},"end":{"line":71,"column":1}},"locations":[{"start":{"line":1,"column":2192},"end":{"line":71,"column":1}}]}},"b":{"0":[0]},"fnMap":{"0":{"name":"(empty-report)","decl":{"start":{"line":1,"column":2192},"end":{"line":71,"column":1}},"loc":{"start":{"line":1,"column":2192},"end":{"line":71,"column":1}},"line":1}},"f":{"0":0}}
,"/Users/honza/Documents/Programming/natural-deduction-solver/src/lib/solver/FormulaComparer.ts": {"path":"/Users/honza/Documents/Programming/natural-deduction-solver/src/lib/solver/FormulaComparer.ts","all":false,"statementMap":{"7":{"start":{"line":8,"column":0},"end":{"line":8,"column":30}},"14":{"start":{"line":15,"column":0},"end":{"line":15,"column":91}},"16":{"start":{"line":17,"column":0},"end":{"line":17,"column":36}},"17":{"start":{"line":18,"column":0},"end":{"line":18,"column":24}},"18":{"start":{"line":19,"column":0},"end":{"line":19,"column":9}},"22":{"start":{"line":23,"column":0},"end":{"line":23,"column":75}},"23":{"start":{"line":24,"column":0},"end":{"line":24,"column":24}},"24":{"start":{"line":25,"column":0},"end":{"line":25,"column":9}},"27":{"start":{"line":28,"column":0},"end":{"line":28,"column":47}},"30":{"start":{"line":31,"column":0},"end":{"line":31,"column":41}},"31":{"start":{"line":32,"column":0},"end":{"line":32,"column":41}},"40":{"start":{"line":41,"column":0},"end":{"line":41,"column":59}},"41":{"start":{"line":42,"column":0},"end":{"line":42,"column":59}},"42":{"start":{"line":43,"column":0},"end":{"line":43,"column":38}},"43":{"start":{"line":44,"column":0},"end":{"line":44,"column":25}},"44":{"start":{"line":45,"column":0},"end":{"line":45,"column":9}},"47":{"start":{"line":48,"column":0},"end":{"line":48,"column":34}},"48":{"start":{"line":49,"column":0},"end":{"line":49,"column":24}},"49":{"start":{"line":50,"column":0},"end":{"line":50,"column":9}},"52":{"start":{"line":53,"column":0},"end":{"line":53,"column":21}},"53":{"start":{"line":54,"column":0},"end":{"line":54,"column":5}},"54":{"start":{"line":55,"column":0},"end":{"line":55,"column":1}}},"s":{"7":1,"14":1,"16":0,"17":0,"18":0,"22":0,"23":0,"24":0,"27":0,"30":0,"31":0,"40":0,"41":0,"42":0,"43":0,"44":0,"47":0,"48":0,"49":0,"52":0,"53":0,"54":1},"branchMap":{},"b":{},"fnMap":{"0":{"name":"compare","decl":{"start":{"line":15,"column":18},"end":{"line":54,"column":5}},"loc":{"start":{"line":15,"column":18},"end":{"line":54,"column":5}},"line":15}},"f":{"0":0}}
,"/Users/honza/Documents/Programming/natural-deduction-solver/src/lib/solver/PrettySyntaxer.ts": {"path":"/Users/honza/Documents/Programming/natural-deduction-solver/src/lib/solver/PrettySyntaxer.ts","all":false,"statementMap":{"3":{"start":{"line":4,"column":0},"end":{"line":4,"column":29}},"11":{"start":{"line":12,"column":0},"end":{"line":12,"column":44}},"12":{"start":{"line":13,"column":0},"end":{"line":13,"column":50}},"13":{"start":{"line":14,"column":0},"end":{"line":14,"column":43}},"14":{"start":{"line":15,"column":0},"end":{"line":15,"column":17}},"15":{"start":{"line":16,"column":0},"end":{"line":16,"column":5}},"22":{"start":{"line":23,"column":0},"end":{"line":23,"column":52}},"24":{"start":{"line":25,"column":0},"end":{"line":25,"column":21}},"27":{"start":{"line":28,"column":0},"end":{"line":28,"column":39}},"30":{"start":{"line":31,"column":0},"end":{"line":31,"column":41}},"31":{"start":{"line":32,"column":0},"end":{"line":32,"column":41}},"32":{"start":{"line":33,"column":0},"end":{"line":33,"column":41}},"33":{"start":{"line":34,"column":0},"end":{"line":34,"column":41}},"39":{"start":{"line":40,"column":0},"end":{"line":40,"column":17}},"40":{"start":{"line":41,"column":0},"end":{"line":41,"column":5}},"47":{"start":{"line":48,"column":0},"end":{"line":48,"column":59}},"48":{"start":{"line":49,"column":0},"end":{"line":49,"column":33}},"49":{"start":{"line":50,"column":0},"end":{"line":50,"column":34}},"50":{"start":{"line":51,"column":0},"end":{"line":51,"column":34}},"51":{"start":{"line":52,"column":0},"end":{"line":52,"column":34}},"52":{"start":{"line":53,"column":0},"end":{"line":53,"column":35}},"53":{"start":{"line":54,"column":0},"end":{"line":54,"column":33}},"54":{"start":{"line":55,"column":0},"end":{"line":55,"column":33}},"55":{"start":{"line":56,"column":0},"end":{"line":56,"column":33}},"56":{"start":{"line":57,"column":0},"end":{"line":57,"column":33}},"57":{"start":{"line":58,"column":0},"end":{"line":58,"column":34}},"59":{"start":{"line":60,"column":0},"end":{"line":60,"column":17}},"60":{"start":{"line":61,"column":0},"end":{"line":61,"column":5}},"69":{"start":{"line":70,"column":0},"end":{"line":70,"column":50}},"71":{"start":{"line":72,"column":0},"end":{"line":72,"column":21}},"74":{"start":{"line":75,"column":0},"end":{"line":75,"column":28}},"77":{"start":{"line":78,"column":0},"end":{"line":78,"column":35}},"80":{"start":{"line":81,"column":0},"end":{"line":81,"column":39}},"81":{"start":{"line":82,"column":0},"end":{"line":82,"column":17}},"82":{"start":{"line":83,"column":0},"end":{"line":83,"column":5}},"89":{"start":{"line":90,"column":0},"end":{"line":90,"column":47}},"90":{"start":{"line":91,"column":0},"end":{"line":91,"column":16}},"93":{"start":{"line":94,"column":0},"end":{"line":94,"column":23}},"94":{"start":{"line":95,"column":0},"end":{"line":95,"column":66}},"95":{"start":{"line":96,"column":0},"end":{"line":96,"column":34}},"98":{"start":{"line":99,"column":0},"end":{"line":99,"column":38}},"99":{"start":{"line":100,"column":0},"end":{"line":100,"column":64}},"100":{"start":{"line":101,"column":0},"end":{"line":101,"column":64}},"101":{"start":{"line":102,"column":0},"end":{"line":102,"column":64}},"102":{"start":{"line":103,"column":0},"end":{"line":103,"column":64}},"103":{"start":{"line":104,"column":0},"end":{"line":104,"column":64}},"104":{"start":{"line":105,"column":0},"end":{"line":105,"column":64}},"105":{"start":{"line":106,"column":0},"end":{"line":106,"column":64}},"106":{"start":{"line":107,"column":0},"end":{"line":107,"column":64}},"107":{"start":{"line":108,"column":0},"end":{"line":108,"column":64}},"108":{"start":{"line":109,"column":0},"end":{"line":109,"column":55}},"109":{"start":{"line":110,"column":0},"end":{"line":110,"column":82}},"110":{"start":{"line":111,"column":0},"end":{"line":111,"column":82}},"111":{"start":{"line":112,"column":0},"end":{"line":112,"column":79}},"113":{"start":{"line":114,"column":0},"end":{"line":114,"column":32}},"114":{"start":{"line":115,"column":0},"end":{"line":115,"column":30}},"118":{"start":{"line":119,"column":0},"end":{"line":119,"column":5}},"119":{"start":{"line":120,"column":0},"end":{"line":120,"column":1}}},"s":{"3":1,"11":1,"12":0,"13":0,"14":0,"15":0,"22":1,"24":0,"27":0,"30":0,"31":0,"32":0,"33":0,"39":0,"40":0,"47":1,"48":0,"49":0,"50":0,"51":0,"52":0,"53":0,"54":0,"55":0,"56":0,"57":0,"59":0,"60":0,"69":1,"71":0,"74":0,"77":0,"80":0,"81":0,"82":0,"89":1,"90":24,"93":24,"94":24,"95":24,"98":30,"99":30,"100":30,"101":30,"102":30,"103":30,"104":30,"105":30,"106":30,"107":30,"108":30,"109":30,"110":30,"111":30,"113":24,"114":24,"118":24,"119":1},"branchMap":{"0":{"type":"branch","line":90,"loc":{"start":{"line":90,"column":18},"end":{"line":119,"column":5}},"locations":[{"start":{"line":90,"column":18},"end":{"line":119,"column":5}}]},"1":{"type":"branch","line":96,"loc":{"start":{"line":96,"column":25},"end":{"line":112,"column":79}},"locations":[{"start":{"line":96,"column":25},"end":{"line":112,"column":79}}]}},"b":{"0":[24],"1":[30]},"fnMap":{"0":{"name":"clean","decl":{"start":{"line":12,"column":18},"end":{"line":16,"column":5}},"loc":{"start":{"line":12,"column":18},"end":{"line":16,"column":5}},"line":12},"1":{"name":"prettyString","decl":{"start":{"line":23,"column":19},"end":{"line":41,"column":5}},"loc":{"start":{"line":23,"column":19},"end":{"line":41,"column":5}},"line":23},"2":{"name":"replaceAlternatives","decl":{"start":{"line":48,"column":19},"end":{"line":61,"column":5}},"loc":{"start":{"line":48,"column":19},"end":{"line":61,"column":5}},"line":48},"3":{"name":"cleanupRule","decl":{"start":{"line":70,"column":18},"end":{"line":83,"column":5}},"loc":{"start":{"line":70,"column":18},"end":{"line":83,"column":5}},"line":70},"4":{"name":"toMathML","decl":{"start":{"line":90,"column":18},"end":{"line":119,"column":5}},"loc":{"start":{"line":90,"column":18},"end":{"line":119,"column":5}},"line":90}},"f":{"0":0,"1":0,"2":0,"3":0,"4":24}}
,"/Users/honza/Documents/Programming/natural-deduction-solver/src/lib/solver/Solution.ts": {"path":"/Users/honza/Documents/Programming/natural-deduction-solver/src/lib/solver/Solution.ts","all":false,"statementMap":{"0":{"start":{"line":1,"column":0},"end":{"line":1,"column":61}},"14":{"start":{"line":15,"column":0},"end":{"line":15,"column":23}},"15":{"start":{"line":16,"column":0},"end":{"line":16,"column":22}},"16":{"start":{"line":17,"column":0},"end":{"line":17,"column":38}},"17":{"start":{"line":18,"column":0},"end":{"line":18,"column":61}},"18":{"start":{"line":19,"column":0},"end":{"line":19,"column":31}},"19":{"start":{"line":20,"column":0},"end":{"line":20,"column":30}},"20":{"start":{"line":21,"column":0},"end":{"line":21,"column":35}},"21":{"start":{"line":22,"column":0},"end":{"line":22,"column":56}},"29":{"start":{"line":30,"column":0},"end":{"line":30,"column":62}},"30":{"start":{"line":31,"column":0},"end":{"line":31,"column":25}},"32":{"start":{"line":33,"column":0},"end":{"line":33,"column":25}},"33":{"start":{"line":34,"column":0},"end":{"line":34,"column":41}},"34":{"start":{"line":35,"column":0},"end":{"line":35,"column":9}},"35":{"start":{"line":36,"column":0},"end":{"line":36,"column":5}},"41":{"start":{"line":42,"column":0},"end":{"line":42,"column":24}},"42":{"start":{"line":43,"column":0},"end":{"line":43,"column":30}},"43":{"start":{"line":44,"column":0},"end":{"line":44,"column":5}},"49":{"start":{"line":50,"column":0},"end":{"line":50,"column":33}},"50":{"start":{"line":51,"column":0},"end":{"line":51,"column":75}},"51":{"start":{"line":52,"column":0},"end":{"line":52,"column":5}},"57":{"start":{"line":58,"column":0},"end":{"line":58,"column":36}},"58":{"start":{"line":59,"column":0},"end":{"line":59,"column":61}},"60":{"start":{"line":61,"column":0},"end":{"line":61,"column":55}},"61":{"start":{"line":62,"column":0},"end":{"line":62,"column":5}},"68":{"start":{"line":69,"column":0},"end":{"line":69,"column":70}},"69":{"start":{"line":70,"column":0},"end":{"line":70,"column":25}},"70":{"start":{"line":71,"column":0},"end":{"line":71,"column":29}},"71":{"start":{"line":72,"column":0},"end":{"line":72,"column":49}},"72":{"start":{"line":73,"column":0},"end":{"line":73,"column":57}},"73":{"start":{"line":74,"column":0},"end":{"line":74,"column":14}},"74":{"start":{"line":75,"column":0},"end":{"line":75,"column":5}},"75":{"start":{"line":76,"column":0},"end":{"line":76,"column":1}}},"s":{"0":1,"14":1,"15":4,"16":4,"17":4,"18":4,"19":4,"20":4,"21":4,"29":4,"30":4,"32":4,"33":0,"34":0,"35":4,"41":4,"42":0,"43":0,"49":4,"50":0,"51":0,"57":4,"58":0,"60":0,"61":0,"68":4,"69":0,"70":0,"71":0,"72":0,"73":0,"74":0,"75":4},"branchMap":{"0":{"type":"branch","line":15,"loc":{"start":{"line":15,"column":7},"end":{"line":76,"column":1}},"locations":[{"start":{"line":15,"column":7},"end":{"line":76,"column":1}}]},"1":{"type":"branch","line":30,"loc":{"start":{"line":30,"column":4},"end":{"line":36,"column":5}},"locations":[{"start":{"line":30,"column":4},"end":{"line":36,"column":5}}]},"2":{"type":"branch","line":33,"loc":{"start":{"line":33,"column":24},"end":{"line":35,"column":9}},"locations":[{"start":{"line":33,"column":24},"end":{"line":35,"column":9}}]}},"b":{"0":[4],"1":[4],"2":[0]},"fnMap":{"0":{"name":"<instance_members_initializer>","decl":{"start":{"line":15,"column":7},"end":{"line":76,"column":1}},"loc":{"start":{"line":15,"column":7},"end":{"line":76,"column":1}},"line":15},"1":{"name":"Solution","decl":{"start":{"line":30,"column":4},"end":{"line":36,"column":5}},"loc":{"start":{"line":30,"column":4},"end":{"line":36,"column":5}},"line":30},"2":{"name":"toString","decl":{"start":{"line":42,"column":4},"end":{"line":44,"column":5}},"loc":{"start":{"line":42,"column":4},"end":{"line":44,"column":5}},"line":42},"3":{"name":"get valid","decl":{"start":{"line":50,"column":4},"end":{"line":52,"column":5}},"loc":{"start":{"line":50,"column":4},"end":{"line":52,"column":5}},"line":50},"4":{"name":"get complete","decl":{"start":{"line":58,"column":4},"end":{"line":62,"column":5}},"loc":{"start":{"line":58,"column":4},"end":{"line":62,"column":5}},"line":58},"5":{"name":"compareConclusion","decl":{"start":{"line":69,"column":12},"end":{"line":75,"column":5}},"loc":{"start":{"line":69,"column":12},"end":{"line":75,"column":5}},"line":69}},"f":{"0":4,"1":4,"2":0,"3":0,"4":0,"5":0}}
,"/Users/honza/Documents/Programming/natural-deduction-solver/src/lib/solver/solverLogic.ts": {"path":"/Users/honza/Documents/Programming/natural-deduction-solver/src/lib/solver/solverLogic.ts","all":true,"statementMap":{"0":{"start":{"line":1,"column":0},"end":{"line":1,"column":115}},"22":{"start":{"line":23,"column":0},"end":{"line":23,"column":63}},"23":{"start":{"line":24,"column":0},"end":{"line":24,"column":32}},"24":{"start":{"line":25,"column":0},"end":{"line":25,"column":63}},"25":{"start":{"line":26,"column":0},"end":{"line":26,"column":18}},"26":{"start":{"line":27,"column":0},"end":{"line":27,"column":7}},"27":{"start":{"line":28,"column":0},"end":{"line":28,"column":1}},"33":{"start":{"line":34,"column":0},"end":{"line":34,"column":51}},"34":{"start":{"line":35,"column":0},"end":{"line":35,"column":32}},"35":{"start":{"line":36,"column":0},"end":{"line":36,"column":58}},"36":{"start":{"line":37,"column":0},"end":{"line":37,"column":18}},"37":{"start":{"line":38,"column":0},"end":{"line":38,"column":7}},"38":{"start":{"line":39,"column":0},"end":{"line":39,"column":1}},"40":{"start":{"line":41,"column":0},"end":{"line":41,"column":48}},"41":{"start":{"line":42,"column":0},"end":{"line":42,"column":32}},"42":{"start":{"line":43,"column":0},"end":{"line":43,"column":53}},"43":{"start":{"line":44,"column":0},"end":{"line":44,"column":18}},"44":{"start":{"line":45,"column":0},"end":{"line":45,"column":7}},"45":{"start":{"line":46,"column":0},"end":{"line":46,"column":1}},"52":{"start":{"line":53,"column":0},"end":{"line":53,"column":80}},"54":{"start":{"line":55,"column":0},"end":{"line":55,"column":80}},"57":{"start":{"line":58,"column":0},"end":{"line":58,"column":81}},"60":{"start":{"line":61,"column":0},"end":{"line":61,"column":89}},"61":{"start":{"line":62,"column":0},"end":{"line":62,"column":1}},"69":{"start":{"line":70,"column":0},"end":{"line":70,"column":88}},"71":{"start":{"line":72,"column":0},"end":{"line":72,"column":67}},"74":{"start":{"line":75,"column":0},"end":{"line":75,"column":40}},"77":{"start":{"line":78,"column":0},"end":{"line":78,"column":47}},"78":{"start":{"line":79,"column":0},"end":{"line":79,"column":1}},"86":{"start":{"line":87,"column":0},"end":{"line":87,"column":83}},"88":{"start":{"line":89,"column":0},"end":{"line":89,"column":67}},"91":{"start":{"line":92,"column":0},"end":{"line":92,"column":46}},"94":{"start":{"line":95,"column":0},"end":{"line":95,"column":40}},"95":{"start":{"line":96,"column":0},"end":{"line":96,"column":36}},"96":{"start":{"line":97,"column":0},"end":{"line":97,"column":1}},"104":{"start":{"line":105,"column":0},"end":{"line":105,"column":76}},"105":{"start":{"line":106,"column":0},"end":{"line":106,"column":32}},"106":{"start":{"line":107,"column":0},"end":{"line":107,"column":30}},"107":{"start":{"line":108,"column":0},"end":{"line":108,"column":56}},"108":{"start":{"line":109,"column":0},"end":{"line":109,"column":25}},"109":{"start":{"line":110,"column":0},"end":{"line":110,"column":42}},"110":{"start":{"line":111,"column":0},"end":{"line":111,"column":53}},"111":{"start":{"line":112,"column":0},"end":{"line":112,"column":49}},"112":{"start":{"line":113,"column":0},"end":{"line":113,"column":57}},"113":{"start":{"line":114,"column":0},"end":{"line":114,"column":14}},"115":{"start":{"line":116,"column":0},"end":{"line":116,"column":38}},"116":{"start":{"line":117,"column":0},"end":{"line":117,"column":35}},"117":{"start":{"line":118,"column":0},"end":{"line":118,"column":13}},"118":{"start":{"line":119,"column":0},"end":{"line":119,"column":11}},"119":{"start":{"line":120,"column":0},"end":{"line":120,"column":18}},"120":{"start":{"line":121,"column":0},"end":{"line":121,"column":7}},"121":{"start":{"line":122,"column":0},"end":{"line":122,"column":1}},"128":{"start":{"line":129,"column":0},"end":{"line":129,"column":113}},"129":{"start":{"line":130,"column":0},"end":{"line":130,"column":43}},"130":{"start":{"line":131,"column":0},"end":{"line":131,"column":73}},"131":{"start":{"line":132,"column":0},"end":{"line":132,"column":33}},"133":{"start":{"line":134,"column":0},"end":{"line":134,"column":31}},"134":{"start":{"line":135,"column":0},"end":{"line":135,"column":73}},"135":{"start":{"line":136,"column":0},"end":{"line":136,"column":39}},"136":{"start":{"line":137,"column":0},"end":{"line":137,"column":70}},"137":{"start":{"line":138,"column":0},"end":{"line":138,"column":5}},"139":{"start":{"line":140,"column":0},"end":{"line":140,"column":28}},"140":{"start":{"line":141,"column":0},"end":{"line":141,"column":35}},"141":{"start":{"line":142,"column":0},"end":{"line":142,"column":36}},"143":{"start":{"line":144,"column":0},"end":{"line":144,"column":61}},"144":{"start":{"line":145,"column":0},"end":{"line":145,"column":67}},"145":{"start":{"line":146,"column":0},"end":{"line":146,"column":43}},"147":{"start":{"line":148,"column":0},"end":{"line":148,"column":29}},"148":{"start":{"line":149,"column":0},"end":{"line":149,"column":5}},"150":{"start":{"line":151,"column":0},"end":{"line":151,"column":66}},"151":{"start":{"line":152,"column":0},"end":{"line":152,"column":1}},"158":{"start":{"line":159,"column":0},"end":{"line":159,"column":56}},"159":{"start":{"line":160,"column":0},"end":{"line":160,"column":95}},"160":{"start":{"line":161,"column":0},"end":{"line":161,"column":1}},"165":{"start":{"line":166,"column":0},"end":{"line":166,"column":36}},"166":{"start":{"line":167,"column":0},"end":{"line":167,"column":51}},"167":{"start":{"line":168,"column":0},"end":{"line":168,"column":44}},"169":{"start":{"line":170,"column":0},"end":{"line":170,"column":24}},"170":{"start":{"line":171,"column":0},"end":{"line":171,"column":25}},"171":{"start":{"line":172,"column":0},"end":{"line":172,"column":67}},"172":{"start":{"line":173,"column":0},"end":{"line":173,"column":40}},"173":{"start":{"line":174,"column":0},"end":{"line":174,"column":40}},"174":{"start":{"line":175,"column":0},"end":{"line":175,"column":26}},"175":{"start":{"line":176,"column":0},"end":{"line":176,"column":15}},"176":{"start":{"line":177,"column":0},"end":{"line":177,"column":19}},"177":{"start":{"line":178,"column":0},"end":{"line":178,"column":9}},"179":{"start":{"line":180,"column":0},"end":{"line":180,"column":70}},"180":{"start":{"line":181,"column":0},"end":{"line":181,"column":15}},"181":{"start":{"line":182,"column":0},"end":{"line":182,"column":5}},"183":{"start":{"line":184,"column":0},"end":{"line":184,"column":21}},"184":{"start":{"line":185,"column":0},"end":{"line":185,"column":73}},"185":{"start":{"line":186,"column":0},"end":{"line":186,"column":36}},"186":{"start":{"line":187,"column":0},"end":{"line":187,"column":37}},"187":{"start":{"line":188,"column":0},"end":{"line":188,"column":22}},"188":{"start":{"line":189,"column":0},"end":{"line":189,"column":11}},"189":{"start":{"line":190,"column":0},"end":{"line":190,"column":15}},"190":{"start":{"line":191,"column":0},"end":{"line":191,"column":5}},"193":{"start":{"line":194,"column":0},"end":{"line":194,"column":47}},"194":{"start":{"line":195,"column":0},"end":{"line":195,"column":98}},"195":{"start":{"line":196,"column":0},"end":{"line":196,"column":1}},"200":{"start":{"line":201,"column":0},"end":{"line":201,"column":42}},"201":{"start":{"line":202,"column":0},"end":{"line":202,"column":87}},"202":{"start":{"line":203,"column":0},"end":{"line":203,"column":72}},"203":{"start":{"line":204,"column":0},"end":{"line":204,"column":87}},"205":{"start":{"line":206,"column":0},"end":{"line":206,"column":39}},"206":{"start":{"line":207,"column":0},"end":{"line":207,"column":39}},"207":{"start":{"line":208,"column":0},"end":{"line":208,"column":5}},"208":{"start":{"line":209,"column":0},"end":{"line":209,"column":20}},"209":{"start":{"line":210,"column":0},"end":{"line":210,"column":1}},"216":{"start":{"line":217,"column":0},"end":{"line":217,"column":79}},"217":{"start":{"line":218,"column":0},"end":{"line":218,"column":57}},"218":{"start":{"line":219,"column":0},"end":{"line":219,"column":66}},"220":{"start":{"line":221,"column":0},"end":{"line":221,"column":119}},"221":{"start":{"line":222,"column":0},"end":{"line":222,"column":86}},"223":{"start":{"line":224,"column":0},"end":{"line":224,"column":81}},"224":{"start":{"line":225,"column":0},"end":{"line":225,"column":38}},"225":{"start":{"line":226,"column":0},"end":{"line":226,"column":1}},"231":{"start":{"line":232,"column":0},"end":{"line":232,"column":37}},"233":{"start":{"line":234,"column":0},"end":{"line":234,"column":32}},"234":{"start":{"line":235,"column":0},"end":{"line":235,"column":125}},"235":{"start":{"line":236,"column":0},"end":{"line":236,"column":18}},"236":{"start":{"line":237,"column":0},"end":{"line":237,"column":6}},"239":{"start":{"line":240,"column":0},"end":{"line":240,"column":105}},"240":{"start":{"line":241,"column":0},"end":{"line":241,"column":25}},"241":{"start":{"line":242,"column":0},"end":{"line":242,"column":52}},"242":{"start":{"line":243,"column":0},"end":{"line":243,"column":21}},"243":{"start":{"line":244,"column":0},"end":{"line":244,"column":5}},"245":{"start":{"line":246,"column":0},"end":{"line":246,"column":16}},"246":{"start":{"line":247,"column":0},"end":{"line":247,"column":1}},"252":{"start":{"line":253,"column":0},"end":{"line":253,"column":39}},"253":{"start":{"line":254,"column":0},"end":{"line":254,"column":41}},"255":{"start":{"line":256,"column":0},"end":{"line":256,"column":44}},"256":{"start":{"line":257,"column":0},"end":{"line":257,"column":47}},"258":{"start":{"line":259,"column":0},"end":{"line":259,"column":62}},"259":{"start":{"line":260,"column":0},"end":{"line":260,"column":62}},"260":{"start":{"line":261,"column":0},"end":{"line":261,"column":25}},"261":{"start":{"line":262,"column":0},"end":{"line":262,"column":9}},"263":{"start":{"line":264,"column":0},"end":{"line":264,"column":36}},"264":{"start":{"line":265,"column":0},"end":{"line":265,"column":36}},"265":{"start":{"line":266,"column":0},"end":{"line":266,"column":21}},"266":{"start":{"line":267,"column":0},"end":{"line":267,"column":11}},"268":{"start":{"line":269,"column":0},"end":{"line":269,"column":25}},"269":{"start":{"line":270,"column":0},"end":{"line":270,"column":61}},"270":{"start":{"line":271,"column":0},"end":{"line":271,"column":25}},"271":{"start":{"line":272,"column":0},"end":{"line":272,"column":67}},"272":{"start":{"line":273,"column":0},"end":{"line":273,"column":29}},"273":{"start":{"line":274,"column":0},"end":{"line":274,"column":13}},"275":{"start":{"line":276,"column":0},"end":{"line":276,"column":39}},"276":{"start":{"line":277,"column":0},"end":{"line":277,"column":40}},"277":{"start":{"line":278,"column":0},"end":{"line":278,"column":31}},"278":{"start":{"line":279,"column":0},"end":{"line":279,"column":46}},"279":{"start":{"line":280,"column":0},"end":{"line":280,"column":30}},"280":{"start":{"line":281,"column":0},"end":{"line":281,"column":52}},"281":{"start":{"line":282,"column":0},"end":{"line":282,"column":48}},"282":{"start":{"line":283,"column":0},"end":{"line":283,"column":19}},"283":{"start":{"line":284,"column":0},"end":{"line":284,"column":26}},"284":{"start":{"line":285,"column":0},"end":{"line":285,"column":15}},"285":{"start":{"line":286,"column":0},"end":{"line":286,"column":9}},"287":{"start":{"line":288,"column":0},"end":{"line":288,"column":20}},"288":{"start":{"line":289,"column":0},"end":{"line":289,"column":5}},"290":{"start":{"line":291,"column":0},"end":{"line":291,"column":21}},"292":{"start":{"line":293,"column":0},"end":{"line":293,"column":64}},"293":{"start":{"line":294,"column":0},"end":{"line":294,"column":36}},"294":{"start":{"line":295,"column":0},"end":{"line":295,"column":27}},"295":{"start":{"line":296,"column":0},"end":{"line":296,"column":42}},"296":{"start":{"line":297,"column":0},"end":{"line":297,"column":26}},"297":{"start":{"line":298,"column":0},"end":{"line":298,"column":48}},"298":{"start":{"line":299,"column":0},"end":{"line":299,"column":44}},"299":{"start":{"line":300,"column":0},"end":{"line":300,"column":15}},"300":{"start":{"line":301,"column":0},"end":{"line":301,"column":22}},"301":{"start":{"line":302,"column":0},"end":{"line":302,"column":11}},"302":{"start":{"line":303,"column":0},"end":{"line":303,"column":5}},"304":{"start":{"line":305,"column":0},"end":{"line":305,"column":16}},"305":{"start":{"line":306,"column":0},"end":{"line":306,"column":1}},"311":{"start":{"line":312,"column":0},"end":{"line":312,"column":30}},"312":{"start":{"line":313,"column":0},"end":{"line":313,"column":123}},"313":{"start":{"line":314,"column":0},"end":{"line":314,"column":44}},"314":{"start":{"line":315,"column":0},"end":{"line":315,"column":57}},"315":{"start":{"line":316,"column":0},"end":{"line":316,"column":42}},"316":{"start":{"line":317,"column":0},"end":{"line":317,"column":7}},"317":{"start":{"line":318,"column":0},"end":{"line":318,"column":60}},"318":{"start":{"line":319,"column":0},"end":{"line":319,"column":1}},"323":{"start":{"line":324,"column":0},"end":{"line":324,"column":38}},"324":{"start":{"line":325,"column":0},"end":{"line":325,"column":25}},"325":{"start":{"line":326,"column":0},"end":{"line":326,"column":32}},"326":{"start":{"line":327,"column":0},"end":{"line":327,"column":22}},"327":{"start":{"line":328,"column":0},"end":{"line":328,"column":18}},"328":{"start":{"line":329,"column":0},"end":{"line":329,"column":7}},"329":{"start":{"line":330,"column":0},"end":{"line":330,"column":23}},"330":{"start":{"line":331,"column":0},"end":{"line":331,"column":1}}},"s":{"0":0,"22":0,"23":0,"24":0,"25":0,"26":0,"27":0,"33":0,"34":0,"35":0,"36":0,"37":0,"38":0,"40":0,"41":0,"42":0,"43":0,"44":0,"45":0,"52":0,"54":0,"57":0,"60":0,"61":0,"69":0,"71":0,"74":0,"77":0,"78":0,"86":0,"88":0,"91":0,"94":0,"95":0,"96":0,"104":0,"105":0,"106":0,"107":0,"108":0,"109":0,"110":0,"111":0,"112":0,"113":0,"115":0,"116":0,"117":0,"118":0,"119":0,"120":0,"121":0,"128":0,"129":0,"130":0,"131":0,"133":0,"134":0,"135":0,"136":0,"137":0,"139":0,"140":0,"141":0,"143":0,"144":0,"145":0,"147":0,"148":0,"150":0,"151":0,"158":0,"159":0,"160":0,"165":0,"166":0,"167":0,"169":0,"170":0,"171":0,"172":0,"173":0,"174":0,"175":0,"176":0,"177":0,"179":0,"180":0,"181":0,"183":0,"184":0,"185":0,"186":0,"187":0,"188":0,"189":0,"190":0,"193":0,"194":0,"195":0,"200":0,"201":0,"202":0,"203":0,"205":0,"206":0,"207":0,"208":0,"209":0,"216":0,"217":0,"218":0,"220":0,"221":0,"223":0,"224":0,"225":0,"231":0,"233":0,"234":0,"235":0,"236":0,"239":0,"240":0,"241":0,"242":0,"243":0,"245":0,"246":0,"252":0,"253":0,"255":0,"256":0,"258":0,"259":0,"260":0,"261":0,"263":0,"264":0,"265":0,"266":0,"268":0,"269":0,"270":0,"271":0,"272":0,"273":0,"275":0,"276":0,"277":0,"278":0,"279":0,"280":0,"281":0,"282":0,"283":0,"284":0,"285":0,"287":0,"288":0,"290":0,"292":0,"293":0,"294":0,"295":0,"296":0,"297":0,"298":0,"299":0,"300":0,"301":0,"302":0,"304":0,"305":0,"311":0,"312":0,"313":0,"314":0,"315":0,"316":0,"317":0,"318":0,"323":0,"324":0,"325":0,"326":0,"327":0,"328":0,"329":0,"330":0},"branchMap":{"0":{"type":"branch","line":1,"loc":{"start":{"line":1,"column":0},"end":{"line":331,"column":-82}},"locations":[{"start":{"line":1,"column":0},"end":{"line":331,"column":-82}}]}},"b":{"0":[0]},"fnMap":{"0":{"name":"(empty-report)","decl":{"start":{"line":1,"column":0},"end":{"line":331,"column":-82}},"loc":{"start":{"line":1,"column":0},"end":{"line":331,"column":-82}},"line":1}},"f":{"0":0}}
,"/Users/honza/Documents/Programming/natural-deduction-solver/src/lib/solver/parsers/FormulaParser.ts": {"path":"/Users/honza/Documents/Programming/natural-deduction-solver/src/lib/solver/parsers/FormulaParser.ts","all":true,"statementMap":{"0":{"start":{"line":1,"column":0},"end":{"line":1,"column":66}},"17":{"start":{"line":18,"column":0},"end":{"line":18,"column":28}},"24":{"start":{"line":25,"column":0},"end":{"line":25,"column":99}},"26":{"start":{"line":27,"column":0},"end":{"line":27,"column":53}},"27":{"start":{"line":28,"column":0},"end":{"line":28,"column":40}},"29":{"start":{"line":30,"column":0},"end":{"line":30,"column":35}},"30":{"start":{"line":31,"column":0},"end":{"line":31,"column":23}},"31":{"start":{"line":32,"column":0},"end":{"line":32,"column":23}},"32":{"start":{"line":33,"column":0},"end":{"line":33,"column":43}},"33":{"start":{"line":34,"column":0},"end":{"line":34,"column":27}},"34":{"start":{"line":35,"column":0},"end":{"line":35,"column":9}},"37":{"start":{"line":38,"column":0},"end":{"line":38,"column":29}},"40":{"start":{"line":41,"column":0},"end":{"line":41,"column":49}},"41":{"start":{"line":42,"column":0},"end":{"line":42,"column":50}},"44":{"start":{"line":45,"column":0},"end":{"line":45,"column":48}},"48":{"start":{"line":49,"column":0},"end":{"line":49,"column":30}},"49":{"start":{"line":50,"column":0},"end":{"line":50,"column":23}},"50":{"start":{"line":51,"column":0},"end":{"line":51,"column":9}},"52":{"start":{"line":53,"column":0},"end":{"line":53,"column":30}},"53":{"start":{"line":54,"column":0},"end":{"line":54,"column":45}},"54":{"start":{"line":55,"column":0},"end":{"line":55,"column":23}},"55":{"start":{"line":56,"column":0},"end":{"line":56,"column":9}},"58":{"start":{"line":59,"column":0},"end":{"line":59,"column":30}},"59":{"start":{"line":60,"column":0},"end":{"line":60,"column":42}},"60":{"start":{"line":61,"column":0},"end":{"line":61,"column":38}},"63":{"start":{"line":64,"column":0},"end":{"line":64,"column":38}},"65":{"start":{"line":66,"column":0},"end":{"line":66,"column":46}},"66":{"start":{"line":67,"column":0},"end":{"line":67,"column":57}},"67":{"start":{"line":68,"column":0},"end":{"line":68,"column":41}},"68":{"start":{"line":69,"column":0},"end":{"line":69,"column":59}},"71":{"start":{"line":72,"column":0},"end":{"line":72,"column":54}},"72":{"start":{"line":73,"column":0},"end":{"line":73,"column":48}},"73":{"start":{"line":74,"column":0},"end":{"line":74,"column":23}},"74":{"start":{"line":75,"column":0},"end":{"line":75,"column":9}},"76":{"start":{"line":77,"column":0},"end":{"line":77,"column":63}},"77":{"start":{"line":78,"column":0},"end":{"line":78,"column":48}},"78":{"start":{"line":79,"column":0},"end":{"line":79,"column":23}},"79":{"start":{"line":80,"column":0},"end":{"line":80,"column":9}},"82":{"start":{"line":83,"column":0},"end":{"line":83,"column":62}},"83":{"start":{"line":84,"column":0},"end":{"line":84,"column":49}},"84":{"start":{"line":85,"column":0},"end":{"line":85,"column":49}},"85":{"start":{"line":86,"column":0},"end":{"line":86,"column":9}},"88":{"start":{"line":89,"column":0},"end":{"line":89,"column":49}},"89":{"start":{"line":90,"column":0},"end":{"line":90,"column":48}},"90":{"start":{"line":91,"column":0},"end":{"line":91,"column":23}},"91":{"start":{"line":92,"column":0},"end":{"line":92,"column":9}},"94":{"start":{"line":95,"column":0},"end":{"line":95,"column":25}},"95":{"start":{"line":96,"column":0},"end":{"line":96,"column":26}},"96":{"start":{"line":97,"column":0},"end":{"line":97,"column":52}},"97":{"start":{"line":98,"column":0},"end":{"line":98,"column":20}},"98":{"start":{"line":99,"column":0},"end":{"line":99,"column":57}},"99":{"start":{"line":100,"column":0},"end":{"line":100,"column":9}},"102":{"start":{"line":103,"column":0},"end":{"line":103,"column":26}},"103":{"start":{"line":104,"column":0},"end":{"line":104,"column":46}},"104":{"start":{"line":105,"column":0},"end":{"line":105,"column":51}},"105":{"start":{"line":106,"column":0},"end":{"line":106,"column":104}},"106":{"start":{"line":107,"column":0},"end":{"line":107,"column":16}},"107":{"start":{"line":108,"column":0},"end":{"line":108,"column":36}},"108":{"start":{"line":109,"column":0},"end":{"line":109,"column":26}},"110":{"start":{"line":111,"column":0},"end":{"line":111,"column":53}},"111":{"start":{"line":112,"column":0},"end":{"line":112,"column":20}},"113":{"start":{"line":114,"column":0},"end":{"line":114,"column":83}},"114":{"start":{"line":115,"column":0},"end":{"line":115,"column":13}},"115":{"start":{"line":116,"column":0},"end":{"line":116,"column":66}},"116":{"start":{"line":117,"column":0},"end":{"line":117,"column":9}},"119":{"start":{"line":120,"column":0},"end":{"line":120,"column":32}},"120":{"start":{"line":121,"column":0},"end":{"line":121,"column":65}},"121":{"start":{"line":122,"column":0},"end":{"line":122,"column":19}},"122":{"start":{"line":123,"column":0},"end":{"line":123,"column":5}},"123":{"start":{"line":124,"column":0},"end":{"line":124,"column":1}}},"s":{"0":0,"17":0,"24":0,"26":0,"27":0,"29":0,"30":0,"31":0,"32":0,"33":0,"34":0,"37":0,"40":0,"41":0,"44":0,"48":0,"49":0,"50":0,"52":0,"53":0,"54":0,"55":0,"58":0,"59":0,"60":0,"63":0,"65":0,"66":0,"67":0,"68":0,"71":0,"72":0,"73":0,"74":0,"76":0,"77":0,"78":0,"79":0,"82":0,"83":0,"84":0,"85":0,"88":0,"89":0,"90":0,"91":0,"94":0,"95":0,"96":0,"97":0,"98":0,"99":0,"102":0,"103":0,"104":0,"105":0,"106":0,"107":0,"108":0,"110":0,"111":0,"113":0,"114":0,"115":0,"116":0,"119":0,"120":0,"121":0,"122":0,"123":0},"branchMap":{"0":{"type":"branch","line":1,"loc":{"start":{"line":1,"column":4627},"end":{"line":124,"column":1}},"locations":[{"start":{"line":1,"column":4627},"end":{"line":124,"column":1}}]}},"b":{"0":[0]},"fnMap":{"0":{"name":"(empty-report)","decl":{"start":{"line":1,"column":4627},"end":{"line":124,"column":1}},"loc":{"start":{"line":1,"column":4627},"end":{"line":124,"column":1}},"line":1}},"f":{"0":0}}
,"/Users/honza/Documents/Programming/natural-deduction-solver/src/lib/solver/parsers/PremiseParser.ts": {"path":"/Users/honza/Documents/Programming/natural-deduction-solver/src/lib/solver/parsers/PremiseParser.ts","all":true,"statementMap":{"0":{"start":{"line":1,"column":0},"end":{"line":1,"column":63}},"9":{"start":{"line":10,"column":0},"end":{"line":10,"column":28}},"15":{"start":{"line":16,"column":0},"end":{"line":16,"column":60}},"17":{"start":{"line":18,"column":0},"end":{"line":18,"column":39}},"18":{"start":{"line":19,"column":0},"end":{"line":19,"column":23}},"19":{"start":{"line":20,"column":0},"end":{"line":20,"column":27}},"20":{"start":{"line":21,"column":0},"end":{"line":21,"column":10}},"23":{"start":{"line":24,"column":0},"end":{"line":24,"column":29}},"24":{"start":{"line":25,"column":0},"end":{"line":25,"column":23}},"25":{"start":{"line":26,"column":0},"end":{"line":26,"column":9}},"28":{"start":{"line":29,"column":0},"end":{"line":29,"column":45}},"31":{"start":{"line":32,"column":0},"end":{"line":32,"column":53}},"32":{"start":{"line":33,"column":0},"end":{"line":33,"column":40}},"35":{"start":{"line":36,"column":0},"end":{"line":36,"column":29}},"38":{"start":{"line":39,"column":0},"end":{"line":39,"column":51}},"41":{"start":{"line":42,"column":0},"end":{"line":42,"column":24}},"42":{"start":{"line":43,"column":0},"end":{"line":43,"column":46}},"44":{"start":{"line":45,"column":0},"end":{"line":45,"column":19}},"45":{"start":{"line":46,"column":0},"end":{"line":46,"column":5}},"46":{"start":{"line":47,"column":0},"end":{"line":47,"column":1}}},"s":{"0":0,"9":0,"15":0,"17":0,"18":0,"19":0,"20":0,"23":0,"24":0,"25":0,"28":0,"31":0,"32":0,"35":0,"38":0,"41":0,"42":0,"44":0,"45":0,"46":0},"branchMap":{"0":{"type":"branch","line":1,"loc":{"start":{"line":1,"column":1329},"end":{"line":47,"column":1}},"locations":[{"start":{"line":1,"column":1329},"end":{"line":47,"column":1}}]}},"b":{"0":[0]},"fnMap":{"0":{"name":"(empty-report)","decl":{"start":{"line":1,"column":1329},"end":{"line":47,"column":1}},"loc":{"start":{"line":1,"column":1329},"end":{"line":47,"column":1}},"line":1}},"f":{"0":0}}
,"/Users/honza/Documents/Programming/natural-deduction-solver/src/lib/solver/parsers/TheoremParser.ts": {"path":"/Users/honza/Documents/Programming/natural-deduction-solver/src/lib/solver/parsers/TheoremParser.ts","all":true,"statementMap":{"0":{"start":{"line":1,"column":0},"end":{"line":1,"column":0}},"14":{"start":{"line":15,"column":0},"end":{"line":15,"column":28}},"20":{"start":{"line":21,"column":0},"end":{"line":21,"column":66}},"21":{"start":{"line":22,"column":0},"end":{"line":22,"column":44}},"22":{"start":{"line":23,"column":0},"end":{"line":23,"column":33}},"23":{"start":{"line":24,"column":0},"end":{"line":24,"column":34}},"24":{"start":{"line":25,"column":0},"end":{"line":25,"column":102}},"25":{"start":{"line":26,"column":0},"end":{"line":26,"column":73}},"26":{"start":{"line":27,"column":0},"end":{"line":27,"column":37}},"27":{"start":{"line":28,"column":0},"end":{"line":28,"column":116}},"28":{"start":{"line":29,"column":0},"end":{"line":29,"column":68}},"29":{"start":{"line":30,"column":0},"end":{"line":30,"column":9}},"31":{"start":{"line":32,"column":0},"end":{"line":32,"column":24}},"32":{"start":{"line":33,"column":0},"end":{"line":33,"column":5}},"33":{"start":{"line":34,"column":0},"end":{"line":34,"column":1}}},"s":{"0":0,"14":0,"20":0,"21":0,"22":0,"23":0,"24":0,"25":0,"26":0,"27":0,"28":0,"29":0,"31":0,"32":0,"33":0},"branchMap":{"0":{"type":"branch","line":1,"loc":{"start":{"line":1,"column":1571},"end":{"line":34,"column":1}},"locations":[{"start":{"line":1,"column":1571},"end":{"line":34,"column":1}}]}},"b":{"0":[0]},"fnMap":{"0":{"name":"(empty-report)","decl":{"start":{"line":1,"column":1571},"end":{"line":34,"column":1}},"loc":{"start":{"line":1,"column":1571},"end":{"line":34,"column":1}},"line":1}},"f":{"0":0}}
,"/Users/honza/Documents/Programming/natural-deduction-solver/src/lib/syntax-checker/Node.ts": {"path":"/Users/honza/Documents/Programming/natural-deduction-solver/src/lib/syntax-checker/Node.ts","all":false,"statementMap":{"0":{"start":{"line":1,"column":0},"end":{"line":1,"column":74}},"12":{"start":{"line":13,"column":0},"end":{"line":13,"column":19}},"13":{"start":{"line":14,"column":0},"end":{"line":14,"column":19}},"14":{"start":{"line":15,"column":0},"end":{"line":15,"column":30}},"15":{"start":{"line":16,"column":0},"end":{"line":16,"column":26}},"35":{"start":{"line":36,"column":0},"end":{"line":36,"column":87}},"36":{"start":{"line":37,"column":0},"end":{"line":37,"column":25}},"37":{"start":{"line":38,"column":0},"end":{"line":38,"column":27}},"38":{"start":{"line":39,"column":0},"end":{"line":39,"column":33}},"39":{"start":{"line":40,"column":0},"end":{"line":40,"column":5}},"45":{"start":{"line":46,"column":0},"end":{"line":46,"column":35}},"46":{"start":{"line":47,"column":0},"end":{"line":47,"column":33}},"47":{"start":{"line":48,"column":0},"end":{"line":48,"column":5}},"53":{"start":{"line":54,"column":0},"end":{"line":54,"column":27}},"54":{"start":{"line":55,"column":0},"end":{"line":55,"column":34}},"55":{"start":{"line":56,"column":0},"end":{"line":56,"column":5}},"63":{"start":{"line":64,"column":0},"end":{"line":64,"column":70}},"64":{"start":{"line":65,"column":0},"end":{"line":65,"column":68}},"66":{"start":{"line":67,"column":0},"end":{"line":67,"column":59}},"67":{"start":{"line":68,"column":0},"end":{"line":68,"column":37}},"69":{"start":{"line":70,"column":0},"end":{"line":70,"column":56}},"70":{"start":{"line":71,"column":0},"end":{"line":71,"column":89}},"71":{"start":{"line":72,"column":0},"end":{"line":72,"column":9}},"72":{"start":{"line":73,"column":0},"end":{"line":73,"column":5}},"77":{"start":{"line":78,"column":0},"end":{"line":78,"column":13}},"78":{"start":{"line":79,"column":0},"end":{"line":79,"column":43}},"79":{"start":{"
[...]
:15},"end":{"line":329,"column":5}}]},"58":{"type":"branch","line":329,"loc":{"start":{"line":329,"column":4},"end":{"line":332,"column":40}},"locations":[{"start":{"line":329,"column":4},"end":{"line":332,"column":40}}]},"59":{"type":"branch","line":332,"loc":{"start":{"line":332,"column":40},"end":{"line":342,"column":5}},"locations":[{"start":{"line":332,"column":40},"end":{"line":342,"column":5}}]},"60":{"type":"branch","line":334,"loc":{"start":{"line":334,"column":21},"end":{"line":340,"column":7}},"locations":[{"start":{"line":334,"column":21},"end":{"line":340,"column":7}}]},"61":{"type":"branch","line":342,"loc":{"start":{"line":342,"column":4},"end":{"line":344,"column":16}},"locations":[{"start":{"line":342,"column":4},"end":{"line":344,"column":16}}]},"62":{"type":"branch","line":352,"loc":{"start":{"line":352,"column":10},"end":{"line":361,"column":3}},"locations":[{"start":{"line":352,"column":10},"end":{"line":361,"column":3}}]},"63":{"type":"branch","line":355,"loc":{"start":{"line":355,"column":8},"end":{"line":355,"column":39}},"locations":[{"start":{"line":355,"column":8},"end":{"line":355,"column":39}}]},"64":{"type":"branch","line":355,"loc":{"start":{"line":355,"column":39},"end":{"line":358,"column":5}},"locations":[{"start":{"line":355,"column":39},"end":{"line":358,"column":5}}]},"65":{"type":"branch","line":358,"loc":{"start":{"line":358,"column":4},"end":{"line":360,"column":16}},"locations":[{"start":{"line":358,"column":4},"end":{"line":360,"column":16}}]},"66":{"type":"branch","line":368,"loc":{"start":{"line":368,"column":10},"end":{"line":373,"column":3}},"locations":[{"start":{"line":368,"column":10},"end":{"line":373,"column":3}}]},"67":{"type":"branch","line":370,"loc":{"start":{"line":370,"column":16},"end":{"line":370,"column":25}},"locations":[{"start":{"line":370,"column":16},"end":{"line":370,"column":25}}]},"68":{"type":"branch","line":372,"loc":{"start":{"line":372,"column":27},"end":{"line":372,"column":36}},"locations":[{"start":{"line":372,"column":27},"end":{"line":372,"column":36}}]},"69":{"type":"branch","line":372,"loc":{"start":{"line":372,"column":32},"end":{"line":372,"column":56}},"locations":[{"start":{"line":372,"column":32},"end":{"line":372,"column":56}}]},"70":{"type":"branch","line":372,"loc":{"start":{"line":372,"column":52},"end":{"line":372,"column":58}},"locations":[{"start":{"line":372,"column":52},"end":{"line":372,"column":58}}]}},"b":{"0":[21],"1":[21],"2":[21],"3":[3],"4":[18],"5":[56],"6":[14],"7":[42],"8":[31],"9":[8],"10":[42],"11":[56],"12":[3],"13":[53],"14":[15],"15":[3],"16":[3],"17":[1],"18":[2],"19":[1],"20":[12],"21":[1],"22":[11],"23":[38],"24":[21],"25":[8],"26":[8],"27":[1],"28":[7],"29":[1],"30":[6],"31":[13],"32":[1],"33":[12],"34":[17],"35":[5],"36":[5],"37":[1],"38":[4],"39":[1],"40":[3],"41":[12],"42":[2],"43":[1],"44":[10],"45":[6],"46":[1],"47":[5],"48":[4],"49":[2],"50":[1],"51":[8],"52":[0],"53":[1],"54":[7],"55":[0],"56":[11],"57":[2],"58":[9],"59":[2],"60":[0],"61":[9],"62":[5],"63":[4],"64":[4],"65":[1],"66":[31],"67":[0],"68":[23],"69":[8],"70":[23]},"fnMap":{"0":{"name":"<instance_members_initializer>","decl":{"start":{"line":46,"column":7},"end":{"line":374,"column":1}},"loc":{"start":{"line":46,"column":7},"end":{"line":374,"column":1}},"line":46},"1":{"name":"PrattParser","decl":{"start":{"line":55,"column":2},"end":{"line":57,"column":3}},"loc":{"start":{"line":55,"column":2},"end":{"line":57,"column":3}},"line":55},"2":{"name":"parse","decl":{"start":{"line":64,"column":2},"end":{"line":78,"column":3}},"loc":{"start":{"line":64,"column":2},"end":{"line":78,"column":3}},"line":64},"3":{"name":"parseExpression","decl":{"start":{"line":86,"column":10},"end":{"line":98,"column":3}},"loc":{"start":{"line":86,"column":10},"end":{"line":98,"column":3}},"line":86},"4":{"name":"parseToken","decl":{"start":{"line":105,"column":10},"end":{"line":277,"column":3}},"loc":{"start":{"line":105,"column":10},"end":{"line":277,"column":3}},"line":105},"5":{"name":"parseLed","decl":{"start":{"line":286,"column":10},"end":{"line":311,"column":3}},"loc":{"start":{"line":286,"column":10},"end":{"line":311,"column":3}},"line":286},"6":{"name":"parseTermList","decl":{"start":{"line":318,"column":10},"end":{"line":345,"column":3}},"loc":{"start":{"line":318,"column":10},"end":{"line":345,"column":3}},"line":318},"7":{"name":"parseVariable","decl":{"start":{"line":352,"column":10},"end":{"line":361,"column":3}},"loc":{"start":{"line":352,"column":10},"end":{"line":361,"column":3}},"line":352},"8":{"name":"getPrecedence","decl":{"start":{"line":368,"column":10},"end":{"line":373,"column":3}},"loc":{"start":{"line":368,"column":10},"end":{"line":373,"column":3}},"line":368}},"f":{"0":21,"1":21,"2":21,"3":56,"4":56,"5":8,"6":11,"7":5,"8":31}}
,"/Users/honza/Documents/Programming/natural-deduction-solver/src/lib/syntax-checker/TokenStream.ts": {"path":"/Users/honza/Documents/Programming/natural-deduction-solver/src/lib/syntax-checker/TokenStream.ts","all":false,"statementMap":{"5":{"start":{"line":6,"column":0},"end":{"line":6,"column":26}},"6":{"start":{"line":7,"column":0},"end":{"line":7,"column":38}},"7":{"start":{"line":8,"column":0},"end":{"line":8,"column":26}},"14":{"start":{"line":15,"column":0},"end":{"line":15,"column":32}},"15":{"start":{"line":16,"column":0},"end":{"line":16,"column":75}},"16":{"start":{"line":17,"column":0},"end":{"line":17,"column":23}},"17":{"start":{"line":18,"column":0},"end":{"line":18,"column":5}},"23":{"start":{"line":24,"column":0},"end":{"line":24,"column":30}},"24":{"start":{"line":25,"column":0},"end":{"line":25,"column":80}},"25":{"start":{"line":26,"column":0},"end":{"line":26,"column":5}},"33":{"start":{"line":34,"column":0},"end":{"line":34,"column":35}},"34":{"start":{"line":35,"column":0},"end":{"line":35,"column":39}},"35":{"start":{"line":36,"column":0},"end":{"line":36,"column":27}},"36":{"start":{"line":37,"column":0},"end":{"line":37,"column":24}},"37":{"start":{"line":38,"column":0},"end":{"line":38,"column":9}},"38":{"start":{"line":39,"column":0},"end":{"line":39,"column":21}},"39":{"start":{"line":40,"column":0},"end":{"line":40,"column":5}},"44":{"start":{"line":45,"column":0},"end":{"line":45,"column":21}},"45":{"start":{"line":46,"column":0},"end":{"line":46,"column":21}},"46":{"start":{"line":47,"column":0},"end":{"line":47,"column":5}},"52":{"start":{"line":53,"column":0},"end":{"line":53,"column":24}},"53":{"start":{"line":54,"column":0},"end":{"line":54,"column":48}},"54":{"start":{"line":55,"column":0},"end":{"line":55,"column":5}},"60":{"start":{"line":61,"column":0},"end":{"line":61,"column":20}},"61":{"start":{"line":62,"column":0},"end":{"line":62,"column":26}},"62":{"start":{"line":63,"column":0},"end":{"line":63,"column":5}},"68":{"start":{"line":69,"column":0},"end":{"line":69,"column":39}},"69":{"start":{"line":70,"column":0},"end":{"line":70,"column":32}},"70":{"start":{"line":71,"column":0},"end":{"line":71,"column":5}},"71":{"start":{"line":72,"column":0},"end":{"line":72,"column":1}}},"s":{"5":1,"6":21,"7":21,"14":21,"15":21,"16":21,"17":21,"23":21,"24":166,"25":166,"33":21,"34":66,"35":28,"36":28,"37":28,"38":38,"39":66,"44":21,"45":96,"46":96,"52":21,"53":71,"54":71,"60":21,"61":56,"62":56,"68":21,"69":2,"70":2,"71":21},"branchMap":{"0":{"type":"branch","line":6,"loc":{"start":{"line":6,"column":7},"end":{"line":72,"column":1}},"locations":[{"start":{"line":6,"column":7},"end":{"line":72,"column":1}}]},"1":{"type":"branch","line":15,"loc":{"start":{"line":15,"column":4},"end":{"line":18,"column":5}},"locations":[{"start":{"line":15,"column":4},"end":{"line":18,"column":5}}]},"2":{"type":"branch","line":16,"loc":{"start":{"line":16,"column":48},"end":{"line":16,"column":73}},"locations":[{"start":{"line":16,"column":48},"end":{"line":16,"column":73}}]},"3":{"type":"branch","line":24,"loc":{"start":{"line":24,"column":4},"end":{"line":26,"column":5}},"locations":[{"start":{"line":24,"column":4},"end":{"line":26,"column":5}}]},"4":{"type":"branch","line":25,"loc":{"start":{"line":25,"column":40},"end":{"line":25,"column":75}},"locations":[{"start":{"line":25,"column":40},"end":{"line":25,"column":75}}]},"5":{"type":"branch","line":25,"loc":{"start":{"line":25,"column":71},"end":{"line":25,"column":80}},"locations":[{"start":{"line":25,"column":71},"end":{"line":25,"column":80}}]},"6":{"type":"branch","line":34,"loc":{"start":{"line":34,"column":4},"end":{"line":40,"column":5}},"locations":[{"start":{"line":34,"column":4},"end":{"line":40,"column":5}}]},"7":{"type":"branch","line":35,"loc":{"start":{"line":35,"column":38},"end":{"line":38,"column":9}},"locations":[{"start":{"line":35,"column":38},"end":{"line":38,"column":9}}]},"8":{"type":"branch","line":38,"loc":{"start":{"line":38,"column":8},"end":{"line":39,"column":21}},"locations":[{"start":{"line":38,"column":8},"end":{"line":39,"column":21}}]},"9":{"type":"branch","line":45,"loc":{"start":{"line":45,"column":4},"end":{"line":47,"column":5}},"locations":[{"start":{"line":45,"column":4},"end":{"line":47,"column":5}}]},"10":{"type":"branch","line":53,"loc":{"start":{"line":53,"column":4},"end":{"line":55,"column":5}},"locations":[{"start":{"line":53,"column":4},"end":{"line":55,"column":5}}]},"11":{"type":"branch","line":61,"loc":{"start":{"line":61,"column":4},"end":{"line":63,"column":5}},"locations":[{"start":{"line":61,"column":4},"end":{"line":63,"column":5}}]},"12":{"type":"branch","line":69,"loc":{"start":{"line":69,"column":4},"end":{"line":71,"column":5}},"locations":[{"start":{"line":69,"column":4},"end":{"line":71,"column":5}}]}},"b":{"0":[21],"1":[21],"2":[100],"3":[166],"4":[151],"5":[15],"6":[66],"7":[28],"8":[38],"9":[96],"10":[71],"11":[56],"12":[2]},"fnMap":{"0":{"name":"<instance_members_initializer>","decl":{"start":{"line":6,"column":7},"end":{"line":72,"column":1}},"loc":{"start":{"line":6,"column":7},"end":{"line":72,"column":1}},"line":6},"1":{"name":"TokenStream","decl":{"start":{"line":15,"column":4},"end":{"line":18,"column":5}},"loc":{"start":{"line":15,"column":4},"end":{"line":18,"column":5}},"line":15},"2":{"name":"current","decl":{"start":{"line":24,"column":4},"end":{"line":26,"column":5}},"loc":{"start":{"line":24,"column":4},"end":{"line":26,"column":5}},"line":24},"3":{"name":"match","decl":{"start":{"line":34,"column":4},"end":{"line":40,"column":5}},"loc":{"start":{"line":34,"column":4},"end":{"line":40,"column":5}},"line":34},"4":{"name":"advance","decl":{"start":{"line":45,"column":4},"end":{"line":47,"column":5}},"loc":{"start":{"line":45,"column":4},"end":{"line":47,"column":5}},"line":45},"5":{"name":"isAtEnd","decl":{"start":{"line":53,"column":4},"end":{"line":55,"column":5}},"loc":{"start":{"line":53,"column":4},"end":{"line":55,"column":5}},"line":53},"6":{"name":"save","decl":{"start":{"line":61,"column":4},"end":{"line":63,"column":5}},"loc":{"start":{"line":61,"column":4},"end":{"line":63,"column":5}},"line":61},"7":{"name":"restore","decl":{"start":{"line":69,"column":4},"end":{"line":71,"column":5}},"loc":{"start":{"line":69,"column":4},"end":{"line":71,"column":5}},"line":69}},"f":{"0":21,"1":21,"2":166,"3":66,"4":96,"5":71,"6":56,"7":2}}
,"/Users/honza/Documents/Programming/natural-deduction-solver/src/prolog/PrologController.ts": {"path":"/Users/honza/Documents/Programming/natural-deduction-solver/src/prolog/PrologController.ts","all":false,"statementMap":{"0":{"start":{"line":1,"column":0},"end":{"line":1,"column":53}},"12":{"start":{"line":13,"column":0},"end":{"line":13,"column":31}},"13":{"start":{"line":14,"column":0},"end":{"line":14,"column":53}},"19":{"start":{"line":20,"column":0},"end":{"line":20,"column":58}},"20":{"start":{"line":21,"column":0},"end":{"line":21,"column":39}},"21":{"start":{"line":22,"column":0},"end":{"line":22,"column":51}},"22":{"start":{"line":23,"column":0},"end":{"line":23,"column":40}},"23":{"start":{"line":24,"column":0},"end":{"line":24,"column":15}},"25":{"start":{"line":26,"column":0},"end":{"line":26,"column":64}},"26":{"start":{"line":27,"column":0},"end":{"line":27,"column":72}},"27":{"start":{"line":28,"column":0},"end":{"line":28,"column":9}},"29":{"start":{"line":30,"column":0},"end":{"line":30,"column":39}},"30":{"start":{"line":31,"column":0},"end":{"line":31,"column":5}},"37":{"start":{"line":38,"column":0},"end":{"line":38,"column":65}},"38":{"start":{"line":39,"column":0},"end":{"line":39,"column":59}},"39":{"start":{"line":40,"column":0},"end":{"line":40,"column":56}},"40":{"start":{"line":41,"column":0},"end":{"line":41,"column":5}},"46":{"start":{"line":47,"column":0},"end":{"line":47,"column":75}},"47":{"start":{"line":48,"column":0},"end":{"line":48,"column":59}},"48":{"start":{"line":49,"column":0},"end":{"line":49,"column":68}},"49":{"start":{"line":50,"column":0},"end":{"line":50,"column":5}},"55":{"start":{"line":56,"column":0},"end":{"line":56,"column":64}},"56":{"start":{"line":57,"column":0},"end":{"line":57,"column":64}},"57":{"start":{"line":58,"column":0},"end":{"line":58,"column":71}},"59":{"start":{"line":60,"column":0},"end":{"line":60,"column":46}},"60":{"start":{"line":61,"column":0},"end":{"line":61,"column":72}},"62":{"start":{"line":63,"column":0},"end":{"line":63,"column":24}},"63":{"start":{"line":64,"column":0},"end":{"line":64,"column":28}},"64":{"start":{"line":65,"column":0},"end":{"line":65,"column":100}},"65":{"start":{"line":66,"column":0},"end":{"line":66,"column":17}},"66":{"start":{"line":67,"column":0},"end":{"line":67,"column":13}},"67":{"start":{"line":68,"column":0},"end":{"line":68,"column":9}},"69":{"start":{"line":70,"column":0},"end":{"line":70,"column":55}},"70":{"start":{"line":71,"column":0},"end":{"line":71,"column":5}},"71":{"start":{"line":72,"column":0},"end":{"line":72,"column":1}}},"s":{"0":1,"12":1,"13":1,"19":1,"20":25,"21":1,"22":1,"23":1,"25":1,"26":1,"27":1,"29":25,"30":25,"37":1,"38":2,"39":2,"40":2,"46":1,"47":11,"48":11,"49":11,"55":1,"56":26,"57":7,"59":7,"60":7,"62":7,"63":7,"64":7,"65":7,"66":7,"67":7,"69":19,"70":26,"71":1},"branchMap":{"0":{"type":"branch","line":14,"loc":{"start":{"line":14,"column":4},"end":{"line":14,"column":53}},"locations":[{"start":{"line":14,"column":4},"end":{"line":14,"column":53}}]},"1":{"type":"branch","line":20,"loc":{"start":{"line":20,"column":4},"end":{"line":31,"column":5}},"locations":[{"start":{"line":20,"column":4},"end":{"line":31,"column":5}}]},"2":{"type":"branch","line":21,"loc":{"start":{"line":21,"column":38},"end":{"line":28,"column":9}},"locations":[{"start":{"line":21,"column":38},"end":{"line":28,"column":9}}]},"3":{"type":"branch","line":38,"loc":{"start":{"line":38,"column":4},"end":{"line":41,"column":5}},"locations":[{"start":{"line":38,"column":4},"end":{"line":41,"column":5}}]},"4":{"type":"branch","line":47,"loc":{"start":{"line":47,"column":4},"end":{"line":50,"column":5}},"locations":[{"start":{"line":47,"column":4},"end":{"line":50,"column":5}}]},"5":{"type":"branch","line":56,"loc":{"start":{"line":56,"column":18},"end":{"line":71,"column":5}},"locations":[{"start":{"line":56,"column":18},"end":{"line":71,"column":5}}]},"6":{"type":"branch","line":57,"loc":{"start":{"line":57,"column":32},"end":{"line":57,"column":63}},"locations":[{"start":{"line":57,"column":32},"end":{"line":57,"column":63}}]},"7":{"type":"branch","line":57,"loc":{"start":{"line":57,"column":63},"end":{"line":68,"column":9}},"locations":[{"start":{"line":57,"column":63},"end":{"line":68,"column":9}}]},"8":{"type":"branch","line":65,"loc":{"start":{"line":65,"column":93},"end":{"line":65,"column":100}},"locations":[{"start":{"line":65,"column":93},"end":{"line":65,"column":100}}]},"9":{"type":"branch","line":68,"loc":{"start":{"line":68,"column":8},"end":{"line":70,"column":55}},"locations":[{"start":{"line":68,"column":8},"end":{"line":70,"column":55}}]}},"b":{"0":[1],"1":[25],"2":[1],"3":[2],"4":[11],"5":[26],"6":[7],"7":[7],"8":[0],"9":[19]},"fnMap":{"0":{"name":"<static_initializer>","decl":{"start":{"line":14,"column":4},"end":{"line":14,"column":53}},"loc":{"start":{"line":14,"column":4},"end":{"line":14,"column":53}},"line":14},"1":{"name":"instance","decl":{"start":{"line":20,"column":4},"end":{"line":31,"column":5}},"loc":{"start":{"line":20,"column":4},"end":{"line":31,"column":5}},"line":20},"2":{"name":"loadString","decl":{"start":{"line":38,"column":4},"end":{"line":41,"column":5}},"loc":{"start":{"line":38,"column":4},"end":{"line":41,"column":5}},"line":38},"3":{"name":"query","decl":{"start":{"line":47,"column":4},"end":{"line":50,"column":5}},"loc":{"start":{"line":47,"column":4},"end":{"line":50,"column":5}},"line":47},"4":{"name":"parsePrologCompound","decl":{"start":{"line":56,"column":18},"end":{"line":71,"column":5}},"loc":{"start":{"line":56,"column":18},"end":{"line":71,"column":5}},"line":56}},"f":{"0":1,"1":25,"2":2,"3":11,"4":26}}
,"/Users/honza/Documents/Programming/natural-deduction-solver/src/prolog/PrologQueryWrapper.ts": {"path":"/Users/honza/Documents/Programming/natural-deduction-solver/src/prolog/PrologQueryWrapper.ts","all":false,"statementMap":{"6":{"start":{"line":7,"column":0},"end":{"line":7,"column":33}},"7":{"start":{"line":8,"column":0},"end":{"line":8,"column":34}},"14":{"start":{"line":15,"column":0},"end":{"line":15,"column":31}},"15":{"start":{"line":16,"column":0},"end":{"line":16,"column":27}},"16":{"start":{"line":17,"column":0},"end":{"line":17,"column":5}},"21":{"start":{"line":22,"column":0},"end":{"line":22,"column":18}},"22":{"start":{"line":23,"column":0},"end":{"line":23,"column":27}},"23":{"start":{"line":24,"column":0},"end":{"line":24,"column":35}},"24":{"start":{"line":25,"column":0},"end":{"line":25,"column":28}},"25":{"start":{"line":26,"column":0},"end":{"line":26,"column":9}},"27":{"start":{"line":28,"column":0},"end":{"line":28,"column":23}},"28":{"start":{"line":29,"column":0},"end":{"line":29,"column":5}},"33":{"start":{"line":34,"column":0},"end":{"line":34,"column":17}},"34":{"start":{"line":35,"column":0},"end":{"line":35,"column":33}},"35":{"start":{"line":36,"column":0},"end":{"line":36,"column":5}},"36":{"start":{"line":37,"column":0},"end":{"line":37,"column":1}}},"s":{"6":1,"7":11,"14":11,"15":11,"16":11,"21":11,"22":10,"23":10,"24":14,"25":14,"27":10,"28":10,"33":11,"34":1,"35":1,"36":11},"branchMap":{"0":{"type":"branch","line":7,"loc":{"start":{"line":7,"column":7},"end":{"line":37,"column":1}},"locations":[{"start":{"line":7,"column":7},"end":{"line":37,"column":1}}]},"1":{"type":"branch","line":15,"loc":{"start":{"line":15,"column":4},"end":{"line":17,"column":5}},"locations":[{"start":{"line":15,"column":4},"end":{"line":17,"column":5}}]},"2":{"type":"branch","line":22,"loc":{"start":{"line":22,"column":4},"end":{"line":29,"column":5}},"locations":[{"start":{"line":22,"column":4},"end":{"line":29,"column":5}}]},"3":{"type":"branch","line":24,"loc":{"start":{"line":24,"column":34},"end":{"line":26,"column":9}},"locations":[{"start":{"line":24,"column":34},"end":{"line":26,"column":9}}]},"4":{"type":"branch","line":34,"loc":{"start":{"line":34,"column":4},"end":{"line":36,"column":5}},"locations":[{"start":{"line":34,"column":4},"end":{"line":36,"column":5}}]}},"b":{"0":[11],"1":[11],"2":[10],"3":[14],"4":[1]},"fnMap":{"0":{"name":"<instance_members_initializer>","decl":{"start":{"line":7,"column":7},"end":{"line":37,"column":1}},"loc":{"start":{"line":7,"column":7},"end":{"line":37,"column":1}},"line":7},"1":{"name":"PrologQueryWrapper","decl":{"start":{"line":15,"column":4},"end":{"line":17,"column":5}},"loc":{"start":{"line":15,"column":4},"end":{"line":17,"column":5}},"line":15},"2":{"name":"all","decl":{"start":{"line":22,"column":4},"end":{"line":29,"column":5}},"loc":{"start":{"line":22,"column":4},"end":{"line":29,"column":5}},"line":22},"3":{"name":"once","decl":{"start":{"line":34,"column":4},"end":{"line":36,"column":5}},"loc":{"start":{"line":34,"column":4},"end":{"line":36,"column":5}},"line":34}},"f":{"0":11,"1":11,"2":10,"3":1}}
}
